#
# A fatal error has been detected by the Java Runtime Environment:
#
#  EXCEPTION_ACCESS_VIOLATION (0xc0000005) at pc=0x00007ffed95becda, pid=18520, tid=42180
#
# JRE version: OpenJDK Runtime Environment Corretto-21.0.4.7.1 (21.0.4+7) (build 21.0.4+7-LTS)
# Java VM: OpenJDK 64-Bit Server VM Corretto-21.0.4.7.1 (21.0.4+7-LTS, mixed mode, sharing, tiered, compressed oops, compressed class ptrs, g1 gc, windows-amd64)
# Problematic frame:
# C  [lwjgl_opengl.dll+0xecda]
#
# No core dump will be written. Minidumps are not enabled by default on client versions of Windows
#
# If you would like to submit a bug report, please visit:
#   https://github.com/corretto/corretto-21/issues/
# The crash happened outside the Java Virtual Machine in native code.
# See problematic frame for where to report the bug.
#

---------------  S U M M A R Y ------------

Command Line: --add-exports=java.base/java.lang=ALL-UNNAMED --add-exports=java.desktop/sun.awt=ALL-UNNAMED --add-exports=java.desktop/sun.java2d=ALL-UNNAMED -javaagent:C:\Program Files\JetBrains\IntelliJ IDEA Community Edition 2024.2.1\lib\idea_rt.jar=60910:C:\Program Files\JetBrains\IntelliJ IDEA Community Edition 2024.2.1\bin -Dfile.encoding=UTF-8 -Dsun.stdout.encoding=UTF-8 -Dsun.stderr.encoding=UTF-8 uk.co.jamesj999.sonic.Engine

Host: AMD Ryzen 9 9950X 16-Core Processor            , 32 cores, 31G,  Windows 11 , 64 bit Build 26100 (10.0.26100.1882)
Time: Thu Oct 24 16:32:52 2024 GMT Summer Time elapsed time: 0.330866 seconds (0d 0h 0m 0s)

---------------  T H R E A D  ---------------

Current thread (0x0000022564ef37a0):  JavaThread "main"             [_thread_in_native, id=42180, stack(0x00000096b5f00000,0x00000096b6000000) (1024K)]

Stack: [0x00000096b5f00000,0x00000096b6000000],  sp=0x00000096b5fff218,  free space=1020k
Native frames: (J=compiled Java code, j=interpreted, Vv=VM code, C=native code)
C  [lwjgl_opengl.dll+0xecda]

Java frames: (J=compiled Java code, j=interpreted, Vv=VM code)
j  org.lwjgl.opengl.GL15C.nglGenBuffers(IJ)V+0
j  org.lwjgl.opengl.GL15C.glGenBuffers()I+20
j  org.lwjgl.opengl.GL15.glGenBuffers()I+0
j  uk.co.jamesj999.sonic.Engine.initWindow()V+296
j  uk.co.jamesj999.sonic.Engine.run()V+1
j  uk.co.jamesj999.sonic.Engine.main([Ljava/lang/String;)V+7
v  ~StubRoutines::call_stub 0x00000225765410e7

siginfo: EXCEPTION_ACCESS_VIOLATION (0xc0000005), reading address 0x0000000000000d98


Registers:
RAX=0x0000000000000000, RBX=0x000002254f579268, RCX=0x0000022564ef3b58, RDX=0x000002255336c67c
RSP=0x00000096b5fff218, RBP=0x00000096b5fff2a8, RSI=0x000002254f1dae60, RDI=0x0000000000000001
R8 =0x0000000000000001, R9 =0x000002255336c67c, R10=0x000002257654cf1c, R11=0x000000062ccf7338
R12=0x0000000000000000, R13=0x000002254f579268, R14=0x00000096b5fff2d8, R15=0x0000022564ef37a0
RIP=0x00007ffed95becda, EFLAGS=0x0000000000010202


Register to memory mapping:

RAX=0x0 is null
RBX={method} {0x000002254f579270} 'nglGenBuffers' '(IJ)V' in 'org/lwjgl/opengl/GL15C'
RCX=0x0000022564ef3b58 points into unknown readable memory: 0x00000225531e4e10 | 10 4e 1e 53 25 02 00 00
RDX=0x000002255336c67c points into unknown readable memory: 00 00 00 00
RSP=0x00000096b5fff218 is pointing into the stack for thread: 0x0000022564ef37a0
RBP=0x00000096b5fff2a8 is pointing into the stack for thread: 0x0000022564ef37a0
RSI=0x000002254f1dae60 is pointing into metadata
RDI=0x0000000000000001 is an unknown value
R8 =0x0000000000000001 is an unknown value
R9 =0x000002255336c67c points into unknown readable memory: 00 00 00 00
R10=0x000002257654cf1c is at code_begin+1020 in an Interpreter codelet
native method entry point (kind = native)  [0x000002257654cb20, 0x000002257654d748]  3112 bytes
R11=0x000000062ccf7338 is an oop: java.lang.Class 
{0x000000062ccf7338} - klass: 'java/lang/Class'
 - ---- fields (total size 28 words):
 - private volatile transient 'classRedefinedCount' 'I' @12  0 (0x00000000)
 - injected 'klass' 'J' @16  2358188816456 (0x000002250f01b848)
 - injected 'array_klass' 'J' @24  0 (0x0000000000000000)
 - injected 'oop_size' 'I' @32  28 (0x0000001c)
 - injected 'static_oop_field_count' 'I' @36  0 (0x00000000)
 - private volatile transient 'cachedConstructor' 'Ljava/lang/reflect/Constructor;' @40  null (0x00000000)
 - private transient 'name' 'Ljava/lang/String;' @44  "org.lwjgl.opengl.GL15C"{0x000000062ccf7418} (0xc599ee83)
 - private transient 'module' 'Ljava/lang/Module;' @48  a 'java/lang/Module'{0x000000062d468768} (0xc5a8d0ed)
 - private final 'classLoader' 'Ljava/lang/ClassLoader;' @52  a 'jdk/internal/loader/ClassLoaders$AppClassLoader'{0x000000062d4685a8} (0xc5a8d0b5)
 - private transient 'classData' 'Ljava/lang/Object;' @56  null (0x00000000)
 - private transient 'packageName' 'Ljava/lang/String;' @60  "org.lwjgl.opengl"{0x000000062d3fb7a8} (0xc5a7f6f5)
 - private final 'componentType' 'Ljava/lang/Class;' @64  null (0x00000000)
 - private volatile transient 'reflectionData' 'Ljava/lang/ref/SoftReference;' @68  null (0x00000000)
 - private volatile transient 'genericInfo' 'Lsun/reflect/generics/repository/ClassRepository;' @72  null (0x00000000)
 - private volatile transient 'enumConstants' '[Ljava/lang/Object;' @76  null (0x00000000)
 - private volatile transient 'enumConstantDirectory' 'Ljava/util/Map;' @80  null (0x00000000)
 - private volatile transient 'annotationData' 'Ljava/lang/Class$AnnotationData;' @84  null (0x00000000)
 - private volatile transient 'annotationType' 'Lsun/reflect/annotation/AnnotationType;' @88  null (0x00000000)
 - transient 'classValueMap' 'Ljava/lang/ClassValue$ClassValueMap;' @92  null (0x00000000)
 - injected 'protection_domain' 'Ljava/lang/Object;' @96  a 'java/security/ProtectionDomain'{0x000000062cc0d018} (0xc5981a03)
 - injected 'signers_name' 'Ljava/lang/Object;' @100  null (0x00000000)
 - injected 'source_file' 'Ljava/lang/Object;' @104  null (0x00000000)
 - signature: Lorg/lwjgl/opengl/GL15C;
 - ---- static fields (0):
 - public static final 'GL_SRC1_ALPHA' 'I' @112  34185 (0x00008589)
 - public static final 'GL_ARRAY_BUFFER' 'I' @116  34962 (0x00008892)
 - public static final 'GL_ELEMENT_ARRAY_BUFFER' 'I' @120  34963 (0x00008893)
 - public static final 'GL_ARRAY_BUFFER_BINDING' 'I' @124  34964 (0x00008894)
 - public static final 'GL_ELEMENT_ARRAY_BUFFER_BINDING' 'I' @128  34965 (0x00008895)
 - public static final 'GL_VERTEX_ATTRIB_ARRAY_BUFFER_BINDING' 'I' @132  34975 (0x0000889f)
 - public static final 'GL_STREAM_DRAW' 'I' @136  35040 (0x000088e0)
 - public static final 'GL_STREAM_READ' 'I' @140  35041 (0x000088e1)
 - public static final 'GL_STREAM_COPY' 'I' @144  35042 (0x000088e2)
 - public static final 'GL_STATIC_DRAW' 'I' @148  35044 (0x000088e4)
 - public static final 'GL_STATIC_READ' 'I' @152  35045 (0x000088e5)
 - public static final 'GL_STATIC_COPY' 'I' @156  35046 (0x000088e6)
 - public static final 'GL_DYNAMIC_DRAW' 'I' @160  35048 (0x000088e8)
 - public static final 'GL_DYNAMIC_READ' 'I' @164  35049 (0x000088e9)
 - public static final 'GL_DYNAMIC_COPY' 'I' @168  35050 (0x000088ea)
 - public static final 'GL_READ_ONLY' 'I' @172  35000 (0x000088b8)
 - public static final 'GL_WRITE_ONLY' 'I' @176  35001 (0x000088b9)
 - public static final 'GL_READ_WRITE' 'I' @180  35002 (0x000088ba)
 - public static final 'GL_BUFFER_SIZE' 'I' @184  34660 (0x00008764)
 - public static final 'GL_BUFFER_USAGE' 'I' @188  34661 (0x00008765)
 - public static final 'GL_BUFFER_ACCESS' 'I' @192  35003 (0x000088bb)
 - public static final 'GL_BUFFER_MAPPED' 'I' @196  35004 (0x000088bc)
 - public static final 'GL_BUFFER_MAP_POINTER' 'I' @200  35005 (0x000088bd)
 - public static final 'GL_SAMPLES_PASSED' 'I' @204  35092 (0x00008914)
 - public static final 'GL_QUERY_COUNTER_BITS' 'I' @208  34916 (0x00008864)
 - public static final 'GL_CURRENT_QUERY' 'I' @212  34917 (0x00008865)
 - public static final 'GL_QUERY_RESULT' 'I' @216  34918 (0x00008866)
 - public static final 'GL_QUERY_RESULT_AVAILABLE' 'I' @220  34919 (0x00008867)
R12=0x0 is null
R13={method} {0x000002254f579270} 'nglGenBuffers' '(IJ)V' in 'org/lwjgl/opengl/GL15C'
R14=0x00000096b5fff2d8 is pointing into the stack for thread: 0x0000022564ef37a0
R15=0x0000022564ef37a0 is a thread

Top of Stack: (sp=0x00000096b5fff218)
0x00000096b5fff218:   000002257654cf4b 0000000000000001
0x00000096b5fff228:   000002257654cc22 000002254f579268
0x00000096b5fff238:   000002254f1dae60 00000096b5fff258
0x00000096b5fff248:   00000096b5fff2c0 000002257654893e
0x00000096b5fff258:   000002257654cbdf 00000096b5fff260
0x00000096b5fff268:   000002254f579268 0000000000000006
0x00000096b5fff278:   000002254f5952c0 0000000000000000
0x00000096b5fff288:   000000062ccf7338 000002254f579268
0x00000096b5fff298:   0000000000000000 00000096b5fff2c8
0x00000096b5fff2a8:   00000096b5fff328 0000022576548860
0x00000096b5fff2b8:   000000062ccf7338 000002257654a3d7
0x00000096b5fff2c8:   000002255336c67c 0000000000000000
0x00000096b5fff2d8:   0000000000000001 00000096b5fff2e0
0x00000096b5fff2e8:   000002254f5793ec 0000000000000006
0x00000096b5fff2f8:   000002254f5952c0 0000000000000000
0x00000096b5fff308:   000000062ccf7338 000002254f579458
0x00000096b5fff318:   00000096b5fff2c8 00000096b5fff360
0x00000096b5fff328:   00000096b5fff3a8 0000022576548988
0x00000096b5fff338:   0000000000000000 0000000000000000
0x00000096b5fff348:   000000062cd7ae70 000000000000ffb0
0x00000096b5fff358:   000000062d2fa150 00000096b5fff360
0x00000096b5fff368:   000002254f51bcf8 0000000000000001
0x00000096b5fff378:   000002254f56d980 0000000000000000
0x00000096b5fff388:   000000062cc73b98 000002254f51bd10
0x00000096b5fff398:   00000096b5fff360 00000096b5fff3b8
0x00000096b5fff3a8:   00000096b5fff400 0000022576548988
0x00000096b5fff3b8:   00000096b5fff3b8 000002254f40a050
0x00000096b5fff3c8:   000000000000000a 000002254f412538
0x00000096b5fff3d8:   0000000000000000 000000062d04d018
0x00000096b5fff3e8:   000002254f40a150 00000096b5fff3b8
0x00000096b5fff3f8:   00000096b5fff450 00000096b5fff4a0
0x00000096b5fff408:   0000022576548860 0000000000000000 

Instructions: (pc=0x00007ffed95becda)
0x00007ffed95bebda:   cc cc cc cc cc cc 0f 28 cb 48 8b 01 48 8b 40 18
0x00007ffed95bebea:   48 8b 80 58 0c 00 00 44 89 c1 48 ff e0 cc cc cc
0x00007ffed95bebfa:   cc cc cc cc cc cc 44 89 ca 48 8b 01 48 8b 40 18
0x00007ffed95bec0a:   48 8b 80 60 0c 00 00 44 89 c1 48 ff e0 cc cc cc
0x00007ffed95bec1a:   cc cc cc cc cc cc 4c 89 ca 48 8b 01 48 8b 40 18
0x00007ffed95bec2a:   48 8b 80 68 0c 00 00 44 89 c1 48 ff e0 cc cc cc
0x00007ffed95bec3a:   cc cc cc cc cc cc 4c 89 ca 48 8b 01 48 8b 40 18
0x00007ffed95bec4a:   48 8b 80 70 0c 00 00 44 89 c1 48 ff e0 cc cc cc
0x00007ffed95bec5a:   cc cc cc cc cc cc 44 89 ca 44 89 c0 44 8b 44 24
0x00007ffed95bec6a:   28 44 8b 4c 24 30 48 8b 09 48 8b 49 18 4c 8b 91
0x00007ffed95bec7a:   00 0d 00 00 89 c1 49 ff e2 cc cc cc cc cc cc cc
0x00007ffed95bec8a:   cc cc cc cc cc cc 44 89 ca 48 8b 01 48 8b 40 18
0x00007ffed95bec9a:   48 8b 80 88 0d 00 00 44 89 c1 48 ff e0 cc cc cc
0x00007ffed95becaa:   cc cc cc cc cc cc 4c 89 ca 48 8b 01 48 8b 40 18
0x00007ffed95becba:   48 8b 80 90 0d 00 00 44 89 c1 48 ff e0 cc cc cc
0x00007ffed95becca:   cc cc cc cc cc cc 4c 89 ca 48 8b 01 48 8b 40 18
0x00007ffed95becda:   48 8b 80 98 0d 00 00 44 89 c1 48 ff e0 cc cc cc
0x00007ffed95becea:   cc cc cc cc cc cc 48 8b 01 48 8b 40 18 44 89 c1
0x00007ffed95becfa:   48 ff a0 a0 0d 00 00 cc cc cc cc cc cc cc cc cc
0x00007ffed95bed0a:   cc cc cc cc cc cc 4c 89 ca 44 89 c0 4c 8b 44 24
0x00007ffed95bed1a:   28 44 8b 4c 24 30 48 8b 09 48 8b 49 18 4c 8b 91
0x00007ffed95bed2a:   a8 0d 00 00 89 c1 49 ff e2 cc cc cc cc cc cc cc
0x00007ffed95bed3a:   cc cc cc cc cc cc 4c 89 ca 44 89 c0 4c 8b 44 24
0x00007ffed95bed4a:   28 4c 8b 4c 24 30 48 8b 09 48 8b 49 18 4c 8b 91
0x00007ffed95bed5a:   b0 0d 00 00 89 c1 49 ff e2 cc cc cc cc cc cc cc
0x00007ffed95bed6a:   cc cc cc cc cc cc 4c 89 ca 44 89 c0 4c 8b 44 24
0x00007ffed95bed7a:   28 4c 8b 4c 24 30 48 8b 09 48 8b 49 18 4c 8b 91
0x00007ffed95bed8a:   b8 0d 00 00 89 c1 49 ff e2 cc cc cc cc cc cc cc
0x00007ffed95bed9a:   cc cc cc cc cc cc 44 89 ca 48 8b 01 48 8b 40 18
0x00007ffed95bedaa:   48 8b 80 c0 0d 00 00 44 89 c1 48 ff e0 cc cc cc
0x00007ffed95bedba:   cc cc cc cc cc cc 48 8b 01 48 8b 40 18 44 89 c1
0x00007ffed95bedca:   48 ff a0 c8 0d 00 00 cc cc cc cc cc cc cc cc cc 


Stack slot to memory mapping:

stack at sp + 0 slots: 0x000002257654cf4b is at code_begin+1067 in an Interpreter codelet
native method entry point (kind = native)  [0x000002257654cb20, 0x000002257654d748]  3112 bytes
stack at sp + 1 slots: 0x0000000000000001 is an unknown value
stack at sp + 2 slots: 0x000002257654cc22 is at code_begin+258 in an Interpreter codelet
native method entry point (kind = native)  [0x000002257654cb20, 0x000002257654d748]  3112 bytes
stack at sp + 3 slots: {method} {0x000002254f579270} 'nglGenBuffers' '(IJ)V' in 'org/lwjgl/opengl/GL15C'
stack at sp + 4 slots: 0x000002254f1dae60 is pointing into metadata
stack at sp + 5 slots: 0x00000096b5fff258 is pointing into the stack for thread: 0x0000022564ef37a0
stack at sp + 6 slots: 0x00000096b5fff2c0 is pointing into the stack for thread: 0x0000022564ef37a0
stack at sp + 7 slots: 0x000002257654893e is at code_begin+1406 in an Interpreter codelet
return entry points  [0x00000225765483c0, 0x0000022576548f60]  2976 bytes


---------------  P R O C E S S  ---------------

Threads class SMR info:
_java_thread_list=0x00000225535aeed0, length=16, elements={
0x0000022564ef37a0, 0x000002257fec5e50, 0x000002257fec65c0, 0x000002257fec8fa0,
0x000002257fec9870, 0x000002257fed0030, 0x000002257fede8a0, 0x000002250d378e30,
0x000002250d3894f0, 0x000002250d3ede70, 0x000002257fe90700, 0x000002250d6ebae0,
0x000002250d6ec150, 0x00000225532a52d0, 0x00000225596efb10, 0x00000225596f01c0
}

Java Threads: ( => current thread )
=>0x0000022564ef37a0 JavaThread "main"                              [_thread_in_native, id=42180, stack(0x00000096b5f00000,0x00000096b6000000) (1024K)]
  0x000002257fec5e50 JavaThread "Reference Handler"          daemon [_thread_blocked, id=31580, stack(0x00000096b6700000,0x00000096b6800000) (1024K)]
  0x000002257fec65c0 JavaThread "Finalizer"                  daemon [_thread_blocked, id=22548, stack(0x00000096b6800000,0x00000096b6900000) (1024K)]
  0x000002257fec8fa0 JavaThread "Signal Dispatcher"          daemon [_thread_blocked, id=39232, stack(0x00000096b6900000,0x00000096b6a00000) (1024K)]
  0x000002257fec9870 JavaThread "Attach Listener"            daemon [_thread_blocked, id=36928, stack(0x00000096b6a00000,0x00000096b6b00000) (1024K)]
  0x000002257fed0030 JavaThread "Service Thread"             daemon [_thread_blocked, id=37380, stack(0x00000096b6b00000,0x00000096b6c00000) (1024K)]
  0x000002257fede8a0 JavaThread "Monitor Deflation Thread"   daemon [_thread_blocked, id=36800, stack(0x00000096b6c00000,0x00000096b6d00000) (1024K)]
  0x000002250d378e30 JavaThread "C2 CompilerThread0"         daemon [_thread_blocked, id=14160, stack(0x00000096b6d00000,0x00000096b6e00000) (1024K)]
  0x000002250d3894f0 JavaThread "C1 CompilerThread0"         daemon [_thread_blocked, id=33844, stack(0x00000096b6e00000,0x00000096b6f00000) (1024K)]
  0x000002250d3ede70 JavaThread "C1 CompilerThread1"         daemon [_thread_blocked, id=26168, stack(0x00000096b6f00000,0x00000096b7000000) (1024K)]
  0x000002257fe90700 JavaThread "Common-Cleaner"             daemon [_thread_blocked, id=45300, stack(0x00000096b7000000,0x00000096b7100000) (1024K)]
  0x000002250d6ebae0 JavaThread "Monitor Ctrl-Break"         daemon [_thread_in_native, id=16228, stack(0x00000096b7200000,0x00000096b7300000) (1024K)]
  0x000002250d6ec150 JavaThread "Notification Thread"        daemon [_thread_blocked, id=15344, stack(0x00000096b7300000,0x00000096b7400000) (1024K)]
  0x00000225532a52d0 JavaThread "C1 CompilerThread2"         daemon [_thread_blocked, id=40708, stack(0x00000096b7400000,0x00000096b7500000) (1024K)]
  0x00000225596efb10 JavaThread "C1 CompilerThread3"         daemon [_thread_blocked, id=35552, stack(0x00000096b7100000,0x00000096b7200000) (1024K)]
  0x00000225596f01c0 JavaThread "C1 CompilerThread4"         daemon [_thread_blocked, id=12724, stack(0x00000096b7c00000,0x00000096b7d00000) (1024K)]
Total: 16

Other Threads:
  0x000002257feaae60 VMThread "VM Thread"                           [id=34976, stack(0x00000096b6600000,0x00000096b6700000) (1024K)]
  0x000002250d371920 WatcherThread "VM Periodic Task Thread"        [id=19476, stack(0x00000096b6500000,0x00000096b6600000) (1024K)]
  0x0000022566a314f0 WorkerThread "GC Thread#0"                     [id=35572, stack(0x00000096b6000000,0x00000096b6100000) (1024K)]
  0x0000022566a41e60 ConcurrentGCThread "G1 Main Marker"            [id=3620, stack(0x00000096b6100000,0x00000096b6200000) (1024K)]
  0x0000022566a44a90 WorkerThread "G1 Conc#0"                       [id=39852, stack(0x00000096b6200000,0x00000096b6300000) (1024K)]
  0x000002257fde4a60 ConcurrentGCThread "G1 Refine#0"               [id=42036, stack(0x00000096b6300000,0x00000096b6400000) (1024K)]
  0x000002257fde4f90 ConcurrentGCThread "G1 Service"                [id=31688, stack(0x00000096b6400000,0x00000096b6500000) (1024K)]
Total: 7

Threads with active compile tasks:
Total: 0

VM state: not at safepoint (normal execution)

VM Mutex/Monitor currently owned by a thread: None

Heap address: 0x000000060e400000, size: 7964 MB, Compressed Oops mode: Zero based, Oop shift amount: 3

CDS archive(s) mapped at: [0x000002250e000000-0x000002250ec90000-0x000002250ec90000), size 13172736, SharedBaseAddress: 0x000002250e000000, ArchiveRelocationMode: 1.
Compressed class space mapped at: 0x000002250f000000-0x000002254f000000, reserved size: 1073741824
Narrow klass base: 0x000002250e000000, Narrow klass shift: 0, Narrow klass range: 0x100000000

GC Precious Log:
 CardTable entry size: 512
 Card Set container configuration: InlinePtr #cards 4 size 8 Array Of Cards #cards 32 size 80 Howl #buckets 8 coarsen threshold 7372 Howl Bitmap #cards 1024 size 144 coarsen threshold 921 Card regions per heap region 1 cards per card region 8192
 CPUs: 32 total, 32 available
 Memory: 31848M
 Large Page Support: Disabled
 NUMA Support: Disabled
 Compressed Oops: Enabled (Zero based)
 Heap Region Size: 4M
 Heap Min Capacity: 8M
 Heap Initial Capacity: 500M
 Heap Max Capacity: 7964M
 Pre-touch: Disabled
 Parallel Workers: 23
 Concurrent Workers: 6
 Concurrent Refinement Workers: 23
 Periodic GC: Disabled

Heap:
 garbage-first heap   total 512000K, used 8192K [0x000000060e400000, 0x0000000800000000)
  region size 4096K, 3 young (12288K), 0 survivors (0K)
 Metaspace       used 3835K, committed 3968K, reserved 1114112K
  class space    used 271K, committed 320K, reserved 1048576K

Heap Regions: E=young(eden), S=young(survivor), O=old, HS=humongous(starts), HC=humongous(continues), CS=collection set, F=free, TAMS=top-at-mark-start, PB=parsable bottom
|   0|0x000000060e400000, 0x000000060e400000, 0x000000060e800000|  0%| F|  |TAMS 0x000000060e400000| PB 0x000000060e400000| Untracked 
|   1|0x000000060e800000, 0x000000060e800000, 0x000000060ec00000|  0%| F|  |TAMS 0x000000060e800000| PB 0x000000060e800000| Untracked 
|   2|0x000000060ec00000, 0x000000060ec00000, 0x000000060f000000|  0%| F|  |TAMS 0x000000060ec00000| PB 0x000000060ec00000| Untracked 
|   3|0x000000060f000000, 0x000000060f000000, 0x000000060f400000|  0%| F|  |TAMS 0x000000060f000000| PB 0x000000060f000000| Untracked 
|   4|0x000000060f400000, 0x000000060f400000, 0x000000060f800000|  0%| F|  |TAMS 0x000000060f400000| PB 0x000000060f400000| Untracked 
|   5|0x000000060f800000, 0x000000060f800000, 0x000000060fc00000|  0%| F|  |TAMS 0x000000060f800000| PB 0x000000060f800000| Untracked 
|   6|0x000000060fc00000, 0x000000060fc00000, 0x0000000610000000|  0%| F|  |TAMS 0x000000060fc00000| PB 0x000000060fc00000| Untracked 
|   7|0x0000000610000000, 0x0000000610000000, 0x0000000610400000|  0%| F|  |TAMS 0x0000000610000000| PB 0x0000000610000000| Untracked 
|   8|0x0000000610400000, 0x0000000610400000, 0x0000000610800000|  0%| F|  |TAMS 0x0000000610400000| PB 0x0000000610400000| Untracked 
|   9|0x0000000610800000, 0x0000000610800000, 0x0000000610c00000|  0%| F|  |TAMS 0x0000000610800000| PB 0x0000000610800000| Untracked 
|  10|0x0000000610c00000, 0x0000000610c00000, 0x0000000611000000|  0%| F|  |TAMS 0x0000000610c00000| PB 0x0000000610c00000| Untracked 
|  11|0x0000000611000000, 0x0000000611000000, 0x0000000611400000|  0%| F|  |TAMS 0x0000000611000000| PB 0x0000000611000000| Untracked 
|  12|0x0000000611400000, 0x0000000611400000, 0x0000000611800000|  0%| F|  |TAMS 0x0000000611400000| PB 0x0000000611400000| Untracked 
|  13|0x0000000611800000, 0x0000000611800000, 0x0000000611c00000|  0%| F|  |TAMS 0x0000000611800000| PB 0x0000000611800000| Untracked 
|  14|0x0000000611c00000, 0x0000000611c00000, 0x0000000612000000|  0%| F|  |TAMS 0x0000000611c00000| PB 0x0000000611c00000| Untracked 
|  15|0x0000000612000000, 0x0000000612000000, 0x0000000612400000|  0%| F|  |TAMS 0x0000000612000000| PB 0x0000000612000000| Untracked 
|  16|0x0000000612400000, 0x0000000612400000, 0x0000000612800000|  0%| F|  |TAMS 0x0000000612400000| PB 0x0000000612400000| Untracked 
|  17|0x0000000612800000, 0x0000000612800000, 0x0000000612c00000|  0%| F|  |TAMS 0x0000000612800000| PB 0x0000000612800000| Untracked 
|  18|0x0000000612c00000, 0x0000000612c00000, 0x0000000613000000|  0%| F|  |TAMS 0x0000000612c00000| PB 0x0000000612c00000| Untracked 
|  19|0x0000000613000000, 0x0000000613000000, 0x0000000613400000|  0%| F|  |TAMS 0x0000000613000000| PB 0x0000000613000000| Untracked 
|  20|0x0000000613400000, 0x0000000613400000, 0x0000000613800000|  0%| F|  |TAMS 0x0000000613400000| PB 0x0000000613400000| Untracked 
|  21|0x0000000613800000, 0x0000000613800000, 0x0000000613c00000|  0%| F|  |TAMS 0x0000000613800000| PB 0x0000000613800000| Untracked 
|  22|0x0000000613c00000, 0x0000000613c00000, 0x0000000614000000|  0%| F|  |TAMS 0x0000000613c00000| PB 0x0000000613c00000| Untracked 
|  23|0x0000000614000000, 0x0000000614000000, 0x0000000614400000|  0%| F|  |TAMS 0x0000000614000000| PB 0x0000000614000000| Untracked 
|  24|0x0000000614400000, 0x0000000614400000, 0x0000000614800000|  0%| F|  |TAMS 0x0000000614400000| PB 0x0000000614400000| Untracked 
|  25|0x0000000614800000, 0x0000000614800000, 0x0000000614c00000|  0%| F|  |TAMS 0x0000000614800000| PB 0x0000000614800000| Untracked 
|  26|0x0000000614c00000, 0x0000000614c00000, 0x0000000615000000|  0%| F|  |TAMS 0x0000000614c00000| PB 0x0000000614c00000| Untracked 
|  27|0x0000000615000000, 0x0000000615000000, 0x0000000615400000|  0%| F|  |TAMS 0x0000000615000000| PB 0x0000000615000000| Untracked 
|  28|0x0000000615400000, 0x0000000615400000, 0x0000000615800000|  0%| F|  |TAMS 0x0000000615400000| PB 0x0000000615400000| Untracked 
|  29|0x0000000615800000, 0x0000000615800000, 0x0000000615c00000|  0%| F|  |TAMS 0x0000000615800000| PB 0x0000000615800000| Untracked 
|  30|0x0000000615c00000, 0x0000000615c00000, 0x0000000616000000|  0%| F|  |TAMS 0x0000000615c00000| PB 0x0000000615c00000| Untracked 
|  31|0x0000000616000000, 0x0000000616000000, 0x0000000616400000|  0%| F|  |TAMS 0x0000000616000000| PB 0x0000000616000000| Untracked 
|  32|0x0000000616400000, 0x0000000616400000, 0x0000000616800000|  0%| F|  |TAMS 0x0000000616400000| PB 0x0000000616400000| Untracked 
|  33|0x0000000616800000, 0x0000000616800000, 0x0000000616c00000|  0%| F|  |TAMS 0x0000000616800000| PB 0x0000000616800000| Untracked 
|  34|0x0000000616c00000, 0x0000000616c00000, 0x0000000617000000|  0%| F|  |TAMS 0x0000000616c00000| PB 0x0000000616c00000| Untracked 
|  35|0x0000000617000000, 0x0000000617000000, 0x0000000617400000|  0%| F|  |TAMS 0x0000000617000000| PB 0x0000000617000000| Untracked 
|  36|0x0000000617400000, 0x0000000617400000, 0x0000000617800000|  0%| F|  |TAMS 0x0000000617400000| PB 0x0000000617400000| Untracked 
|  37|0x0000000617800000, 0x0000000617800000, 0x0000000617c00000|  0%| F|  |TAMS 0x0000000617800000| PB 0x0000000617800000| Untracked 
|  38|0x0000000617c00000, 0x0000000617c00000, 0x0000000618000000|  0%| F|  |TAMS 0x0000000617c00000| PB 0x0000000617c00000| Untracked 
|  39|0x0000000618000000, 0x0000000618000000, 0x0000000618400000|  0%| F|  |TAMS 0x0000000618000000| PB 0x0000000618000000| Untracked 
|  40|0x0000000618400000, 0x0000000618400000, 0x0000000618800000|  0%| F|  |TAMS 0x0000000618400000| PB 0x0000000618400000| Untracked 
|  41|0x0000000618800000, 0x0000000618800000, 0x0000000618c00000|  0%| F|  |TAMS 0x0000000618800000| PB 0x0000000618800000| Untracked 
|  42|0x0000000618c00000, 0x0000000618c00000, 0x0000000619000000|  0%| F|  |TAMS 0x0000000618c00000| PB 0x0000000618c00000| Untracked 
|  43|0x0000000619000000, 0x0000000619000000, 0x0000000619400000|  0%| F|  |TAMS 0x0000000619000000| PB 0x0000000619000000| Untracked 
|  44|0x0000000619400000, 0x0000000619400000, 0x0000000619800000|  0%| F|  |TAMS 0x0000000619400000| PB 0x0000000619400000| Untracked 
|  45|0x0000000619800000, 0x0000000619800000, 0x0000000619c00000|  0%| F|  |TAMS 0x0000000619800000| PB 0x0000000619800000| Untracked 
|  46|0x0000000619c00000, 0x0000000619c00000, 0x000000061a000000|  0%| F|  |TAMS 0x0000000619c00000| PB 0x0000000619c00000| Untracked 
|  47|0x000000061a000000, 0x000000061a000000, 0x000000061a400000|  0%| F|  |TAMS 0x000000061a000000| PB 0x000000061a000000| Untracked 
|  48|0x000000061a400000, 0x000000061a400000, 0x000000061a800000|  0%| F|  |TAMS 0x000000061a400000| PB 0x000000061a400000| Untracked 
|  49|0x000000061a800000, 0x000000061a800000, 0x000000061ac00000|  0%| F|  |TAMS 0x000000061a800000| PB 0x000000061a800000| Untracked 
|  50|0x000000061ac00000, 0x000000061ac00000, 0x000000061b000000|  0%| F|  |TAMS 0x000000061ac00000| PB 0x000000061ac00000| Untracked 
|  51|0x000000061b000000, 0x000000061b000000, 0x000000061b400000|  0%| F|  |TAMS 0x000000061b000000| PB 0x000000061b000000| Untracked 
|  52|0x000000061b400000, 0x000000061b400000, 0x000000061b800000|  0%| F|  |TAMS 0x000000061b400000| PB 0x000000061b400000| Untracked 
|  53|0x000000061b800000, 0x000000061b800000, 0x000000061bc00000|  0%| F|  |TAMS 0x000000061b800000| PB 0x000000061b800000| Untracked 
|  54|0x000000061bc00000, 0x000000061bc00000, 0x000000061c000000|  0%| F|  |TAMS 0x000000061bc00000| PB 0x000000061bc00000| Untracked 
|  55|0x000000061c000000, 0x000000061c000000, 0x000000061c400000|  0%| F|  |TAMS 0x000000061c000000| PB 0x000000061c000000| Untracked 
|  56|0x000000061c400000, 0x000000061c400000, 0x000000061c800000|  0%| F|  |TAMS 0x000000061c400000| PB 0x000000061c400000| Untracked 
|  57|0x000000061c800000, 0x000000061c800000, 0x000000061cc00000|  0%| F|  |TAMS 0x000000061c800000| PB 0x000000061c800000| Untracked 
|  58|0x000000061cc00000, 0x000000061cc00000, 0x000000061d000000|  0%| F|  |TAMS 0x000000061cc00000| PB 0x000000061cc00000| Untracked 
|  59|0x000000061d000000, 0x000000061d000000, 0x000000061d400000|  0%| F|  |TAMS 0x000000061d000000| PB 0x000000061d000000| Untracked 
|  60|0x000000061d400000, 0x000000061d400000, 0x000000061d800000|  0%| F|  |TAMS 0x000000061d400000| PB 0x000000061d400000| Untracked 
|  61|0x000000061d800000, 0x000000061d800000, 0x000000061dc00000|  0%| F|  |TAMS 0x000000061d800000| PB 0x000000061d800000| Untracked 
|  62|0x000000061dc00000, 0x000000061dc00000, 0x000000061e000000|  0%| F|  |TAMS 0x000000061dc00000| PB 0x000000061dc00000| Untracked 
|  63|0x000000061e000000, 0x000000061e000000, 0x000000061e400000|  0%| F|  |TAMS 0x000000061e000000| PB 0x000000061e000000| Untracked 
|  64|0x000000061e400000, 0x000000061e400000, 0x000000061e800000|  0%| F|  |TAMS 0x000000061e400000| PB 0x000000061e400000| Untracked 
|  65|0x000000061e800000, 0x000000061e800000, 0x000000061ec00000|  0%| F|  |TAMS 0x000000061e800000| PB 0x000000061e800000| Untracked 
|  66|0x000000061ec00000, 0x000000061ec00000, 0x000000061f000000|  0%| F|  |TAMS 0x000000061ec00000| PB 0x000000061ec00000| Untracked 
|  67|0x000000061f000000, 0x000000061f000000, 0x000000061f400000|  0%| F|  |TAMS 0x000000061f000000| PB 0x000000061f000000| Untracked 
|  68|0x000000061f400000, 0x000000061f400000, 0x000000061f800000|  0%| F|  |TAMS 0x000000061f400000| PB 0x000000061f400000| Untracked 
|  69|0x000000061f800000, 0x000000061f800000, 0x000000061fc00000|  0%| F|  |TAMS 0x000000061f800000| PB 0x000000061f800000| Untracked 
|  70|0x000000061fc00000, 0x000000061fc00000, 0x0000000620000000|  0%| F|  |TAMS 0x000000061fc00000| PB 0x000000061fc00000| Untracked 
|  71|0x0000000620000000, 0x0000000620000000, 0x0000000620400000|  0%| F|  |TAMS 0x0000000620000000| PB 0x0000000620000000| Untracked 
|  72|0x0000000620400000, 0x0000000620400000, 0x0000000620800000|  0%| F|  |TAMS 0x0000000620400000| PB 0x0000000620400000| Untracked 
|  73|0x0000000620800000, 0x0000000620800000, 0x0000000620c00000|  0%| F|  |TAMS 0x0000000620800000| PB 0x0000000620800000| Untracked 
|  74|0x0000000620c00000, 0x0000000620c00000, 0x0000000621000000|  0%| F|  |TAMS 0x0000000620c00000| PB 0x0000000620c00000| Untracked 
|  75|0x0000000621000000, 0x0000000621000000, 0x0000000621400000|  0%| F|  |TAMS 0x0000000621000000| PB 0x0000000621000000| Untracked 
|  76|0x0000000621400000, 0x0000000621400000, 0x0000000621800000|  0%| F|  |TAMS 0x0000000621400000| PB 0x0000000621400000| Untracked 
|  77|0x0000000621800000, 0x0000000621800000, 0x0000000621c00000|  0%| F|  |TAMS 0x0000000621800000| PB 0x0000000621800000| Untracked 
|  78|0x0000000621c00000, 0x0000000621c00000, 0x0000000622000000|  0%| F|  |TAMS 0x0000000621c00000| PB 0x0000000621c00000| Untracked 
|  79|0x0000000622000000, 0x0000000622000000, 0x0000000622400000|  0%| F|  |TAMS 0x0000000622000000| PB 0x0000000622000000| Untracked 
|  80|0x0000000622400000, 0x0000000622400000, 0x0000000622800000|  0%| F|  |TAMS 0x0000000622400000| PB 0x0000000622400000| Untracked 
|  81|0x0000000622800000, 0x0000000622800000, 0x0000000622c00000|  0%| F|  |TAMS 0x0000000622800000| PB 0x0000000622800000| Untracked 
|  82|0x0000000622c00000, 0x0000000622c00000, 0x0000000623000000|  0%| F|  |TAMS 0x0000000622c00000| PB 0x0000000622c00000| Untracked 
|  83|0x0000000623000000, 0x0000000623000000, 0x0000000623400000|  0%| F|  |TAMS 0x0000000623000000| PB 0x0000000623000000| Untracked 
|  84|0x0000000623400000, 0x0000000623400000, 0x0000000623800000|  0%| F|  |TAMS 0x0000000623400000| PB 0x0000000623400000| Untracked 
|  85|0x0000000623800000, 0x0000000623800000, 0x0000000623c00000|  0%| F|  |TAMS 0x0000000623800000| PB 0x0000000623800000| Untracked 
|  86|0x0000000623c00000, 0x0000000623c00000, 0x0000000624000000|  0%| F|  |TAMS 0x0000000623c00000| PB 0x0000000623c00000| Untracked 
|  87|0x0000000624000000, 0x0000000624000000, 0x0000000624400000|  0%| F|  |TAMS 0x0000000624000000| PB 0x0000000624000000| Untracked 
|  88|0x0000000624400000, 0x0000000624400000, 0x0000000624800000|  0%| F|  |TAMS 0x0000000624400000| PB 0x0000000624400000| Untracked 
|  89|0x0000000624800000, 0x0000000624800000, 0x0000000624c00000|  0%| F|  |TAMS 0x0000000624800000| PB 0x0000000624800000| Untracked 
|  90|0x0000000624c00000, 0x0000000624c00000, 0x0000000625000000|  0%| F|  |TAMS 0x0000000624c00000| PB 0x0000000624c00000| Untracked 
|  91|0x0000000625000000, 0x0000000625000000, 0x0000000625400000|  0%| F|  |TAMS 0x0000000625000000| PB 0x0000000625000000| Untracked 
|  92|0x0000000625400000, 0x0000000625400000, 0x0000000625800000|  0%| F|  |TAMS 0x0000000625400000| PB 0x0000000625400000| Untracked 
|  93|0x0000000625800000, 0x0000000625800000, 0x0000000625c00000|  0%| F|  |TAMS 0x0000000625800000| PB 0x0000000625800000| Untracked 
|  94|0x0000000625c00000, 0x0000000625c00000, 0x0000000626000000|  0%| F|  |TAMS 0x0000000625c00000| PB 0x0000000625c00000| Untracked 
|  95|0x0000000626000000, 0x0000000626000000, 0x0000000626400000|  0%| F|  |TAMS 0x0000000626000000| PB 0x0000000626000000| Untracked 
|  96|0x0000000626400000, 0x0000000626400000, 0x0000000626800000|  0%| F|  |TAMS 0x0000000626400000| PB 0x0000000626400000| Untracked 
|  97|0x0000000626800000, 0x0000000626800000, 0x0000000626c00000|  0%| F|  |TAMS 0x0000000626800000| PB 0x0000000626800000| Untracked 
|  98|0x0000000626c00000, 0x0000000626c00000, 0x0000000627000000|  0%| F|  |TAMS 0x0000000626c00000| PB 0x0000000626c00000| Untracked 
|  99|0x0000000627000000, 0x0000000627000000, 0x0000000627400000|  0%| F|  |TAMS 0x0000000627000000| PB 0x0000000627000000| Untracked 
| 100|0x0000000627400000, 0x0000000627400000, 0x0000000627800000|  0%| F|  |TAMS 0x0000000627400000| PB 0x0000000627400000| Untracked 
| 101|0x0000000627800000, 0x0000000627800000, 0x0000000627c00000|  0%| F|  |TAMS 0x0000000627800000| PB 0x0000000627800000| Untracked 
| 102|0x0000000627c00000, 0x0000000627c00000, 0x0000000628000000|  0%| F|  |TAMS 0x0000000627c00000| PB 0x0000000627c00000| Untracked 
| 103|0x0000000628000000, 0x0000000628000000, 0x0000000628400000|  0%| F|  |TAMS 0x0000000628000000| PB 0x0000000628000000| Untracked 
| 104|0x0000000628400000, 0x0000000628400000, 0x0000000628800000|  0%| F|  |TAMS 0x0000000628400000| PB 0x0000000628400000| Untracked 
| 105|0x0000000628800000, 0x0000000628800000, 0x0000000628c00000|  0%| F|  |TAMS 0x0000000628800000| PB 0x0000000628800000| Untracked 
| 106|0x0000000628c00000, 0x0000000628c00000, 0x0000000629000000|  0%| F|  |TAMS 0x0000000628c00000| PB 0x0000000628c00000| Untracked 
| 107|0x0000000629000000, 0x0000000629000000, 0x0000000629400000|  0%| F|  |TAMS 0x0000000629000000| PB 0x0000000629000000| Untracked 
| 108|0x0000000629400000, 0x0000000629400000, 0x0000000629800000|  0%| F|  |TAMS 0x0000000629400000| PB 0x0000000629400000| Untracked 
| 109|0x0000000629800000, 0x0000000629800000, 0x0000000629c00000|  0%| F|  |TAMS 0x0000000629800000| PB 0x0000000629800000| Untracked 
| 110|0x0000000629c00000, 0x0000000629c00000, 0x000000062a000000|  0%| F|  |TAMS 0x0000000629c00000| PB 0x0000000629c00000| Untracked 
| 111|0x000000062a000000, 0x000000062a000000, 0x000000062a400000|  0%| F|  |TAMS 0x000000062a000000| PB 0x000000062a000000| Untracked 
| 112|0x000000062a400000, 0x000000062a400000, 0x000000062a800000|  0%| F|  |TAMS 0x000000062a400000| PB 0x000000062a400000| Untracked 
| 113|0x000000062a800000, 0x000000062a800000, 0x000000062ac00000|  0%| F|  |TAMS 0x000000062a800000| PB 0x000000062a800000| Untracked 
| 114|0x000000062ac00000, 0x000000062ac00000, 0x000000062b000000|  0%| F|  |TAMS 0x000000062ac00000| PB 0x000000062ac00000| Untracked 
| 115|0x000000062b000000, 0x000000062b000000, 0x000000062b400000|  0%| F|  |TAMS 0x000000062b000000| PB 0x000000062b000000| Untracked 
| 116|0x000000062b400000, 0x000000062b400000, 0x000000062b800000|  0%| F|  |TAMS 0x000000062b400000| PB 0x000000062b400000| Untracked 
| 117|0x000000062b800000, 0x000000062b800000, 0x000000062bc00000|  0%| F|  |TAMS 0x000000062b800000| PB 0x000000062b800000| Untracked 
| 118|0x000000062bc00000, 0x000000062bc00000, 0x000000062c000000|  0%| F|  |TAMS 0x000000062bc00000| PB 0x000000062bc00000| Untracked 
| 119|0x000000062c000000, 0x000000062c000000, 0x000000062c400000|  0%| F|  |TAMS 0x000000062c000000| PB 0x000000062c000000| Untracked 
| 120|0x000000062c400000, 0x000000062c400000, 0x000000062c800000|  0%| F|  |TAMS 0x000000062c400000| PB 0x000000062c400000| Untracked 
| 121|0x000000062c800000, 0x000000062c800000, 0x000000062cc00000|  0%| F|  |TAMS 0x000000062c800000| PB 0x000000062c800000| Untracked 
| 122|0x000000062cc00000, 0x000000062cdf3298, 0x000000062d000000| 48%| E|  |TAMS 0x000000062cc00000| PB 0x000000062cc00000| Complete 
| 123|0x000000062d000000, 0x000000062d400000, 0x000000062d400000|100%| E|CS|TAMS 0x000000062d000000| PB 0x000000062d000000| Complete 
| 124|0x000000062d400000, 0x000000062d800000, 0x000000062d800000|100%| E|CS|TAMS 0x000000062d400000| PB 0x000000062d400000| Complete 

Card table byte_map: [0x0000022500f90000,0x0000022501f20000] _byte_map_base: 0x00000224fdf1e000

Marking Bits: (CMBitMap*) 0x0000022566a31bf0
 Bits: [0x0000022501f20000, 0x0000022509b90000)

Polling page: 0x0000022566a50000

Metaspace:

Usage:
  Non-class:      3.48 MB used.
      Class:    271.45 KB used.
       Both:      3.75 MB used.

Virtual space:
  Non-class space:       64.00 MB reserved,       3.56 MB (  6%) committed,  1 nodes.
      Class space:        1.00 GB reserved,     320.00 KB ( <1%) committed,  1 nodes.
             Both:        1.06 GB reserved,       3.88 MB ( <1%) committed. 

Chunk freelists:
   Non-Class:  10.39 MB
       Class:  15.63 MB
        Both:  26.02 MB

MaxMetaspaceSize: unlimited
CompressedClassSpaceSize: 1.00 GB
Initial GC threshold: 21.00 MB
Current GC threshold: 21.00 MB
CDS: on
 - commit_granule_bytes: 65536.
 - commit_granule_words: 8192.
 - virtual_space_node_default_size: 8388608.
 - enlarge_chunks_in_place: 1.
 - use_allocation_guard: 0.


Internal statistics:

num_allocs_failed_limit: 0.
num_arena_births: 80.
num_arena_deaths: 0.
num_vsnodes_births: 2.
num_vsnodes_deaths: 0.
num_space_committed: 62.
num_space_uncommitted: 0.
num_chunks_returned_to_freelist: 0.
num_chunks_taken_from_freelist: 173.
num_chunk_merges: 0.
num_chunk_splits: 108.
num_chunks_enlarged: 72.
num_inconsistent_stats: 0.

CodeHeap 'non-profiled nmethods': size=118848Kb used=218Kb max_used=218Kb free=118629Kb
 bounds [0x0000022576d20000, 0x0000022576f90000, 0x000002257e130000]
CodeHeap 'profiled nmethods': size=118848Kb used=1251Kb max_used=1251Kb free=117596Kb
 bounds [0x000002256f130000, 0x000002256f3a0000, 0x0000022576540000]
CodeHeap 'non-nmethods': size=8064Kb used=4655Kb max_used=4670Kb free=3408Kb
 bounds [0x0000022576540000, 0x00000225769e0000, 0x0000022576d20000]
 total_blobs=1855 nmethods=790 adapters=966
 compilation: enabled
              stopped_count=0, restarted_count=0
 full_count=0

Compilation events (20 events):
Event: 0.322 Thread 0x000002250d3ede70  782       3       org.lwjgl.system.MemoryUtil::memPutAddress (29 bytes)
Event: 0.322 Thread 0x000002250d3894f0 nmethod 781 0x000002256f262c90 code [0x000002256f262e20, 0x000002256f262f30]
Event: 0.322 Thread 0x000002250d378e30 nmethod 776 0x0000022576d55610 code [0x0000022576d557a0, 0x0000022576d558a0]
Event: 0.323 Thread 0x000002250d3ede70 nmethod 782 0x000002256f263010 code [0x000002256f2631c0, 0x000002256f2633b8]
Event: 0.323 Thread 0x000002250d378e30  779       4       java.lang.StringLatin1::replace (198 bytes)
Event: 0.323 Thread 0x00000225596efb10 nmethod 774 0x000002256f263490 code [0x000002256f263760, 0x000002256f264640]
Event: 0.323 Thread 0x00000225596efb10  784       3       java.util.jar.JarFile::getVersionedEntry (133 bytes)
Event: 0.324 Thread 0x00000225596f01c0  785       3       java.lang.String::indexOf (64 bytes)
Event: 0.324 Thread 0x000002250d3894f0  786       3       java.lang.StringLatin1::indexOf (25 bytes)
Event: 0.324 Thread 0x00000225532a52d0  787       3       java.lang.String::getChars (55 bytes)
Event: 0.324 Thread 0x000002250d3ede70  788       3       java.lang.StringLatin1::getChars (12 bytes)
Event: 0.324 Thread 0x00000225596efb10 nmethod 784 0x000002256f264e90 code [0x000002256f265160, 0x000002256f265f08]
Event: 0.324 Thread 0x000002250d3894f0 nmethod 786 0x000002256f266510 code [0x000002256f2666c0, 0x000002256f2668c0]
Event: 0.324 Thread 0x000002250d3894f0  789       3       java.io.File::isInvalid (47 bytes)
Event: 0.324 Thread 0x000002250d3ede70 nmethod 788 0x000002256f266990 code [0x000002256f266b40, 0x000002256f266c68]
Event: 0.324 Thread 0x00000225596f01c0 nmethod 785 0x000002256f266d10 code [0x000002256f266f20, 0x000002256f267400]
Event: 0.324 Thread 0x000002250d3894f0 nmethod 789 0x000002256f267590 code [0x000002256f267740, 0x000002256f2679f8]
Event: 0.324 Thread 0x00000225532a52d0 nmethod 787 0x000002256f267a90 code [0x000002256f267cc0, 0x000002256f2683f8]
Event: 0.325 Thread 0x00000225532a52d0  790       3       java.util.jar.JarFile::maybeInstantiateVerifier (42 bytes)
Event: 0.325 Thread 0x00000225532a52d0 nmethod 790 0x000002256f268710 code [0x000002256f2688e0, 0x000002256f268c70]

GC Heap History (0 events):
No events

Dll operation events (12 events):
Event: 0.006 Loaded shared library C:\Users\farre\.jdks\corretto-21.0.4\bin\java.dll
Event: 0.024 Loaded shared library C:\Users\farre\.jdks\corretto-21.0.4\bin\jsvml.dll
Event: 0.054 Loaded shared library C:\Users\farre\.jdks\corretto-21.0.4\bin\zip.dll
Event: 0.056 Loaded shared library C:\Users\farre\.jdks\corretto-21.0.4\bin\instrument.dll
Event: 0.060 Loaded shared library C:\Users\farre\.jdks\corretto-21.0.4\bin\net.dll
Event: 0.061 Loaded shared library C:\Users\farre\.jdks\corretto-21.0.4\bin\nio.dll
Event: 0.064 Loaded shared library C:\Users\farre\.jdks\corretto-21.0.4\bin\zip.dll
Event: 0.076 Loaded shared library C:\Program Files\JetBrains\IntelliJ IDEA Community Edition 2024.2.1\bin\breakgen64.dll
Event: 0.081 Loaded shared library C:\Users\farre\.jdks\corretto-21.0.4\bin\extnet.dll
Event: 0.090 Loaded shared library C:\Users\farre\.jdks\corretto-21.0.4\bin\jimage.dll
Event: 0.118 Loaded shared library C:\Users\farre\AppData\Local\Temp\lwjgl_farre\3.3.4+7\x64\lwjgl.dll
Event: 0.319 Loaded shared library C:\Users\farre\AppData\Local\Temp\lwjgl_farre\3.3.4+7\x64\lwjgl_opengl.dll

Deoptimization events (20 events):
Event: 0.108 Thread 0x0000022564ef37a0 DEOPT PACKING pc=0x000002256f1660f8 sp=0x00000096b5ff9ad0
Event: 0.108 Thread 0x0000022564ef37a0 DEOPT UNPACKING pc=0x00000225765988e2 sp=0x00000096b5ff8ef0 mode 0
Event: 0.132 Thread 0x0000022564ef37a0 Uncommon trap: trap_request=0xffffff45 fr.pc=0x0000022576d2faf8 relative=0x0000000000000ab8
Event: 0.132 Thread 0x0000022564ef37a0 Uncommon trap: reason=unstable_if action=reinterpret pc=0x0000022576d2faf8 method=java.util.HashMap.putVal(ILjava/lang/Object;Ljava/lang/Object;ZZ)Ljava/lang/Object; @ 181 c2
Event: 0.132 Thread 0x0000022564ef37a0 DEOPT PACKING pc=0x0000022576d2faf8 sp=0x00000096b5ffb400
Event: 0.132 Thread 0x0000022564ef37a0 DEOPT UNPACKING pc=0x0000022576597da2 sp=0x00000096b5ffb3c0 mode 2
Event: 0.138 Thread 0x0000022564ef37a0 DEOPT PACKING pc=0x000002256f1fc18b sp=0x00000096b5ffb580
Event: 0.138 Thread 0x0000022564ef37a0 DEOPT UNPACKING pc=0x00000225765988e2 sp=0x00000096b5ffaa18 mode 0
Event: 0.139 Thread 0x0000022564ef37a0 DEOPT PACKING pc=0x000002256f1fc18b sp=0x00000096b5ffb580
Event: 0.139 Thread 0x0000022564ef37a0 DEOPT UNPACKING pc=0x00000225765988e2 sp=0x00000096b5ffaa18 mode 0
Event: 0.139 Thread 0x0000022564ef37a0 DEOPT PACKING pc=0x000002256f1fc18b sp=0x00000096b5ffb580
Event: 0.139 Thread 0x0000022564ef37a0 DEOPT UNPACKING pc=0x00000225765988e2 sp=0x00000096b5ffaa18 mode 0
Event: 0.139 Thread 0x0000022564ef37a0 DEOPT PACKING pc=0x000002256f1fc18b sp=0x00000096b5ffb580
Event: 0.139 Thread 0x0000022564ef37a0 DEOPT UNPACKING pc=0x00000225765988e2 sp=0x00000096b5ffaa18 mode 0
Event: 0.139 Thread 0x0000022564ef37a0 DEOPT PACKING pc=0x000002256f1fc18b sp=0x00000096b5ffb580
Event: 0.139 Thread 0x0000022564ef37a0 DEOPT UNPACKING pc=0x00000225765988e2 sp=0x00000096b5ffaa18 mode 0
Event: 0.140 Thread 0x0000022564ef37a0 DEOPT PACKING pc=0x000002256f1fc18b sp=0x00000096b5ffb580
Event: 0.140 Thread 0x0000022564ef37a0 DEOPT UNPACKING pc=0x00000225765988e2 sp=0x00000096b5ffaa18 mode 0
Event: 0.140 Thread 0x0000022564ef37a0 DEOPT PACKING pc=0x000002256f1fc18b sp=0x00000096b5ffb580
Event: 0.140 Thread 0x0000022564ef37a0 DEOPT UNPACKING pc=0x00000225765988e2 sp=0x00000096b5ffaa18 mode 0

Classes loaded (20 events):
Event: 0.141 Loading class java/lang/invoke/DirectMethodHandle$StaticAccessor
Event: 0.141 Loading class java/lang/invoke/DirectMethodHandle$StaticAccessor done
Event: 0.144 Loading class java/util/function/LongPredicate
Event: 0.144 Loading class java/util/function/LongPredicate done
Event: 0.144 Loading class java/lang/foreign/MemorySegment
Event: 0.145 Loading class java/lang/foreign/MemorySegment done
Event: 0.147 Loading class java/nio/InvalidMarkException
Event: 0.147 Loading class java/nio/InvalidMarkException done
Event: 0.147 Loading class java/nio/BufferUnderflowException
Event: 0.147 Loading class java/nio/BufferUnderflowException done
Event: 0.152 Loading class java/util/Formatter$FixedString
Event: 0.152 Loading class java/util/Formatter$FixedString done
Event: 0.158 Loading class java/lang/NoSuchFieldError
Event: 0.158 Loading class java/lang/NoSuchFieldError done
Event: 0.161 Loading class jdk/internal/foreign/MemorySessionImpl
Event: 0.161 Loading class java/lang/foreign/MemorySegment$Scope
Event: 0.161 Loading class java/lang/foreign/MemorySegment$Scope done
Event: 0.161 Loading class jdk/internal/foreign/MemorySessionImpl done
Event: 0.162 Loading class jdk/internal/reflect/MethodHandleIntegerFieldAccessorImpl
Event: 0.162 Loading class jdk/internal/reflect/MethodHandleIntegerFieldAccessorImpl done

Classes unloaded (0 events):
No events

Classes redefined (0 events):
No events

Internal exceptions (20 events):
Event: 0.104 Thread 0x0000022564ef37a0 Exception <a 'java/lang/NoSuchMethodError'{0x000000062d1f1730}: 'void java.lang.invoke.DelegatingMethodHandle$Holder.delegate(java.lang.Object, java.lang.Object, int, java.lang.Object)'> (0x000000062d1f1730) 
thrown [s\src\hotspot\share\interpreter\linkResolver.cpp, line 773]
Event: 0.104 Thread 0x0000022564ef37a0 Exception <a 'java/lang/NoSuchMethodError'{0x000000062d1f54c0}: 'int java.lang.invoke.DirectMethodHandle$Holder.invokeSpecial(java.lang.Object, java.lang.Object, java.lang.Object)'> (0x000000062d1f54c0) 
thrown [s\src\hotspot\share\interpreter\linkResolver.cpp, line 773]
Event: 0.106 Thread 0x0000022564ef37a0 Exception <a 'java/lang/NoSuchMethodError'{0x000000062d20e9f0}: 'void java.lang.System.loadLibrary(java.lang.String, java.lang.Class)'> (0x000000062d20e9f0) 
thrown [s\src\hotspot\share\interpreter\linkResolver.cpp, line 773]
Event: 0.121 Thread 0x0000022564ef37a0 Exception <a 'sun/nio/fs/WindowsException'{0x000000062d23f568}> (0x000000062d23f568) 
thrown [s\src\hotspot\share\prims\jni.cpp, line 520]
Event: 0.121 Thread 0x0000022564ef37a0 Exception <a 'sun/nio/fs/WindowsException'{0x000000062d23fa98}> (0x000000062d23fa98) 
thrown [s\src\hotspot\share\prims\jni.cpp, line 520]
Event: 0.144 Thread 0x0000022564ef37a0 Exception <a 'java/lang/NoSuchMethodError'{0x000000062d2c97a8}: 'int java.lang.invoke.DirectMethodHandle$Holder.invokeStaticInit(java.lang.Object, java.lang.Object, int, long)'> (0x000000062d2c97a8) 
thrown [s\src\hotspot\share\interpreter\linkResolver.cpp, line 773]
Event: 0.144 Thread 0x0000022564ef37a0 Exception <a 'java/lang/NoSuchMethodError'{0x000000062d2ce8b0}: 'java.lang.Object java.lang.invoke.DirectMethodHandle$Holder.newInvokeSpecial(java.lang.Object, java.lang.Object, int)'> (0x000000062d2ce8b0) 
thrown [s\src\hotspot\share\interpreter\linkResolver.cpp, line 773]
Event: 0.145 Thread 0x0000022564ef37a0 Exception <a 'java/lang/NoSuchMethodError'{0x000000062d2dcea0}: 'int java.lang.invoke.DirectMethodHandle$Holder.invokeStaticInit(java.lang.Object, java.lang.Object, long, long)'> (0x000000062d2dcea0) 
thrown [s\src\hotspot\share\interpreter\linkResolver.cpp, line 773]
Event: 0.145 Thread 0x0000022564ef37a0 Exception <a 'java/lang/NoSuchMethodError'{0x000000062d2e2928}: 'java.lang.Object java.lang.invoke.DirectMethodHandle$Holder.newInvokeSpecial(java.lang.Object, java.lang.Object, long)'> (0x000000062d2e2928) 
thrown [s\src\hotspot\share\interpreter\linkResolver.cpp, line 773]
Event: 0.145 Thread 0x0000022564ef37a0 Exception <a 'java/lang/NoSuchMethodError'{0x000000062d2e67d0}: 'java.lang.Object java.lang.invoke.Invokers$Holder.linkToTargetMethod(java.lang.Object, long, java.lang.Object)'> (0x000000062d2e67d0) 
thrown [s\src\hotspot\share\interpreter\linkResolver.cpp, line 773]
Event: 0.146 Thread 0x0000022564ef37a0 Exception <a 'java/lang/NoSuchMethodError'{0x000000062d2ed9f8}: 'int java.lang.invoke.DirectMethodHandle$Holder.invokeStaticInit(java.lang.Object, java.lang.Object, java.lang.Object, long)'> (0x000000062d2ed9f8) 
thrown [s\src\hotspot\share\interpreter\linkResolver.cpp, line 773]
Event: 0.158 Thread 0x0000022564ef37a0 Exception <a 'sun/nio/fs/WindowsException'{0x000000062d38dc30}> (0x000000062d38dc30) 
thrown [s\src\hotspot\share\prims\jni.cpp, line 520]
Event: 0.158 Thread 0x0000022564ef37a0 Exception <a 'sun/nio/fs/WindowsException'{0x000000062d38df90}> (0x000000062d38df90) 
thrown [s\src\hotspot\share\prims\jni.cpp, line 520]
Event: 0.162 Thread 0x0000022564ef37a0 Exception <a 'java/lang/NoSuchMethodError'{0x000000062d3a3b90}: 'int java.lang.invoke.Invokers$Holder.invokeExact_MT(java.lang.Object, java.lang.Object)'> (0x000000062d3a3b90) 
thrown [s\src\hotspot\share\interpreter\linkResolver.cpp, line 773]
Event: 0.315 Thread 0x0000022564ef37a0 Exception <a 'java/lang/NoSuchMethodError'{0x000000062cc8a378}: 'void java.lang.System.load(java.lang.String, java.lang.Class)'> (0x000000062cc8a378) 
thrown [s\src\hotspot\share\interpreter\linkResolver.cpp, line 773]
Event: 0.315 Thread 0x0000022564ef37a0 Exception <a 'java/lang/NoSuchMethodError'{0x000000062cc8cdc8}: 'void java.lang.System.loadLibrary(java.lang.String, java.lang.Class)'> (0x000000062cc8cdc8) 
thrown [s\src\hotspot\share\interpreter\linkResolver.cpp, line 773]
Event: 0.317 Thread 0x0000022564ef37a0 Exception <a 'sun/nio/fs/WindowsException'{0x000000062cc9c100}> (0x000000062cc9c100) 
thrown [s\src\hotspot\share\prims\jni.cpp, line 520]
Event: 0.318 Thread 0x0000022564ef37a0 Exception <a 'sun/nio/fs/WindowsException'{0x000000062cc9c4a0}> (0x000000062cc9c4a0) 
thrown [s\src\hotspot\share\prims\jni.cpp, line 520]
Event: 0.320 Thread 0x0000022564ef37a0 Exception <a 'sun/nio/fs/WindowsException'{0x000000062cca4b58}> (0x000000062cca4b58) 
thrown [s\src\hotspot\share\prims\jni.cpp, line 520]
Event: 0.320 Thread 0x0000022564ef37a0 Exception <a 'sun/nio/fs/WindowsException'{0x000000062cca4e28}> (0x000000062cca4e28) 
thrown [s\src\hotspot\share\prims\jni.cpp, line 520]

ZGC Phase Switch (0 events):
No events

VM Operations (2 events):
Event: 0.047 Executing VM operation: HandshakeAllThreads (Deoptimize)
Event: 0.047 Executing VM operation: HandshakeAllThreads (Deoptimize) done

Memory protections (0 events):
No events

Nmethod flushes (0 events):
No events

Events (18 events):
Event: 0.014 Thread 0x0000022564ef37a0 Thread added: 0x0000022564ef37a0
Event: 0.022 Thread 0x0000022564ef37a0 Thread added: 0x000002257fec5e50
Event: 0.022 Thread 0x0000022564ef37a0 Thread added: 0x000002257fec65c0
Event: 0.022 Thread 0x0000022564ef37a0 Thread added: 0x000002257fec8fa0
Event: 0.022 Thread 0x0000022564ef37a0 Thread added: 0x000002257fec9870
Event: 0.022 Thread 0x0000022564ef37a0 Thread added: 0x000002257fed0030
Event: 0.022 Thread 0x0000022564ef37a0 Thread added: 0x000002257fede8a0
Event: 0.022 Thread 0x0000022564ef37a0 Thread added: 0x000002250d378e30
Event: 0.023 Thread 0x0000022564ef37a0 Thread added: 0x000002250d3894f0
Event: 0.024 Thread 0x000002250d3894f0 Thread added: 0x000002250d3ede70
Event: 0.044 Thread 0x0000022564ef37a0 Thread added: 0x000002257fe90700
Event: 0.050 Thread 0x000002250d3894f0 Thread added: 0x000002250d4f91c0
Event: 0.076 Thread 0x0000022564ef37a0 Thread added: 0x000002250d6ebae0
Event: 0.076 Thread 0x0000022564ef37a0 Thread added: 0x000002250d6ec150
Event: 0.164 Thread 0x000002250d3894f0 Thread added: 0x00000225532a52d0
Event: 0.310 Thread 0x000002250d4f91c0 Thread exited: 0x000002250d4f91c0
Event: 0.320 Thread 0x000002250d3894f0 Thread added: 0x00000225596efb10
Event: 0.320 Thread 0x000002250d3ede70 Thread added: 0x00000225596f01c0


Dynamic libraries:
0x00007ff7a3e40000 - 0x00007ff7a3e4e000 	C:\Users\farre\.jdks\corretto-21.0.4\bin\java.exe
0x00007fff51300000 - 0x00007fff51563000 	C:\Windows\SYSTEM32\ntdll.dll
0x00007fff509a0000 - 0x00007fff50a67000 	C:\Windows\System32\KERNEL32.DLL
0x00007fff4e910000 - 0x00007fff4ecc0000 	C:\Windows\System32\KERNELBASE.dll
0x00007fff4e7c0000 - 0x00007fff4e90b000 	C:\Windows\System32\ucrtbase.dll
0x00007fff49e70000 - 0x00007fff49e88000 	C:\Users\farre\.jdks\corretto-21.0.4\bin\jli.dll
0x00007fff49c00000 - 0x00007fff49c1b000 	C:\Users\farre\.jdks\corretto-21.0.4\bin\VCRUNTIME140.dll
0x00007fff4f230000 - 0x00007fff4f3f3000 	C:\Windows\System32\USER32.dll
0x00007fff4ef20000 - 0x00007fff4ef47000 	C:\Windows\System32\win32u.dll
0x00007fff50b50000 - 0x00007fff50b7a000 	C:\Windows\System32\GDI32.dll
0x00007fff4edf0000 - 0x00007fff4ef13000 	C:\Windows\System32\gdi32full.dll
0x00007fff4ef50000 - 0x00007fff4eff3000 	C:\Windows\System32\msvcp_win.dll
0x00007fff36c30000 - 0x00007fff36ec0000 	C:\Windows\WinSxS\amd64_microsoft.windows.common-controls_6595b64144ccf1df_6.0.26100.1882_none_3e0e949ae32eca40\COMCTL32.dll
0x00007fff508c0000 - 0x00007fff50969000 	C:\Windows\System32\msvcrt.dll
0x00007fff4f1f0000 - 0x00007fff4f21f000 	C:\Windows\System32\IMM32.DLL
0x00007fff49b80000 - 0x00007fff49b8c000 	C:\Users\farre\.jdks\corretto-21.0.4\bin\vcruntime140_1.dll
0x00007ffecf690000 - 0x00007ffecf71d000 	C:\Users\farre\.jdks\corretto-21.0.4\bin\msvcp140.dll
0x00007ffe45350000 - 0x00007ffe460e6000 	C:\Users\farre\.jdks\corretto-21.0.4\bin\server\jvm.dll
0x00007fff51080000 - 0x00007fff51134000 	C:\Windows\System32\ADVAPI32.dll
0x00007fff50fd0000 - 0x00007fff51076000 	C:\Windows\System32\sechost.dll
0x00007fff507a0000 - 0x00007fff508b6000 	C:\Windows\System32\RPCRT4.dll
0x00007fff50550000 - 0x00007fff505c4000 	C:\Windows\System32\WS2_32.dll
0x00007fff4dce0000 - 0x00007fff4dd2e000 	C:\Windows\SYSTEM32\POWRPROF.dll
0x00007fff3e5c0000 - 0x00007fff3e5f6000 	C:\Windows\SYSTEM32\WINMM.dll
0x00007fff452b0000 - 0x00007fff452bb000 	C:\Windows\SYSTEM32\VERSION.dll
0x00007fff4db60000 - 0x00007fff4db74000 	C:\Windows\SYSTEM32\UMPDC.dll
0x00007fff4d520000 - 0x00007fff4d53a000 	C:\Windows\SYSTEM32\kernel.appcore.dll
0x00007fff2d440000 - 0x00007fff2d44a000 	C:\Users\farre\.jdks\corretto-21.0.4\bin\jimage.dll
0x00007fff4bef0000 - 0x00007fff4c131000 	C:\Windows\SYSTEM32\DBGHELP.DLL
0x00007fff50bd0000 - 0x00007fff50f4c000 	C:\Windows\System32\combase.dll
0x00007fff50a70000 - 0x00007fff50b46000 	C:\Windows\System32\OLEAUT32.dll
0x00007fff379a0000 - 0x00007fff379d9000 	C:\Windows\SYSTEM32\dbgcore.DLL
0x00007fff4ecd0000 - 0x00007fff4ed69000 	C:\Windows\System32\bcryptPrimitives.dll
0x00007fff2d430000 - 0x00007fff2d43e000 	C:\Users\farre\.jdks\corretto-21.0.4\bin\instrument.dll
0x00007fff214e0000 - 0x00007fff214ff000 	C:\Users\farre\.jdks\corretto-21.0.4\bin\java.dll
0x00007fff4f6c0000 - 0x00007fff4fdb8000 	C:\Windows\System32\SHELL32.dll
0x00007fff4c480000 - 0x00007fff4ccaa000 	C:\Windows\SYSTEM32\windows.storage.dll
0x00007fff4fdc0000 - 0x00007fff4fe93000 	C:\Windows\System32\SHCORE.dll
0x00007fff4f190000 - 0x00007fff4f1ed000 	C:\Windows\System32\shlwapi.dll
0x00007fff4e620000 - 0x00007fff4e649000 	C:\Windows\SYSTEM32\profapi.dll
0x00007ffe48d10000 - 0x00007ffe48de7000 	C:\Users\farre\.jdks\corretto-21.0.4\bin\jsvml.dll
0x00007fff1e7e0000 - 0x00007fff1e7f8000 	C:\Users\farre\.jdks\corretto-21.0.4\bin\zip.dll
0x00007fff2d420000 - 0x00007fff2d430000 	C:\Users\farre\.jdks\corretto-21.0.4\bin\net.dll
0x00007fff49560000 - 0x00007fff49686000 	C:\Windows\SYSTEM32\WINHTTP.dll
0x00007fff4da70000 - 0x00007fff4dad8000 	C:\Windows\system32\mswsock.dll
0x00007fff1f5f0000 - 0x00007fff1f606000 	C:\Users\farre\.jdks\corretto-21.0.4\bin\nio.dll
0x00007fff0e550000 - 0x00007fff0e56a000 	C:\Program Files\JetBrains\IntelliJ IDEA Community Edition 2024.2.1\bin\breakgen64.dll
0x00007fff273d0000 - 0x00007fff273d9000 	C:\Users\farre\.jdks\corretto-21.0.4\bin\extnet.dll
0x00007ffe86ba0000 - 0x00007ffe86c1b000 	C:\Users\farre\AppData\Local\Temp\lwjgl_farre\3.3.4+7\x64\lwjgl.dll
0x00007ffe83310000 - 0x00007ffe83395000 	C:\Users\farre\AppData\Local\Temp\lwjgl_farre\3.3.4+7\x64\glfw.dll
0x00007fff15ff0000 - 0x00007fff1603b000 	C:\Windows\SYSTEM32\dinput8.dll
0x00007fff0e240000 - 0x00007fff0e252000 	C:\Windows\SYSTEM32\xinput1_4.dll
0x00007fff4e380000 - 0x00007fff4e3ad000 	C:\Windows\SYSTEM32\DEVOBJ.dll
0x00007fff4e3b0000 - 0x00007fff4e40f000 	C:\Windows\SYSTEM32\cfgmgr32.dll
0x00007fff4b920000 - 0x00007fff4b94e000 	C:\Windows\SYSTEM32\dwmapi.dll
0x00007fff3c810000 - 0x00007fff3c9ec000 	C:\Windows\SYSTEM32\inputhost.dll
0x00007fff49100000 - 0x00007fff49225000 	C:\Windows\SYSTEM32\CoreMessaging.dll
0x00007fff4b520000 - 0x00007fff4b5cd000 	C:\Windows\system32\uxtheme.dll
0x00007fff4f520000 - 0x00007fff4f67b000 	C:\Windows\System32\MSCTF.dll
0x00007fff4dd40000 - 0x00007fff4dd4c000 	C:\Windows\SYSTEM32\CRYPTBASE.DLL
0x00007ffecb270000 - 0x00007ffecb37c000 	C:\Windows\SYSTEM32\opengl32.dll
0x00007ffef8550000 - 0x00007ffef857d000 	C:\Windows\SYSTEM32\GLU32.dll
0x00007fff4b700000 - 0x00007fff4b740000 	C:\Windows\SYSTEM32\dxcore.dll
0x00007fff36540000 - 0x00007fff3655a000 	C:\Windows\SYSTEM32\windows.staterepositorycore.dll
0x00007ffe97890000 - 0x00007ffe99e78000 	C:\Windows\System32\DriverStore\FileRepository\nv_dispi.inf_amd64_dcf94619172aceb0\nvoglv64.dll
0x00007fff4fea0000 - 0x00007fff50325000 	C:\Windows\System32\SETUPAPI.dll
0x00007fff503b0000 - 0x00007fff50549000 	C:\Windows\System32\ole32.dll
0x00007fff49960000 - 0x00007fff49975000 	C:\Windows\SYSTEM32\WTSAPI32.dll
0x00007fff4df20000 - 0x00007fff4df33000 	C:\Windows\SYSTEM32\msasn1.dll
0x00007fff45270000 - 0x00007fff452ab000 	C:\Windows\SYSTEM32\cryptnet.dll
0x00007fff4f000000 - 0x00007fff4f176000 	C:\Windows\System32\CRYPT32.dll
0x00007fff4dde0000 - 0x00007fff4de3d000 	C:\Windows\SYSTEM32\wldp.dll
0x00007fff450d0000 - 0x00007fff45241000 	C:\Windows\SYSTEM32\drvstore.dll
0x00007fff4ed70000 - 0x00007fff4edea000 	C:\Windows\System32\WINTRUST.dll
0x00007fff4d640000 - 0x00007fff4d675000 	C:\Windows\SYSTEM32\ntmarta.dll
0x00007fff4f690000 - 0x00007fff4f6b0000 	C:\Windows\System32\imagehlp.dll
0x00007fff4dec0000 - 0x00007fff4dedc000 	C:\Windows\SYSTEM32\CRYPTSP.dll
0x00007fff4d480000 - 0x00007fff4d4b8000 	C:\Windows\system32\rsaenh.dll
0x00007fff4e050000 - 0x00007fff4e076000 	C:\Windows\SYSTEM32\bcrypt.dll
0x00007fff42d20000 - 0x00007fff44d0e000 	C:\Windows\System32\DriverStore\FileRepository\nv_dispi.inf_amd64_dcf94619172aceb0\nvgpucomp64.dll
0x00007fff291e0000 - 0x00007fff294dd000 	C:\Windows\system32\nvspcap64.dll
0x00007fff4d840000 - 0x00007fff4d89e000 	C:\Windows\SYSTEM32\WINSTA.dll
0x00007ffed95b0000 - 0x00007ffed9611000 	C:\Users\farre\AppData\Local\Temp\lwjgl_farre\3.3.4+7\x64\lwjgl_opengl.dll

dbghelp: loaded successfully - version: 4.0.5 - missing functions: none
symbol engine: initialized successfully - sym options: 0x614 - pdb path: .;C:\Users\farre\.jdks\corretto-21.0.4\bin;C:\Windows\SYSTEM32;C:\Windows\WinSxS\amd64_microsoft.windows.common-controls_6595b64144ccf1df_6.0.26100.1882_none_3e0e949ae32eca40;C:\Users\farre\.jdks\corretto-21.0.4\bin\server;C:\Program Files\JetBrains\IntelliJ IDEA Community Edition 2024.2.1\bin;C:\Users\farre\AppData\Local\Temp\lwjgl_farre\3.3.4+7\x64;C:\Windows\System32\DriverStore\FileRepository\nv_dispi.inf_amd64_dcf94619172aceb0

VM Arguments:
jvm_args: --add-exports=java.base/java.lang=ALL-UNNAMED --add-exports=java.desktop/sun.awt=ALL-UNNAMED --add-exports=java.desktop/sun.java2d=ALL-UNNAMED -javaagent:C:\Program Files\JetBrains\IntelliJ IDEA Community Edition 2024.2.1\lib\idea_rt.jar=60910:C:\Program Files\JetBrains\IntelliJ IDEA Community Edition 2024.2.1\bin -Dfile.encoding=UTF-8 -Dsun.stdout.encoding=UTF-8 -Dsun.stderr.encoding=UTF-8 
java_command: uk.co.jamesj999.sonic.Engine
java_class_path (initial): C:\Users\farre\IdeaProjects\sonic-engine\target\classes;C:\Users\farre\.m2\repository\org\apache\commons\commons-lang3\3.17.0\commons-lang3-3.17.0.jar;C:\Users\farre\.m2\repository\org\lwjgl\lwjgl\3.3.4\lwjgl-3.3.4.jar;C:\Users\farre\.m2\repository\org\lwjgl\lwjgl-assimp\3.3.4\lwjgl-assimp-3.3.4.jar;C:\Users\farre\.m2\repository\org\lwjgl\lwjgl-glfw\3.3.4\lwjgl-glfw-3.3.4.jar;C:\Users\farre\.m2\repository\org\lwjgl\lwjgl-openal\3.3.4\lwjgl-openal-3.3.4.jar;C:\Users\farre\.m2\repository\org\lwjgl\lwjgl-opengl\3.3.4\lwjgl-opengl-3.3.4.jar;C:\Users\farre\.m2\repository\org\lwjgl\lwjgl-stb\3.3.4\lwjgl-stb-3.3.4.jar;C:\Users\farre\.m2\repository\org\lwjgl\lwjgl\3.3.4\lwjgl-3.3.4-natives-windows.jar;C:\Users\farre\.m2\repository\org\lwjgl\lwjgl-assimp\3.3.4\lwjgl-assimp-3.3.4-natives-windows.jar;C:\Users\farre\.m2\repository\org\lwjgl\lwjgl-glfw\3.3.4\lwjgl-glfw-3.3.4-natives-windows.jar;C:\Users\farre\.m2\repository\org\lwjgl\lwjgl-openal\3.3.4\lwjgl-openal-3.3.4-natives-windows.jar;C:\Users\farre\.m2\repository\org\lwjgl\lwjgl-opengl\3.3.4\lwjgl-opengl-3.3.4-natives-windows.jar;C:\Users\farre\.m2\repository\org\lwjgl\lwjgl-stb\3.3.4\lwjgl-stb-3.3.4-natives-windows.jar
Launcher Type: SUN_STANDARD

[Global flags]
     intx CICompilerCount                          = 15                                        {product} {ergonomic}
     uint ConcGCThreads                            = 6                                         {product} {ergonomic}
     uint G1ConcRefinementThreads                  = 23                                        {product} {ergonomic}
   size_t G1HeapRegionSize                         = 4194304                                   {product} {ergonomic}
    uintx GCDrainStackTargetSize                   = 64                                        {product} {ergonomic}
   size_t InitialHeapSize                          = 524288000                                 {product} {ergonomic}
   size_t MarkStackSize                            = 4194304                                   {product} {ergonomic}
   size_t MaxHeapSize                              = 8350859264                                {product} {ergonomic}
   size_t MaxNewSize                               = 5007998976                                {product} {ergonomic}
   size_t MinHeapDeltaBytes                        = 4194304                                   {product} {ergonomic}
   size_t MinHeapSize                              = 8388608                                   {product} {ergonomic}
    uintx NonNMethodCodeHeapSize                   = 8192380                                {pd product} {ergonomic}
    uintx NonProfiledCodeHeapSize                  = 121732930                              {pd product} {ergonomic}
    uintx ProfiledCodeHeapSize                     = 121732930                              {pd product} {ergonomic}
    uintx ReservedCodeCacheSize                    = 251658240                              {pd product} {ergonomic}
     bool SegmentedCodeCache                       = true                                      {product} {ergonomic}
   size_t SoftMaxHeapSize                          = 8350859264                             {manageable} {ergonomic}
     bool UseCompressedOops                        = true                           {product lp64_product} {ergonomic}
     bool UseG1GC                                  = true                                      {product} {ergonomic}
     bool UseLargePagesIndividualAllocation        = false                                  {pd product} {ergonomic}

Logging:
Log output configuration:
 #0: stdout all=warning uptime,level,tags foldmultilines=false
 #1: stderr all=off uptime,level,tags foldmultilines=false

Environment Variables:
JAVA_HOME=C:\Program Files\Eclipse Adoptium\jre-21.0.4.7-hotspot\
PATH=C:\Program Files\Eclipse Adoptium\jdk-21.0.4.7-hotspot\bin;C:\Program Files\Eclipse Adoptium\jre-17.0.12.7-hotspot\bin;C:\Program Files\Eclipse Adoptium\jre-21.0.4.7-hotspot\bin;C:\Windows\system32;C:\Windows;C:\Windows\System32\Wbem;C:\Windows\System32\WindowsPowerShell\v1.0\;C:\Windows\System32\OpenSSH\;C:\Program Files (x86)\NVIDIA Corporation\PhysX\Common;C:\Program Files\dotnet\;C:\Program Files\NVIDIA Corporation\NVIDIA app\NvDLISR;C:\Program Files (x86)\Gpg4win\..\GnuPG\bin;C:\Program Files (x86)\Windows Kits\8.1\Windows Performance Toolkit\;C:\Program Files\Git\cmd;C:\Users\farre\AppData\Local\Programs\Python\Python312\Scripts\;C:\Users\farre\AppData\Local\Programs\Python\Python312\;C:\Users\farre\AppData\Local\Microsoft\WindowsApps;
USERNAME=farre
OS=Windows_NT
PROCESSOR_IDENTIFIER=AMD64 Family 26 Model 68 Stepping 0, AuthenticAMD
TMP=C:\Users\farre\AppData\Local\Temp
TEMP=C:\Users\farre\AppData\Local\Temp




Periodic native trim disabled

---------------  S Y S T E M  ---------------

OS:
 Windows 11 , 64 bit Build 26100 (10.0.26100.1882)
OS uptime: 3 days 7:26 hours
Hyper-V role detected

CPU: total 32 (initial active 32) (32 cores per cpu, 2 threads per core) family 26 model 68 stepping 0 microcode 0xb404022, cx8, cmov, fxsr, ht, mmx, 3dnowpref, sse, sse2, sse3, ssse3, sse4a, sse4.1, sse4.2, popcnt, lzcnt, tsc, tscinvbit, avx, avx2, aes, erms, clmul, bmi1, bmi2, adx, avx512f, avx512dq, avx512cd, avx512bw, avx512vl, sha, fma, vzeroupper, avx512_vpopcntdq, avx512_vpclmulqdq, avx512_vaes, avx512_vnni, clflush, clflushopt, avx512_vbmi2, avx512_vbmi, hv, rdtscp, rdpid, fsrm, gfni, avx512_bitalg, f16c, cet_ss, avx512_ifma
Processor Information for all 32 processors :
  Max Mhz: 4300, Current Mhz: 4300, Mhz Limit: 4300

Memory: 4k page, system-wide physical 31848M (10968M free)
TotalPageFile size 51304M (AvailPageFile size 12830M)
current process WorkingSet (physical memory assigned to process): 94M, peak: 94M
current process commit charge ("private bytes"): 699M, peak: 699M

vm_info: OpenJDK 64-Bit Server VM (21.0.4+7-LTS) for windows-amd64 JRE (21.0.4+7-LTS), built on 2024-07-10T17:34:29Z by "Administrator" with MS VC++ 16.10 / 16.11 (VS2019)

END.
