#
# A fatal error has been detected by the Java Runtime Environment:
#
#  EXCEPTION_ACCESS_VIOLATION (0xc0000005) at pc=0x00007ffed95c0aba, pid=9592, tid=42716
#
# JRE version: OpenJDK Runtime Environment Corretto-21.0.4.7.1 (21.0.4+7) (build 21.0.4+7-LTS)
# Java VM: OpenJDK 64-Bit Server VM Corretto-21.0.4.7.1 (21.0.4+7-LTS, mixed mode, sharing, tiered, compressed oops, compressed class ptrs, g1 gc, windows-amd64)
# Problematic frame:
# C  [lwjgl_opengl.dll+0x10aba]
#
# No core dump will be written. Minidumps are not enabled by default on client versions of Windows
#
# If you would like to submit a bug report, please visit:
#   https://github.com/corretto/corretto-21/issues/
# The crash happened outside the Java Virtual Machine in native code.
# See problematic frame for where to report the bug.
#

---------------  S U M M A R Y ------------

Command Line: -agentlib:jdwp=transport=dt_socket,address=127.0.0.1:49988,suspend=y,server=n --add-exports=java.base/java.lang=ALL-UNNAMED --add-exports=java.desktop/sun.awt=ALL-UNNAMED --add-exports=java.desktop/sun.java2d=ALL-UNNAMED -javaagent:C:\Users\farre\AppData\Local\JetBrains\IdeaIC2024.2\captureAgent\debugger-agent.jar -Dkotlinx.coroutines.debug.enable.creation.stack.trace=false -Ddebugger.agent.enable.coroutines=true -Dfile.encoding=UTF-8 -Dsun.stdout.encoding=UTF-8 -Dsun.stderr.encoding=UTF-8 uk.co.jamesj999.sonic.Engine

Host: AMD Ryzen 9 9950X 16-Core Processor            , 32 cores, 31G,  Windows 11 , 64 bit Build 26100 (10.0.26100.1882)
Time: Thu Oct 24 18:42:27 2024 GMT Summer Time elapsed time: 12.286661 seconds (0d 0h 0m 12s)

---------------  T H R E A D  ---------------

Current thread (0x000001bcf3229490):  JavaThread "main"             [_thread_in_native, id=42716, stack(0x0000005c04800000,0x0000005c04900000) (1024K)]

Stack: [0x0000005c04800000,0x0000005c04900000],  sp=0x0000005c048ff328,  free space=1020k
Native frames: (J=compiled Java code, j=interpreted, Vv=VM code, C=native code)
C  [lwjgl_opengl.dll+0x10aba]

Java frames: (J=compiled Java code, j=interpreted, Vv=VM code)
j  org.lwjgl.opengl.GL30C.nglGenVertexArrays(IJ)V+0
j  org.lwjgl.opengl.GL30C.glGenVertexArrays()I+20
j  org.lwjgl.opengl.ARBVertexArrayObject.glGenVertexArrays()I+0
j  uk.co.jamesj999.sonic.Engine.initWindow()V+252
j  uk.co.jamesj999.sonic.Engine.run()V+1
j  uk.co.jamesj999.sonic.Engine.main([Ljava/lang/String;)V+7
v  ~StubRoutines::call_stub 0x000001bc874110e7

siginfo: EXCEPTION_ACCESS_VIOLATION (0xc0000005), reading address 0x00000000000013c8


Registers:
RAX=0x0000000000000000, RBX=0x000001bcdb5249c0, RCX=0x000001bcf3229848, RDX=0x000001bc99451f7c
RSP=0x0000005c048ff328, RBP=0x0000005c048ff3b8, RSI=0x0000000000000000, RDI=0x000001bc874194b7
R8 =0x0000000000000001, R9 =0x000001bc99451f7c, R10=0x000001bc87420887, R11=0x000000062cf88ba8
R12=0x0000000000000000, R13=0x000001bcdb5249c0, R14=0x0000005c048ff3e8, R15=0x000001bcf3229490
RIP=0x00007ffed95c0aba, EFLAGS=0x0000000000010206


Register to memory mapping:

RAX=0x0 is null
RBX={method} {0x000001bcdb5249c8} 'nglGenVertexArrays' '(IJ)V' in 'org/lwjgl/opengl/GL30C'
RCX=0x000001bcf3229848 points into unknown readable memory: 0x000001bc99475b90 | 90 5b 47 99 bc 01 00 00
RDX=0x000001bc99451f7c points into unknown readable memory: 00 00 00 00
RSP=0x0000005c048ff328 is pointing into the stack for thread: 0x000001bcf3229490
RBP=0x0000005c048ff3b8 is pointing into the stack for thread: 0x000001bcf3229490
RSI=0x0 is null
RDI=0x000001bc874194b7 is at code_begin+4151 in an Interpreter codelet
return entry points  [0x000001bc87418480, 0x000001bc8741a590]  8464 bytes
R8 =0x0000000000000001 is an unknown value
R9 =0x000001bc99451f7c points into unknown readable memory: 00 00 00 00
R10=0x000001bc87420887 is at code_begin+1927 in an Interpreter codelet
native method entry point (kind = native)  [0x000001bc87420100, 0x000001bc87421438]  4920 bytes
R11=0x000000062cf88ba8 is an oop: java.lang.Class 
{0x000000062cf88ba8} - klass: 'java/lang/Class'
 - ---- fields (total size 130 words):
 - private volatile transient 'classRedefinedCount' 'I' @12  0 (0x00000000)
 - injected 'klass' 'J' @16  1909566054912 (0x000001bc9b01a200)
 - injected 'array_klass' 'J' @24  0 (0x0000000000000000)
 - injected 'oop_size' 'I' @32  130 (0x00000082)
 - injected 'static_oop_field_count' 'I' @36  0 (0x00000000)
 - private volatile transient 'cachedConstructor' 'Ljava/lang/reflect/Constructor;' @40  null (0x00000000)
 - private transient 'name' 'Ljava/lang/String;' @44  "org.lwjgl.opengl.GL30C"{0x000000062cf88fb8} (0xc59f11f7)
 - private transient 'module' 'Ljava/lang/Module;' @48  a 'java/lang/Module'{0x000000062d4693a0} (0xc5a8d274)
 - private final 'classLoader' 'Ljava/lang/ClassLoader;' @52  a 'jdk/internal/loader/ClassLoaders$AppClassLoader'{0x000000062d4691e0} (0xc5a8d23c)
 - private transient 'classData' 'Ljava/lang/Object;' @56  null (0x00000000)
 - private transient 'packageName' 'Ljava/lang/String;' @60  "org.lwjgl.opengl"{0x000000062ce857a8} (0xc59d0af5)
 - private final 'componentType' 'Ljava/lang/Class;' @64  null (0x00000000)
 - private volatile transient 'reflectionData' 'Ljava/lang/ref/SoftReference;' @68  null (0x00000000)
 - private volatile transient 'genericInfo' 'Lsun/reflect/generics/repository/ClassRepository;' @72  null (0x00000000)
 - private volatile transient 'enumConstants' '[Ljava/lang/Object;' @76  null (0x00000000)
 - private volatile transient 'enumConstantDirectory' 'Ljava/util/Map;' @80  null (0x00000000)
 - private volatile transient 'annotationData' 'Ljava/lang/Class$AnnotationData;' @84  null (0x00000000)
 - private volatile transient 'annotationType' 'Lsun/reflect/annotation/AnnotationType;' @88  null (0x00000000)
 - transient 'classValueMap' 'Ljava/lang/ClassValue$ClassValueMap;' @92  null (0x00000000)
 - injected 'protection_domain' 'Ljava/lang/Object;' @96  a 'java/security/ProtectionDomain'{0x000000062ce89d08} (0xc59d13a1)
 - injected 'signers_name' 'Ljava/lang/Object;' @100  null (0x00000000)
 - injected 'source_file' 'Ljava/lang/Object;' @104  null (0x00000000)
 - signature: Lorg/lwjgl/opengl/GL30C;
 - ---- static fields (0):
 - public static final 'GL_MAJOR_VERSION' 'I' @112  33307 (0x0000821b)
 - public static final 'GL_MINOR_VERSION' 'I' @116  33308 (0x0000821c)
 - public static final 'GL_NUM_EXTENSIONS' 'I' @120  33309 (0x0000821d)
 - public static final 'GL_CONTEXT_FLAGS' 'I' @124  33310 (0x0000821e)
 - public static final 'GL_CONTEXT_FLAG_FORWARD_COMPATIBLE_BIT' 'I' @128  1 (0x00000001)
 - public static final 'GL_COMPARE_REF_TO_TEXTURE' 'I' @132  34894 (0x0000884e)
 - public static final 'GL_CLIP_DISTANCE0' 'I' @136  12288 (0x00003000)
 - public static final 'GL_CLIP_DISTANCE1' 'I' @140  12289 (0x00003001)
 - public static final 'GL_CLIP_DISTANCE2' 'I' @144  12290 (0x00003002)
 - public static final 'GL_CLIP_DISTANCE3' 'I' @148  12291 (0x00003003)
 - public static final 'GL_CLIP_DISTANCE4' 'I' @152  12292 (0x00003004)
 - public static final 'GL_CLIP_DISTANCE5' 'I' @156  12293 (0x00003005)
 - public static final 'GL_CLIP_DISTANCE6' 'I' @160  12294 (0x00003006)
 - public static final 'GL_CLIP_DISTANCE7' 'I' @164  12295 (0x00003007)
 - public static final 'GL_MAX_CLIP_DISTANCES' 'I' @168  3378 (0x00000d32)
 - public static final 'GL_MAX_VARYING_COMPONENTS' 'I' @172  35659 (0x00008b4b)
 - public static final 'GL_VERTEX_ATTRIB_ARRAY_INTEGER' 'I' @176  35069 (0x000088fd)
 - public static final 'GL_SAMPLER_1D_ARRAY' 'I' @180  36288 (0x00008dc0)
 - public static final 'GL_SAMPLER_2D_ARRAY' 'I' @184  36289 (0x00008dc1)
 - public static final 'GL_SAMPLER_1D_ARRAY_SHADOW' 'I' @188  36291 (0x00008dc3)
 - public static final 'GL_SAMPLER_2D_ARRAY_SHADOW' 'I' @192  36292 (0x00008dc4)
 - public static final 'GL_SAMPLER_CUBE_SHADOW' 'I' @196  36293 (0x00008dc5)
 - public static final 'GL_UNSIGNED_INT_VEC2' 'I' @200  36294 (0x00008dc6)
 - public static final 'GL_UNSIGNED_INT_VEC3' 'I' @204  36295 (0x00008dc7)
 - public static final 'GL_UNSIGNED_INT_VEC4' 'I' @208  36296 (0x00008dc8)
 - public static final 'GL_INT_SAMPLER_1D' 'I' @212  36297 (0x00008dc9)
 - public static final 'GL_INT_SAMPLER_2D' 'I' @216  36298 (0x00008dca)
 - public static final 'GL_INT_SAMPLER_3D' 'I' @220  36299 (0x00008dcb)
 - public static final 'GL_INT_SAMPLER_CUBE' 'I' @224  36300 (0x00008dcc)
 - public static final 'GL_INT_SAMPLER_1D_ARRAY' 'I' @228  36302 (0x00008dce)
 - public static final 'GL_INT_SAMPLER_2D_ARRAY' 'I' @232  36303 (0x00008dcf)
 - public static final 'GL_UNSIGNED_INT_SAMPLER_1D' 'I' @236  36305 (0x00008dd1)
 - public static final 'GL_UNSIGNED_INT_SAMPLER_2D' 'I' @240  36306 (0x00008dd2)
 - public static final 'GL_UNSIGNED_INT_SAMPLER_3D' 'I' @244  36307 (0x00008dd3)
 - public static final 'GL_UNSIGNED_INT_SAMPLER_CUBE' 'I' @248  36308 (0x00008dd4)
 - public static final 'GL_UNSIGNED_INT_SAMPLER_1D_ARRAY' 'I' @252  36310 (0x00008dd6)
 - public static final 'GL_UNSIGNED_INT_SAMPLER_2D_ARRAY' 'I' @256  36311 (0x00008dd7)
 - public static final 'GL_MIN_PROGRAM_TEXEL_OFFSET' 'I' @260  35076 (0x00008904)
 - public static final 'GL_MAX_PROGRAM_TEXEL_OFFSET' 'I' @264  35077 (0x00008905)
 - public static final 'GL_QUERY_WAIT' 'I' @268  36371 (0x00008e13)
 - public static final 'GL_QUERY_NO_WAIT' 'I' @272  36372 (0x00008e14)
 - public static final 'GL_QUERY_BY_REGION_WAIT' 'I' @276  36373 (0x00008e15)
 - public static final 'GL_QUERY_BY_REGION_NO_WAIT' 'I' @280  36374 (0x00008e16)
 - public static final 'GL_MAP_READ_BIT' 'I' @284  1 (0x00000001)
 - public static final 'GL_MAP_WRITE_BIT' 'I' @288  2 (0x00000002)
 - public static final 'GL_MAP_INVALIDATE_RANGE_BIT' 'I' @292  4 (0x00000004)
 - public static final 'GL_MAP_INVALIDATE_BUFFER_BIT' 'I' @296  8 (0x00000008)
 - public static final 'GL_MAP_FLUSH_EXPLICIT_BIT' 'I' @300  16 (0x00000010)
 - public static final 'GL_MAP_UNSYNCHRONIZED_BIT' 'I' @304  32 (0x00000020)
 - public static final 'GL_BUFFER_ACCESS_FLAGS' 'I' @308  37151 (0x0000911f)
 - public static final 'GL_BUFFER_MAP_LENGTH' 'I' @312  37152 (0x00009120)
 - public static final 'GL_BUFFER_MAP_OFFSET' 'I' @316  37153 (0x00009121)
 - public static final 'GL_CLAMP_READ_COLOR' 'I' @320  35100 (0x0000891c)
 - public static final 'GL_FIXED_ONLY' 'I' @324  35101 (0x0000891d)
 - public static final 'GL_DEPTH_COMPONENT32F' 'I' @328  36012 (0x00008cac)
 - public static final 'GL_DEPTH32F_STENCIL8' 'I' @332  36013 (0x00008cad)
 - public static final 'GL_FLOAT_32_UNSIGNED_INT_24_8_REV' 'I' @336  36269 (0x00008dad)
 - public static final 'GL_TEXTURE_RED_TYPE' 'I' @340  35856 (0x00008c10)
 - public static final 'GL_TEXTURE_GREEN_TYPE' 'I' @344  35857 (0x00008c11)
 - public static final 'GL_TEXTURE_BLUE_TYPE' 'I' @348  35858 (0x00008c12)
 - public static final 'GL_TEXTURE_ALPHA_TYPE' 'I' @352  35859 (0x00008c13)
 - public static final 'GL_TEXTURE_DEPTH_TYPE' 'I' @356  35862 (0x00008c16)
 - public static final 'GL_UNSIGNED_NORMALIZED' 'I' @360  35863 (0x00008c17)
 - public static final 'GL_RGBA32F' 'I' @364  34836 (0x00008814)
 - public static final 'GL_RGB32F' 'I' @368  34837 (0x00008815)
 - public static final 'GL_RGBA16F' 'I' @372  34842 (0x0000881a)
 - public static final 'GL_RGB16F' 'I' @376  34843 (0x0000881b)
 - public static final 'GL_R11F_G11F_B10F' 'I' @380  35898 (0x00008c3a)
 - public static final 'GL_UNSIGNED_INT_10F_11F_11F_REV' 'I' @384  35899 (0x00008c3b)
 - public static final 'GL_RGB9_E5' 'I' @388  35901 (0x00008c3d)
 - public static final 'GL_UNSIGNED_INT_5_9_9_9_REV' 'I' @392  35902 (0x00008c3e)
 - public static final 'GL_TEXTURE_SHARED_SIZE' 'I' @396  35903 (0x00008c3f)
 - public static final 'GL_FRAMEBUFFER' 'I' @400  36160 (0x00008d40)
 - public static final 'GL_READ_FRAMEBUFFER' 'I' @404  36008 (0x00008ca8)
 - public static final 'GL_DRAW_FRAMEBUFFER' 'I' @408  36009 (0x00008ca9)
 - public static final 'GL_RENDERBUFFER' 'I' @412  36161 (0x00008d41)
 - public static final 'GL_STENCIL_INDEX1' 'I' @416  36166 (0x00008d46)
 - public static final 'GL_STENCIL_INDEX4' 'I' @420  36167 (0x00008d47)
 - public static final 'GL_STENCIL_INDEX8' 'I' @424  36168 (0x00008d48)
 - public static final 'GL_STENCIL_INDEX16' 'I' @428  36169 (0x00008d49)
 - public static final 'GL_RENDERBUFFER_WIDTH' 'I' @432  36162 (0x00008d42)
 - public static final 'GL_RENDERBUFFER_HEIGHT' 'I' @436  36163 (0x00008d43)
 - public static final 'GL_RENDERBUFFER_INTERNAL_FORMAT' 'I' @440  36164 (0x00008d44)
 - public static final 'GL_RENDERBUFFER_RED_SIZE' 'I' @444  36176 (0x00008d50)
 - public static final 'GL_RENDERBUFFER_GREEN_SIZE' 'I' @448  36177 (0x00008d51)
 - public static final 'GL_RENDERBUFFER_BLUE_SIZE' 'I' @452  36178 (0x00008d52)
 - public static final 'GL_RENDERBUFFER_ALPHA_SIZE' 'I' @456  36179 (0x00008d53)
 - public static final 'GL_RENDERBUFFER_DEPTH_SIZE' 'I' @460  36180 (0x00008d54)
 - public static final 'GL_RENDERBUFFER_STENCIL_SIZE' 'I' @464  36181 (0x00008d55)
 - public static final 'GL_RENDERBUFFER_SAMPLES' 'I' @468  36011 (0x00008cab)
 - public static final 'GL_FRAMEBUFFER_ATTACHMENT_OBJECT_TYPE' 'I' @472  36048 (0x00008cd0)
 - public static final 'GL_FRAMEBUFFER_ATTACHMENT_OBJECT_NAME' 'I' @476  36049 (0x00008cd1)
 - public static final 'GL_FRAMEBUFFER_ATTACHMENT_TEXTURE_LEVEL' 'I' @480  36050 (0x00008cd2)
 - public static final 'GL_FRAMEBUFFER_ATTACHMENT_TEXTURE_CUBE_MAP_FACE' 'I' @484  36051 (0x00008cd3)
 - public static final 'GL_FRAMEBUFFER_ATTACHMENT_TEXTURE_LAYER' 'I' @488  36052 (0x00008cd4)
 - public static final 'GL_FRAMEBUFFER_ATTACHMENT_COLOR_ENCODING' 'I' @492  33296 (0x00008210)
 - public static final 'GL_FRAMEBUFFER_ATTACHMENT_COMPONENT_TYPE' 'I' @496  33297 (0x00008211)
 - public static final 'GL_FRAMEBUFFER_ATTACHMENT_RED_SIZE' 'I' @500  33298 (0x00008212)
 - public static final 'GL_FRAMEBUFFER_ATTACHMENT_GREEN_SIZE' 'I' @504  33299 (0x00008213)
 - public static final 'GL_FRAMEBUFFER_ATTACHMENT_BLUE_SIZE' 'I' @508  33300 (0x00008214)
 - public static final 'GL_FRAMEBUFFER_ATTACHMENT_ALPHA_SIZE' 'I' @512  33301 (0x00008215)
 - public static final 'GL_FRAMEBUFFER_ATTACHMENT_DEPTH_SIZE' 'I' @516  33302 (0x00008216)
 - public static final 'GL_FRAMEBUFFER_ATTACHMENT_STENCIL_SIZE' 'I' @520  33303 (0x00008217)
 - public static final 'GL_FRAMEBUFFER_DEFAULT' 'I' @524  33304 (0x00008218)
 - public static final 'GL_COLOR_ATTACHMENT0' 'I' @528  36064 (0x00008ce0)
 - public static final 'GL_COLOR_ATTACHMENT1' 'I' @532  36065 (0x00008ce1)
 - public static final 'GL_COLOR_ATTACHMENT2' 'I' @536  36066 (0x00008ce2)
 - public static final 'GL_COLOR_ATTACHMENT3' 'I' @540  36067 (0x00008ce3)
 - public static final 'GL_COLOR_ATTACHMENT4' 'I' @544  36068 (0x00008ce4)
 - public static final 'GL_COLOR_ATTACHMENT5' 'I' @548  36069 (0x00008ce5)
 - public static final 'GL_COLOR_ATTACHMENT6' 'I' @552  36070 (0x00008ce6)
 - public static final 'GL_COLOR_ATTACHMENT7' 'I' @556  36071 (0x00008ce7)
 - public static final 'GL_COLOR_ATTACHMENT8' 'I' @560  36072 (0x00008ce8)
 - public static final 'GL_COLOR_ATTACHMENT9' 'I' @564  36073 (0x00008ce9)
 - public static final 'GL_COLOR_ATTACHMENT10' 'I' @568  36074 (0x00008cea)
 - public static final 'GL_COLOR_ATTACHMENT11' 'I' @572  36075 (0x00008ceb)
 - public static final 'GL_COLOR_ATTACHMENT12' 'I' @576  36076 (0x00008cec)
 - public static final 'GL_COLOR_ATTACHMENT13' 'I' @580  36077 (0x00008ced)
 - public static final 'GL_COLOR_ATTACHMENT14' 'I' @584  36078 (0x00008cee)
 - public static final 'GL_COLOR_ATTACHMENT15' 'I' @588  36079 (0x00008cef)
 - public static final 'GL_COLOR_ATTACHMENT16' 'I' @592  36080 (0x00008cf0)
 - public static final 'GL_COLOR_ATTACHMENT17' 'I' @596  36081 (0x00008cf1)
 - public static final 'GL_COLOR_ATTACHMENT18' 'I' @600  36082 (0x00008cf2)
 - public static final 'GL_COLOR_ATTACHMENT19' 'I' @604  36083 (0x00008cf3)
 - public static final 'GL_COLOR_ATTACHMENT20' 'I' @608  36084 (0x00008cf4)
 - public static final 'GL_COLOR_ATTACHMENT21' 'I' @612  36085 (0x00008cf5)
 - public static final 'GL_COLOR_ATTACHMENT22' 'I' @616  36086 (0x00008cf6)
 - public static final 'GL_COLOR_ATTACHMENT23' 'I' @620  36087 (0x00008cf7)
 - public static final 'GL_COLOR_ATTACHMENT24' 'I' @624  36088 (0x00008cf8)
 - public static final 'GL_COLOR_ATTACHMENT25' 'I' @628  36089 (0x00008cf9)
 - public static final 'GL_COLOR_ATTACHMENT26' 'I' @632  36090 (0x00008cfa)
 - public static final 'GL_COLOR_ATTACHMENT27' 'I' @636  36091 (0x00008cfb)
 - public static final 'GL_COLOR_ATTACHMENT28' 'I' @640  36092 (0x00008cfc)
 - public static final 'GL_COLOR_ATTACHMENT29' 'I' @644  36093 (0x00008cfd)
 - public static final 'GL_COLOR_ATTACHMENT30' 'I' @648  36094 (0x00008cfe)
 - public static final 'GL_COLOR_ATTACHMENT31' 'I' @652  36095 (0x00008cff)
 - public static final 'GL_DEPTH_ATTACHMENT' 'I' @656  36096 (0x00008d00)
 - public static final 'GL_STENCIL_ATTACHMENT' 'I' @660  36128 (0x00008d20)
 - public static final 'GL_DEPTH_STENCIL_ATTACHMENT' 'I' @664  33306 (0x0000821a)
 - public static final 'GL_MAX_SAMPLES' 'I' @668  36183 (0x00008d57)
 - public static final 'GL_FRAMEBUFFER_COMPLETE' 'I' @672  36053 (0x00008cd5)
 - public static final 'GL_FRAMEBUFFER_INCOMPLETE_ATTACHMENT' 'I' @676  36054 (0x00008cd6)
 - public static final 'GL_FRAMEBUFFER_INCOMPLETE_MISSING_ATTACHMENT' 'I' @680  36055 (0x00008cd7)
 - public static final 'GL_FRAMEBUFFER_INCOMPLETE_DRAW_BUFFER' 'I' @684  36059 (0x00008cdb)
 - public static final 'GL_FRAMEBUFFER_INCOMPLETE_READ_BUFFER' 'I' @688  36060 (0x00008cdc)
 - public static final 'GL_FRAMEBUFFER_UNSUPPORTED' 'I' @692  36061 (0x00008cdd)
 - public static final 'GL_FRAMEBUFFER_INCOMPLETE_MULTISAMPLE' 'I' @696  36182 (0x00008d56)
 - public static final 'GL_FRAMEBUFFER_UNDEFINED' 'I' @700  33305 (0x00008219)
 - public static final 'GL_FRAMEBUFFER_BINDING' 'I' @704  36006 (0x00008ca6)
 - public static final 'GL_DRAW_FRAMEBUFFER_BINDING' 'I' @708  36006 (0x00008ca6)
 - public static final 'GL_READ_FRAMEBUFFER_BINDING' 'I' @712  36010 (0x00008caa)
 - public static final 'GL_RENDERBUFFER_BINDING' 'I' @716  36007 (0x00008ca7)
 - public static final 'GL_MAX_COLOR_ATTACHMENTS' 'I' @720  36063 (0x00008cdf)
 - public static final 'GL_MAX_RENDERBUFFER_SIZE' 'I' @724  34024 (0x000084e8)
 - public static final 'GL_INVALID_FRAMEBUFFER_OPERATION' 'I' @728  1286 (0x00000506)
 - public static final 'GL_DEPTH_STENCIL' 'I' @732  34041 (0x000084f9)
 - public static final 'GL_UNSIGNED_INT_24_8' 'I' @736  34042 (0x000084fa)
 - public static final 'GL_DEPTH24_STENCIL8' 'I' @740  35056 (0x000088f0)
 - public static final 'GL_TEXTURE_STENCIL_SIZE' 'I' @744  35057 (0x000088f1)
 - public static final 'GL_HALF_FLOAT' 'I' @748  5131 (0x0000140b)
 - public static final 'GL_RGBA32UI' 'I' @752  36208 (0x00008d70)
 - public static final 'GL_RGB32UI' 'I' @756  36209 (0x00008d71)
 - public static final 'GL_RGBA16UI' 'I' @760  36214 (0x00008d76)
 - public static final 'GL_RGB16UI' 'I' @764  36215 (0x00008d77)
 - public static final 'GL_RGBA8UI' 'I' @768  36220 (0x00008d7c)
 - public static final 'GL_RGB8UI' 'I' @772  36221 (0x00008d7d)
 - public static final 'GL_RGBA32I' 'I' @776  36226 (0x00008d82)
 - public static final 'GL_RGB32I' 'I' @780  36227 (0x00008d83)
 - public static final 'GL_RGBA16I' 'I' @784  36232 (0x00008d88)
 - public static final 'GL_RGB16I' 'I' @788  36233 (0x00008d89)
 - public static final 'GL_RGBA8I' 'I' @792  36238 (0x00008d8e)
 - public static final 'GL_RGB8I' 'I' @796  36239 (0x00008d8f)
 - public static final 'GL_RED_INTEGER' 'I' @800  36244 (0x00008d94)
 - public static final 'GL_GREEN_INTEGER' 'I' @804  36245 (0x00008d95)
 - public static final 'GL_BLUE_INTEGER' 'I' @808  36246 (0x00008d96)
 - public static final 'GL_RGB_INTEGER' 'I' @812  36248 (0x00008d98)
 - public static final 'GL_RGBA_INTEGER' 'I' @816  36249 (0x00008d99)
 - public static final 'GL_BGR_INTEGER' 'I' @820  36250 (0x00008d9a)
 - public static final 'GL_BGRA_INTEGER' 'I' @824  36251 (0x00008d9b)
 - public static final 'GL_TEXTURE_1D_ARRAY' 'I' @828  35864 (0x00008c18)
 - public static final 'GL_TEXTURE_2D_ARRAY' 'I' @832  35866 (0x00008c1a)
 - public static final 'GL_PROXY_TEXTURE_2D_ARRAY' 'I' @836  35867 (0x00008c1b)
 - public static final 'GL_PROXY_TEXTURE_1D_ARRAY' 'I' @840  35865 (0x00008c19)
 - public static final 'GL_TEXTURE_BINDING_1D_ARRAY' 'I' @844  35868 (0x00008c1c)
 - public static final 'GL_TEXTURE_BINDING_2D_ARRAY' 'I' @848  35869 (0x00008c1d)
 - public static final 'GL_MAX_ARRAY_TEXTURE_LAYERS' 'I' @852  35071 (0x000088ff)
 - public static final 'GL_COMPRESSED_RED_RGTC1' 'I' @856  36283 (0x00008dbb)
 - public static final 'GL_COMPRESSED_SIGNED_RED_RGTC1' 'I' @860  36284 (0x00008dbc)
 - public static final 'GL_COMPRESSED_RG_RGTC2' 'I' @864  36285 (0x00008dbd)
 - public static final 'GL_COMPRESSED_SIGNED_RG_RGTC2' 'I' @868  36286 (0x00008dbe)
 - public static final 'GL_R8' 'I' @872  33321 (0x00008229)
 - public static final 'GL_R16' 'I' @876  33322 (0x0000822a)
 - public static final 'GL_RG8' 'I' @880  33323 (0x0000822b)
 - public static final 'GL_RG16' 'I' @884  33324 (0x0000822c)
 - public static final 'GL_R16F' 'I' @888  33325 (0x0000822d)
 - public static final 'GL_R32F' 'I' @892  33326 (0x0000822e)
 - public static final 'GL_RG16F' 'I' @896  33327 (0x0000822f)
 - public static final 'GL_RG32F' 'I' @900  33328 (0x00008230)
 - public static final 'GL_R8I' 'I' @904  33329 (0x00008231)
 - public static final 'GL_R8UI' 'I' @908  33330 (0x00008232)
 - public static final 'GL_R16I' 'I' @912  33331 (0x00008233)
 - public static final 'GL_R16UI' 'I' @916  33332 (0x00008234)
 - public static final 'GL_R32I' 'I' @920  33333 (0x00008235)
 - public static final 'GL_R32UI' 'I' @924  33334 (0x00008236)
 - public static final 'GL_RG8I' 'I' @928  33335 (0x00008237)
 - public static final 'GL_RG8UI' 'I' @932  33336 (0x00008238)
 - public static final 'GL_RG16I' 'I' @936  33337 (0x00008239)
 - public static final 'GL_RG16UI' 'I' @940  33338 (0x0000823a)
 - public static final 'GL_RG32I' 'I' @944  33339 (0x0000823b)
 - public static final 'GL_RG32UI' 'I' @948  33340 (0x0000823c)
 - public static final 'GL_RG' 'I' @952  33319 (0x00008227)
 - public static final 'GL_COMPRESSED_RED' 'I' @956  33317 (0x00008225)
 - public static final 'GL_COMPRESSED_RG' 'I' @960  33318 (0x00008226)
 - public static final 'GL_RG_INTEGER' 'I' @964  33320 (0x00008228)
 - public static final 'GL_TRANSFORM_FEEDBACK_BUFFER' 'I' @968  35982 (0x00008c8e)
 - public static final 'GL_TRANSFORM_FEEDBACK_BUFFER_START' 'I' @972  35972 (0x00008c84)
 - public static final 'GL_TRANSFORM_FEEDBACK_BUFFER_SIZE' 'I' @976  35973 (0x00008c85)
 - public static final 'GL_TRANSFORM_FEEDBACK_BUFFER_BINDING' 'I' @980  35983 (0x00008c8f)
 - public static final 'GL_INTERLEAVED_ATTRIBS' 'I' @984  35980 (0x00008c8c)
 - public static final 'GL_SEPARATE_ATTRIBS' 'I' @988  35981 (0x00008c8d)
 - public static final 'GL_PRIMITIVES_GENERATED' 'I' @992  35975 (0x00008c87)
 - public static final 'GL_TRANSFORM_FEEDBACK_PRIMITIVES_WRITTEN' 'I' @996  35976 (0x00008c88)
 - public static final 'GL_RASTERIZER_DISCARD' 'I' @1000  35977 (0x00008c89)
 - public static final 'GL_MAX_TRANSFORM_FEEDBACK_INTERLEAVED_COMPONENTS' 'I' @1004  35978 (0x00008c8a)
 - public static final 'GL_MAX_TRANSFORM_FEEDBACK_SEPARATE_ATTRIBS' 'I' @1008  35979 (0x00008c8b)
 - public static final 'GL_MAX_TRANSFORM_FEEDBACK_SEPARATE_COMPONENTS' 'I' @1012  35968 (0x00008c80)
 - public static final 'GL_TRANSFORM_FEEDBACK_VARYINGS' 'I' @1016  35971 (0x00008c83)
 - public static final 'GL_TRANSFORM_FEEDBACK_BUFFER_MODE' 'I' @1020  35967 (0x00008c7f)
 - public static final 'GL_TRANSFORM_FEEDBACK_VARYING_MAX_LENGTH' 'I' @1024  35958 (0x00008c76)
 - public static final 'GL_VERTEX_ARRAY_BINDING' 'I' @1028  34229 (0x000085b5)
 - public static final 'GL_FRAMEBUFFER_SRGB' 'I' @1032  36281 (0x00008db9)
R12=0x0 is null
R13={method} {0x000001bcdb5249c8} 'nglGenVertexArrays' '(IJ)V' in 'org/lwjgl/opengl/GL30C'
R14=0x0000005c048ff3e8 is pointing into the stack for thread: 0x000001bcf3229490
R15=0x000001bcf3229490 is a thread

Top of Stack: (sp=0x0000005c048ff328)
0x0000005c048ff328:   000001bc874208b6 000001bc874194b7
0x0000005c048ff338:   000001bc874203e4 000001bcdb5249c0
0x0000005c048ff348:   0000000000000000 0000005c048ff368
0x0000005c048ff358:   0000005c048ff3d0 000001bc874194b7
0x0000005c048ff368:   000001bc874203a4 0000005c048ff370
0x0000005c048ff378:   000001bcdb5249c0 0000000000000006
0x0000005c048ff388:   000001bcdb5656a8 0000000000000000
0x0000005c048ff398:   000000062cf88ba8 000001bcdb5249c0
0x0000005c048ff3a8:   0000000000000000 0000005c048ff3d8
0x0000005c048ff3b8:   0000005c048ff438 000001bc874191b4
0x0000005c048ff3c8:   000000062cf88ba8 000001bc8741c6f7
0x0000005c048ff3d8:   000001bc99451f7c 0000000000000000
0x0000005c048ff3e8:   0000000000000001 0000005c048ff3f0
0x0000005c048ff3f8:   000001bcdb524b44 0000000000000006
0x0000005c048ff408:   000001bcdb5656a8 0000000000000000
0x0000005c048ff418:   000000062cf88ba8 000001bcdb524bb0
0x0000005c048ff428:   0000005c048ff3d8 0000005c048ff470
0x0000005c048ff438:   0000005c048ff4b8 000001bc874195b8
0x0000005c048ff448:   0000000000000000 0000000000000000
0x0000005c048ff458:   000000062cf93eb8 0000000000010000
0x0000005c048ff468:   000000062cd44350 0000005c048ff470
0x0000005c048ff478:   000001bcdb51a378 0000000000000001
0x0000005c048ff488:   000001bcdb51a770 0000000000000000
0x0000005c048ff498:   000000062ce8a6a8 000001bcdb51a388
0x0000005c048ff4a8:   0000005c048ff470 0000005c048ff4c8
0x0000005c048ff4b8:   0000005c048ff510 000001bc874195b8
0x0000005c048ff4c8:   0000005c048ff4c8 000001bcdb405464
0x0000005c048ff4d8:   0000000000000008 000001bcdb40df68
0x0000005c048ff4e8:   0000000000000000 000000062d044458
0x0000005c048ff4f8:   000001bcdb4072b8 0000005c048ff4c8
0x0000005c048ff508:   0000005c048ff550 0000005c048ff5a0
0x0000005c048ff518:   000001bc874191b4 000000062ce84378 

Instructions: (pc=0x00007ffed95c0aba)
0x00007ffed95c09ba:   c1 49 ff e1 cc cc 48 8b 01 48 8b 40 18 44 89 c1
0x00007ffed95c09ca:   48 ff a0 98 13 00 00 cc cc cc cc cc cc cc cc cc
0x00007ffed95c09da:   cc cc cc cc cc cc 48 8b 01 48 8b 40 18 48 ff a0
0x00007ffed95c09ea:   a0 13 00 00 cc cc 44 89 ca 44 89 c0 4c 8b 44 24
0x00007ffed95c09fa:   28 44 8b 4c 24 30 48 8b 09 48 8b 49 18 4c 8b 91
0x00007ffed95c0a0a:   a8 13 00 00 89 c1 49 ff e2 cc cc cc cc cc cc cc
0x00007ffed95c0a1a:   cc cc cc cc cc cc 48 83 ec 38 44 89 ca 44 89 c0
0x00007ffed95c0a2a:   44 8b 44 24 60 4c 8b 4c 24 68 0f 28 44 24 70 4c
0x00007ffed95c0a3a:   8b 94 24 80 00 00 00 48 8b 09 4c 8b 59 18 4c 89
0x00007ffed95c0a4a:   54 24 30 0f 11 44 24 20 89 c1 41 ff 93 b0 13 00
0x00007ffed95c0a5a:   00 90 48 83 c4 38 c3 cc cc cc cc cc cc cc cc cc
0x00007ffed95c0a6a:   cc cc cc cc cc cc 48 8b 01 48 8b 40 18 44 89 c1
0x00007ffed95c0a7a:   48 ff a0 b8 13 00 00 cc cc cc cc cc cc cc cc cc
0x00007ffed95c0a8a:   cc cc cc cc cc cc 4c 89 ca 48 8b 01 48 8b 40 18
0x00007ffed95c0a9a:   48 8b 80 c0 13 00 00 44 89 c1 48 ff e0 cc cc cc
0x00007ffed95c0aaa:   cc cc cc cc cc cc 4c 89 ca 48 8b 01 48 8b 40 18
0x00007ffed95c0aba:   48 8b 80 c8 13 00 00 44 89 c1 48 ff e0 cc cc cc
0x00007ffed95c0aca:   cc cc cc cc cc cc 48 8b 01 48 8b 40 18 44 89 c1
0x00007ffed95c0ada:   48 ff a0 d0 13 00 00 cc cc cc cc cc cc cc cc cc
0x00007ffed95c0aea:   cc cc cc cc cc cc 44 89 ca 44 89 c0 44 8b 44 24
0x00007ffed95c0afa:   28 44 8b 4c 24 30 48 8b 09 48 8b 49 18 4c 8b 91
0x00007ffed95c0b0a:   d8 13 00 00 89 c1 49 ff e2 cc cc cc cc cc cc cc
0x00007ffed95c0b1a:   cc cc cc cc cc cc 48 83 ec 28 44 89 ca 44 89 c0
0x00007ffed95c0b2a:   44 8b 44 24 50 4c 8b 4c 24 58 44 8b 54 24 60 48
0x00007ffed95c0b3a:   8b 09 4c 8b 59 18 44 89 54 24 20 89 c1 41 ff 93
0x00007ffed95c0b4a:   e0 13 00 00 90 48 83 c4 28 c3 cc cc cc cc cc cc
0x00007ffed95c0b5a:   cc cc cc cc cc cc 48 83 ec 28 44 89 ca 44 89 c0
0x00007ffed95c0b6a:   4c 8b 44 24 50 4c 8b 4c 24 58 4c 8b 54 24 60 48
0x00007ffed95c0b7a:   8b 09 4c 8b 59 18 4c 89 54 24 20 89 c1 41 ff 93
0x00007ffed95c0b8a:   e8 13 00 00 90 48 83 c4 28 c3 cc cc cc cc cc cc
0x00007ffed95c0b9a:   cc cc cc cc cc cc 48 8b 01 48 8b 40 18 44 89 c1
0x00007ffed95c0baa:   48 ff a0 f0 13 00 00 cc cc cc cc cc cc cc cc cc 


Stack slot to memory mapping:

stack at sp + 0 slots: 0x000001bc874208b6 is at code_begin+1974 in an Interpreter codelet
native method entry point (kind = native)  [0x000001bc87420100, 0x000001bc87421438]  4920 bytes
stack at sp + 1 slots: 0x000001bc874194b7 is at code_begin+4151 in an Interpreter codelet
return entry points  [0x000001bc87418480, 0x000001bc8741a590]  8464 bytes
stack at sp + 2 slots: 0x000001bc874203e4 is at code_begin+740 in an Interpreter codelet
native method entry point (kind = native)  [0x000001bc87420100, 0x000001bc87421438]  4920 bytes
stack at sp + 3 slots: {method} {0x000001bcdb5249c8} 'nglGenVertexArrays' '(IJ)V' in 'org/lwjgl/opengl/GL30C'
stack at sp + 4 slots: 0x0 is null
stack at sp + 5 slots: 0x0000005c048ff368 is pointing into the stack for thread: 0x000001bcf3229490
stack at sp + 6 slots: 0x0000005c048ff3d0 is pointing into the stack for thread: 0x000001bcf3229490
stack at sp + 7 slots: 0x000001bc874194b7 is at code_begin+4151 in an Interpreter codelet
return entry points  [0x000001bc87418480, 0x000001bc8741a590]  8464 bytes


---------------  P R O C E S S  ---------------

Threads class SMR info:
_java_thread_list=0x000001bc99620be0, length=14, elements={
0x000001bcf3229490, 0x000001bcfed70470, 0x000001bcfed72fe0, 0x000001bcfed76010,
0x000001bc99351f40, 0x000001bc99352d00, 0x000001bcfed78630, 0x000001bc99357180,
0x000001bc99360310, 0x000001bcfed77fa0, 0x000001bc995cbdf0, 0x000001bc99613950,
0x000001bc996143e0, 0x000001bcfed7a070
}

Java Threads: ( => current thread )
=>0x000001bcf3229490 JavaThread "main"                              [_thread_in_native, id=42716, stack(0x0000005c04800000,0x0000005c04900000) (1024K)]
  0x000001bcfed70470 JavaThread "Reference Handler"          daemon [_thread_blocked, id=35348, stack(0x0000005c05000000,0x0000005c05100000) (1024K)]
  0x000001bcfed72fe0 JavaThread "Finalizer"                  daemon [_thread_blocked, id=25572, stack(0x0000005c05100000,0x0000005c05200000) (1024K)]
  0x000001bcfed76010 JavaThread "Signal Dispatcher"          daemon [_thread_blocked, id=17388, stack(0x0000005c05200000,0x0000005c05300000) (1024K)]
  0x000001bc99351f40 JavaThread "Attach Listener"            daemon [_thread_blocked, id=32064, stack(0x0000005c05300000,0x0000005c05400000) (1024K)]
  0x000001bc99352d00 JavaThread "Service Thread"             daemon [_thread_blocked, id=22980, stack(0x0000005c05400000,0x0000005c05500000) (1024K)]
  0x000001bcfed78630 JavaThread "Monitor Deflation Thread"   daemon [_thread_blocked, id=35864, stack(0x0000005c05500000,0x0000005c05600000) (1024K)]
  0x000001bc99357180 JavaThread "C2 CompilerThread0"         daemon [_thread_blocked, id=18396, stack(0x0000005c05600000,0x0000005c05700000) (1024K)]
  0x000001bc99360310 JavaThread "C1 CompilerThread0"         daemon [_thread_blocked, id=34416, stack(0x0000005c05700000,0x0000005c05800000) (1024K)]
  0x000001bcfed77fa0 JavaThread "Common-Cleaner"             daemon [_thread_blocked, id=39924, stack(0x0000005c05900000,0x0000005c05a00000) (1024K)]
  0x000001bc995cbdf0 JavaThread "JDWP Transport Listener: dt_socket" daemon [_thread_blocked, id=7612, stack(0x0000005c05b00000,0x0000005c05c00000) (1024K)]
  0x000001bc99613950 JavaThread "JDWP Event Helper Thread"   daemon [_thread_blocked, id=43272, stack(0x0000005c05c00000,0x0000005c05d00000) (1024K)]
  0x000001bc996143e0 JavaThread "JDWP Command Reader"        daemon [_thread_in_native, id=25036, stack(0x0000005c05d00000,0x0000005c05e00000) (1024K)]
  0x000001bcfed7a070 JavaThread "Notification Thread"        daemon [_thread_blocked, id=10816, stack(0x0000005c05e00000,0x0000005c05f00000) (1024K)]
Total: 14

Other Threads:
  0x000001bcfed538a0 VMThread "VM Thread"                           [id=38212, stack(0x0000005c04f00000,0x0000005c05000000) (1024K)]
  0x000001bc993517d0 WatcherThread "VM Periodic Task Thread"        [id=27260, stack(0x0000005c04e00000,0x0000005c04f00000) (1024K)]
  0x000001bcf32d5870 WorkerThread "GC Thread#0"                     [id=29760, stack(0x0000005c04900000,0x0000005c04a00000) (1024K)]
  0x000001bcfebc2010 ConcurrentGCThread "G1 Main Marker"            [id=33072, stack(0x0000005c04a00000,0x0000005c04b00000) (1024K)]
  0x000001bcfebc31c0 WorkerThread "G1 Conc#0"                       [id=25796, stack(0x0000005c04b00000,0x0000005c04c00000) (1024K)]
  0x000001bcfec8e6d0 ConcurrentGCThread "G1 Refine#0"               [id=6508, stack(0x0000005c04c00000,0x0000005c04d00000) (1024K)]
  0x000001bcfec8eff0 ConcurrentGCThread "G1 Service"                [id=32712, stack(0x0000005c04d00000,0x0000005c04e00000) (1024K)]
Total: 7

Threads with active compile tasks:
Total: 0

VM state: not at safepoint (normal execution)

VM Mutex/Monitor currently owned by a thread: None

Heap address: 0x000000060e400000, size: 7964 MB, Compressed Oops mode: Zero based, Oop shift amount: 3

CDS archive(s) mapped at: [0x000001bc9a000000-0x000001bc9ac90000-0x000001bc9ac90000), size 13172736, SharedBaseAddress: 0x000001bc9a000000, ArchiveRelocationMode: 1.
Compressed class space mapped at: 0x000001bc9b000000-0x000001bcdb000000, reserved size: 1073741824
Narrow klass base: 0x000001bc9a000000, Narrow klass shift: 0, Narrow klass range: 0x100000000

GC Precious Log:
 CardTable entry size: 512
 Card Set container configuration: InlinePtr #cards 4 size 8 Array Of Cards #cards 32 size 80 Howl #buckets 8 coarsen threshold 7372 Howl Bitmap #cards 1024 size 144 coarsen threshold 921 Card regions per heap region 1 cards per card region 8192
 CPUs: 32 total, 32 available
 Memory: 31848M
 Large Page Support: Disabled
 NUMA Support: Disabled
 Compressed Oops: Enabled (Zero based)
 Heap Region Size: 4M
 Heap Min Capacity: 8M
 Heap Initial Capacity: 500M
 Heap Max Capacity: 7964M
 Pre-touch: Disabled
 Parallel Workers: 23
 Concurrent Workers: 6
 Concurrent Refinement Workers: 23
 Periodic GC: Disabled

Heap:
 garbage-first heap   total 512000K, used 8192K [0x000000060e400000, 0x0000000800000000)
  region size 4096K, 3 young (12288K), 0 survivors (0K)
 Metaspace       used 3165K, committed 3328K, reserved 1114112K
  class space    used 245K, committed 320K, reserved 1048576K

Heap Regions: E=young(eden), S=young(survivor), O=old, HS=humongous(starts), HC=humongous(continues), CS=collection set, F=free, TAMS=top-at-mark-start, PB=parsable bottom
|   0|0x000000060e400000, 0x000000060e400000, 0x000000060e800000|  0%| F|  |TAMS 0x000000060e400000| PB 0x000000060e400000| Untracked 
|   1|0x000000060e800000, 0x000000060e800000, 0x000000060ec00000|  0%| F|  |TAMS 0x000000060e800000| PB 0x000000060e800000| Untracked 
|   2|0x000000060ec00000, 0x000000060ec00000, 0x000000060f000000|  0%| F|  |TAMS 0x000000060ec00000| PB 0x000000060ec00000| Untracked 
|   3|0x000000060f000000, 0x000000060f000000, 0x000000060f400000|  0%| F|  |TAMS 0x000000060f000000| PB 0x000000060f000000| Untracked 
|   4|0x000000060f400000, 0x000000060f400000, 0x000000060f800000|  0%| F|  |TAMS 0x000000060f400000| PB 0x000000060f400000| Untracked 
|   5|0x000000060f800000, 0x000000060f800000, 0x000000060fc00000|  0%| F|  |TAMS 0x000000060f800000| PB 0x000000060f800000| Untracked 
|   6|0x000000060fc00000, 0x000000060fc00000, 0x0000000610000000|  0%| F|  |TAMS 0x000000060fc00000| PB 0x000000060fc00000| Untracked 
|   7|0x0000000610000000, 0x0000000610000000, 0x0000000610400000|  0%| F|  |TAMS 0x0000000610000000| PB 0x0000000610000000| Untracked 
|   8|0x0000000610400000, 0x0000000610400000, 0x0000000610800000|  0%| F|  |TAMS 0x0000000610400000| PB 0x0000000610400000| Untracked 
|   9|0x0000000610800000, 0x0000000610800000, 0x0000000610c00000|  0%| F|  |TAMS 0x0000000610800000| PB 0x0000000610800000| Untracked 
|  10|0x0000000610c00000, 0x0000000610c00000, 0x0000000611000000|  0%| F|  |TAMS 0x0000000610c00000| PB 0x0000000610c00000| Untracked 
|  11|0x0000000611000000, 0x0000000611000000, 0x0000000611400000|  0%| F|  |TAMS 0x0000000611000000| PB 0x0000000611000000| Untracked 
|  12|0x0000000611400000, 0x0000000611400000, 0x0000000611800000|  0%| F|  |TAMS 0x0000000611400000| PB 0x0000000611400000| Untracked 
|  13|0x0000000611800000, 0x0000000611800000, 0x0000000611c00000|  0%| F|  |TAMS 0x0000000611800000| PB 0x0000000611800000| Untracked 
|  14|0x0000000611c00000, 0x0000000611c00000, 0x0000000612000000|  0%| F|  |TAMS 0x0000000611c00000| PB 0x0000000611c00000| Untracked 
|  15|0x0000000612000000, 0x0000000612000000, 0x0000000612400000|  0%| F|  |TAMS 0x0000000612000000| PB 0x0000000612000000| Untracked 
|  16|0x0000000612400000, 0x0000000612400000, 0x0000000612800000|  0%| F|  |TAMS 0x0000000612400000| PB 0x0000000612400000| Untracked 
|  17|0x0000000612800000, 0x0000000612800000, 0x0000000612c00000|  0%| F|  |TAMS 0x0000000612800000| PB 0x0000000612800000| Untracked 
|  18|0x0000000612c00000, 0x0000000612c00000, 0x0000000613000000|  0%| F|  |TAMS 0x0000000612c00000| PB 0x0000000612c00000| Untracked 
|  19|0x0000000613000000, 0x0000000613000000, 0x0000000613400000|  0%| F|  |TAMS 0x0000000613000000| PB 0x0000000613000000| Untracked 
|  20|0x0000000613400000, 0x0000000613400000, 0x0000000613800000|  0%| F|  |TAMS 0x0000000613400000| PB 0x0000000613400000| Untracked 
|  21|0x0000000613800000, 0x0000000613800000, 0x0000000613c00000|  0%| F|  |TAMS 0x0000000613800000| PB 0x0000000613800000| Untracked 
|  22|0x0000000613c00000, 0x0000000613c00000, 0x0000000614000000|  0%| F|  |TAMS 0x0000000613c00000| PB 0x0000000613c00000| Untracked 
|  23|0x0000000614000000, 0x0000000614000000, 0x0000000614400000|  0%| F|  |TAMS 0x0000000614000000| PB 0x0000000614000000| Untracked 
|  24|0x0000000614400000, 0x0000000614400000, 0x0000000614800000|  0%| F|  |TAMS 0x0000000614400000| PB 0x0000000614400000| Untracked 
|  25|0x0000000614800000, 0x0000000614800000, 0x0000000614c00000|  0%| F|  |TAMS 0x0000000614800000| PB 0x0000000614800000| Untracked 
|  26|0x0000000614c00000, 0x0000000614c00000, 0x0000000615000000|  0%| F|  |TAMS 0x0000000614c00000| PB 0x0000000614c00000| Untracked 
|  27|0x0000000615000000, 0x0000000615000000, 0x0000000615400000|  0%| F|  |TAMS 0x0000000615000000| PB 0x0000000615000000| Untracked 
|  28|0x0000000615400000, 0x0000000615400000, 0x0000000615800000|  0%| F|  |TAMS 0x0000000615400000| PB 0x0000000615400000| Untracked 
|  29|0x0000000615800000, 0x0000000615800000, 0x0000000615c00000|  0%| F|  |TAMS 0x0000000615800000| PB 0x0000000615800000| Untracked 
|  30|0x0000000615c00000, 0x0000000615c00000, 0x0000000616000000|  0%| F|  |TAMS 0x0000000615c00000| PB 0x0000000615c00000| Untracked 
|  31|0x0000000616000000, 0x0000000616000000, 0x0000000616400000|  0%| F|  |TAMS 0x0000000616000000| PB 0x0000000616000000| Untracked 
|  32|0x0000000616400000, 0x0000000616400000, 0x0000000616800000|  0%| F|  |TAMS 0x0000000616400000| PB 0x0000000616400000| Untracked 
|  33|0x0000000616800000, 0x0000000616800000, 0x0000000616c00000|  0%| F|  |TAMS 0x0000000616800000| PB 0x0000000616800000| Untracked 
|  34|0x0000000616c00000, 0x0000000616c00000, 0x0000000617000000|  0%| F|  |TAMS 0x0000000616c00000| PB 0x0000000616c00000| Untracked 
|  35|0x0000000617000000, 0x0000000617000000, 0x0000000617400000|  0%| F|  |TAMS 0x0000000617000000| PB 0x0000000617000000| Untracked 
|  36|0x0000000617400000, 0x0000000617400000, 0x0000000617800000|  0%| F|  |TAMS 0x0000000617400000| PB 0x0000000617400000| Untracked 
|  37|0x0000000617800000, 0x0000000617800000, 0x0000000617c00000|  0%| F|  |TAMS 0x0000000617800000| PB 0x0000000617800000| Untracked 
|  38|0x0000000617c00000, 0x0000000617c00000, 0x0000000618000000|  0%| F|  |TAMS 0x0000000617c00000| PB 0x0000000617c00000| Untracked 
|  39|0x0000000618000000, 0x0000000618000000, 0x0000000618400000|  0%| F|  |TAMS 0x0000000618000000| PB 0x0000000618000000| Untracked 
|  40|0x0000000618400000, 0x0000000618400000, 0x0000000618800000|  0%| F|  |TAMS 0x0000000618400000| PB 0x0000000618400000| Untracked 
|  41|0x0000000618800000, 0x0000000618800000, 0x0000000618c00000|  0%| F|  |TAMS 0x0000000618800000| PB 0x0000000618800000| Untracked 
|  42|0x0000000618c00000, 0x0000000618c00000, 0x0000000619000000|  0%| F|  |TAMS 0x0000000618c00000| PB 0x0000000618c00000| Untracked 
|  43|0x0000000619000000, 0x0000000619000000, 0x0000000619400000|  0%| F|  |TAMS 0x0000000619000000| PB 0x0000000619000000| Untracked 
|  44|0x0000000619400000, 0x0000000619400000, 0x0000000619800000|  0%| F|  |TAMS 0x0000000619400000| PB 0x0000000619400000| Untracked 
|  45|0x0000000619800000, 0x0000000619800000, 0x0000000619c00000|  0%| F|  |TAMS 0x0000000619800000| PB 0x0000000619800000| Untracked 
|  46|0x0000000619c00000, 0x0000000619c00000, 0x000000061a000000|  0%| F|  |TAMS 0x0000000619c00000| PB 0x0000000619c00000| Untracked 
|  47|0x000000061a000000, 0x000000061a000000, 0x000000061a400000|  0%| F|  |TAMS 0x000000061a000000| PB 0x000000061a000000| Untracked 
|  48|0x000000061a400000, 0x000000061a400000, 0x000000061a800000|  0%| F|  |TAMS 0x000000061a400000| PB 0x000000061a400000| Untracked 
|  49|0x000000061a800000, 0x000000061a800000, 0x000000061ac00000|  0%| F|  |TAMS 0x000000061a800000| PB 0x000000061a800000| Untracked 
|  50|0x000000061ac00000, 0x000000061ac00000, 0x000000061b000000|  0%| F|  |TAMS 0x000000061ac00000| PB 0x000000061ac00000| Untracked 
|  51|0x000000061b000000, 0x000000061b000000, 0x000000061b400000|  0%| F|  |TAMS 0x000000061b000000| PB 0x000000061b000000| Untracked 
|  52|0x000000061b400000, 0x000000061b400000, 0x000000061b800000|  0%| F|  |TAMS 0x000000061b400000| PB 0x000000061b400000| Untracked 
|  53|0x000000061b800000, 0x000000061b800000, 0x000000061bc00000|  0%| F|  |TAMS 0x000000061b800000| PB 0x000000061b800000| Untracked 
|  54|0x000000061bc00000, 0x000000061bc00000, 0x000000061c000000|  0%| F|  |TAMS 0x000000061bc00000| PB 0x000000061bc00000| Untracked 
|  55|0x000000061c000000, 0x000000061c000000, 0x000000061c400000|  0%| F|  |TAMS 0x000000061c000000| PB 0x000000061c000000| Untracked 
|  56|0x000000061c400000, 0x000000061c400000, 0x000000061c800000|  0%| F|  |TAMS 0x000000061c400000| PB 0x000000061c400000| Untracked 
|  57|0x000000061c800000, 0x000000061c800000, 0x000000061cc00000|  0%| F|  |TAMS 0x000000061c800000| PB 0x000000061c800000| Untracked 
|  58|0x000000061cc00000, 0x000000061cc00000, 0x000000061d000000|  0%| F|  |TAMS 0x000000061cc00000| PB 0x000000061cc00000| Untracked 
|  59|0x000000061d000000, 0x000000061d000000, 0x000000061d400000|  0%| F|  |TAMS 0x000000061d000000| PB 0x000000061d000000| Untracked 
|  60|0x000000061d400000, 0x000000061d400000, 0x000000061d800000|  0%| F|  |TAMS 0x000000061d400000| PB 0x000000061d400000| Untracked 
|  61|0x000000061d800000, 0x000000061d800000, 0x000000061dc00000|  0%| F|  |TAMS 0x000000061d800000| PB 0x000000061d800000| Untracked 
|  62|0x000000061dc00000, 0x000000061dc00000, 0x000000061e000000|  0%| F|  |TAMS 0x000000061dc00000| PB 0x000000061dc00000| Untracked 
|  63|0x000000061e000000, 0x000000061e000000, 0x000000061e400000|  0%| F|  |TAMS 0x000000061e000000| PB 0x000000061e000000| Untracked 
|  64|0x000000061e400000, 0x000000061e400000, 0x000000061e800000|  0%| F|  |TAMS 0x000000061e400000| PB 0x000000061e400000| Untracked 
|  65|0x000000061e800000, 0x000000061e800000, 0x000000061ec00000|  0%| F|  |TAMS 0x000000061e800000| PB 0x000000061e800000| Untracked 
|  66|0x000000061ec00000, 0x000000061ec00000, 0x000000061f000000|  0%| F|  |TAMS 0x000000061ec00000| PB 0x000000061ec00000| Untracked 
|  67|0x000000061f000000, 0x000000061f000000, 0x000000061f400000|  0%| F|  |TAMS 0x000000061f000000| PB 0x000000061f000000| Untracked 
|  68|0x000000061f400000, 0x000000061f400000, 0x000000061f800000|  0%| F|  |TAMS 0x000000061f400000| PB 0x000000061f400000| Untracked 
|  69|0x000000061f800000, 0x000000061f800000, 0x000000061fc00000|  0%| F|  |TAMS 0x000000061f800000| PB 0x000000061f800000| Untracked 
|  70|0x000000061fc00000, 0x000000061fc00000, 0x0000000620000000|  0%| F|  |TAMS 0x000000061fc00000| PB 0x000000061fc00000| Untracked 
|  71|0x0000000620000000, 0x0000000620000000, 0x0000000620400000|  0%| F|  |TAMS 0x0000000620000000| PB 0x0000000620000000| Untracked 
|  72|0x0000000620400000, 0x0000000620400000, 0x0000000620800000|  0%| F|  |TAMS 0x0000000620400000| PB 0x0000000620400000| Untracked 
|  73|0x0000000620800000, 0x0000000620800000, 0x0000000620c00000|  0%| F|  |TAMS 0x0000000620800000| PB 0x0000000620800000| Untracked 
|  74|0x0000000620c00000, 0x0000000620c00000, 0x0000000621000000|  0%| F|  |TAMS 0x0000000620c00000| PB 0x0000000620c00000| Untracked 
|  75|0x0000000621000000, 0x0000000621000000, 0x0000000621400000|  0%| F|  |TAMS 0x0000000621000000| PB 0x0000000621000000| Untracked 
|  76|0x0000000621400000, 0x0000000621400000, 0x0000000621800000|  0%| F|  |TAMS 0x0000000621400000| PB 0x0000000621400000| Untracked 
|  77|0x0000000621800000, 0x0000000621800000, 0x0000000621c00000|  0%| F|  |TAMS 0x0000000621800000| PB 0x0000000621800000| Untracked 
|  78|0x0000000621c00000, 0x0000000621c00000, 0x0000000622000000|  0%| F|  |TAMS 0x0000000621c00000| PB 0x0000000621c00000| Untracked 
|  79|0x0000000622000000, 0x0000000622000000, 0x0000000622400000|  0%| F|  |TAMS 0x0000000622000000| PB 0x0000000622000000| Untracked 
|  80|0x0000000622400000, 0x0000000622400000, 0x0000000622800000|  0%| F|  |TAMS 0x0000000622400000| PB 0x0000000622400000| Untracked 
|  81|0x0000000622800000, 0x0000000622800000, 0x0000000622c00000|  0%| F|  |TAMS 0x0000000622800000| PB 0x0000000622800000| Untracked 
|  82|0x0000000622c00000, 0x0000000622c00000, 0x0000000623000000|  0%| F|  |TAMS 0x0000000622c00000| PB 0x0000000622c00000| Untracked 
|  83|0x0000000623000000, 0x0000000623000000, 0x0000000623400000|  0%| F|  |TAMS 0x0000000623000000| PB 0x0000000623000000| Untracked 
|  84|0x0000000623400000, 0x0000000623400000, 0x0000000623800000|  0%| F|  |TAMS 0x0000000623400000| PB 0x0000000623400000| Untracked 
|  85|0x0000000623800000, 0x0000000623800000, 0x0000000623c00000|  0%| F|  |TAMS 0x0000000623800000| PB 0x0000000623800000| Untracked 
|  86|0x0000000623c00000, 0x0000000623c00000, 0x0000000624000000|  0%| F|  |TAMS 0x0000000623c00000| PB 0x0000000623c00000| Untracked 
|  87|0x0000000624000000, 0x0000000624000000, 0x0000000624400000|  0%| F|  |TAMS 0x0000000624000000| PB 0x0000000624000000| Untracked 
|  88|0x0000000624400000, 0x0000000624400000, 0x0000000624800000|  0%| F|  |TAMS 0x0000000624400000| PB 0x0000000624400000| Untracked 
|  89|0x0000000624800000, 0x0000000624800000, 0x0000000624c00000|  0%| F|  |TAMS 0x0000000624800000| PB 0x0000000624800000| Untracked 
|  90|0x0000000624c00000, 0x0000000624c00000, 0x0000000625000000|  0%| F|  |TAMS 0x0000000624c00000| PB 0x0000000624c00000| Untracked 
|  91|0x0000000625000000, 0x0000000625000000, 0x0000000625400000|  0%| F|  |TAMS 0x0000000625000000| PB 0x0000000625000000| Untracked 
|  92|0x0000000625400000, 0x0000000625400000, 0x0000000625800000|  0%| F|  |TAMS 0x0000000625400000| PB 0x0000000625400000| Untracked 
|  93|0x0000000625800000, 0x0000000625800000, 0x0000000625c00000|  0%| F|  |TAMS 0x0000000625800000| PB 0x0000000625800000| Untracked 
|  94|0x0000000625c00000, 0x0000000625c00000, 0x0000000626000000|  0%| F|  |TAMS 0x0000000625c00000| PB 0x0000000625c00000| Untracked 
|  95|0x0000000626000000, 0x0000000626000000, 0x0000000626400000|  0%| F|  |TAMS 0x0000000626000000| PB 0x0000000626000000| Untracked 
|  96|0x0000000626400000, 0x0000000626400000, 0x0000000626800000|  0%| F|  |TAMS 0x0000000626400000| PB 0x0000000626400000| Untracked 
|  97|0x0000000626800000, 0x0000000626800000, 0x0000000626c00000|  0%| F|  |TAMS 0x0000000626800000| PB 0x0000000626800000| Untracked 
|  98|0x0000000626c00000, 0x0000000626c00000, 0x0000000627000000|  0%| F|  |TAMS 0x0000000626c00000| PB 0x0000000626c00000| Untracked 
|  99|0x0000000627000000, 0x0000000627000000, 0x0000000627400000|  0%| F|  |TAMS 0x0000000627000000| PB 0x0000000627000000| Untracked 
| 100|0x0000000627400000, 0x0000000627400000, 0x0000000627800000|  0%| F|  |TAMS 0x0000000627400000| PB 0x0000000627400000| Untracked 
| 101|0x0000000627800000, 0x0000000627800000, 0x0000000627c00000|  0%| F|  |TAMS 0x0000000627800000| PB 0x0000000627800000| Untracked 
| 102|0x0000000627c00000, 0x0000000627c00000, 0x0000000628000000|  0%| F|  |TAMS 0x0000000627c00000| PB 0x0000000627c00000| Untracked 
| 103|0x0000000628000000, 0x0000000628000000, 0x0000000628400000|  0%| F|  |TAMS 0x0000000628000000| PB 0x0000000628000000| Untracked 
| 104|0x0000000628400000, 0x0000000628400000, 0x0000000628800000|  0%| F|  |TAMS 0x0000000628400000| PB 0x0000000628400000| Untracked 
| 105|0x0000000628800000, 0x0000000628800000, 0x0000000628c00000|  0%| F|  |TAMS 0x0000000628800000| PB 0x0000000628800000| Untracked 
| 106|0x0000000628c00000, 0x0000000628c00000, 0x0000000629000000|  0%| F|  |TAMS 0x0000000628c00000| PB 0x0000000628c00000| Untracked 
| 107|0x0000000629000000, 0x0000000629000000, 0x0000000629400000|  0%| F|  |TAMS 0x0000000629000000| PB 0x0000000629000000| Untracked 
| 108|0x0000000629400000, 0x0000000629400000, 0x0000000629800000|  0%| F|  |TAMS 0x0000000629400000| PB 0x0000000629400000| Untracked 
| 109|0x0000000629800000, 0x0000000629800000, 0x0000000629c00000|  0%| F|  |TAMS 0x0000000629800000| PB 0x0000000629800000| Untracked 
| 110|0x0000000629c00000, 0x0000000629c00000, 0x000000062a000000|  0%| F|  |TAMS 0x0000000629c00000| PB 0x0000000629c00000| Untracked 
| 111|0x000000062a000000, 0x000000062a000000, 0x000000062a400000|  0%| F|  |TAMS 0x000000062a000000| PB 0x000000062a000000| Untracked 
| 112|0x000000062a400000, 0x000000062a400000, 0x000000062a800000|  0%| F|  |TAMS 0x000000062a400000| PB 0x000000062a400000| Untracked 
| 113|0x000000062a800000, 0x000000062a800000, 0x000000062ac00000|  0%| F|  |TAMS 0x000000062a800000| PB 0x000000062a800000| Untracked 
| 114|0x000000062ac00000, 0x000000062ac00000, 0x000000062b000000|  0%| F|  |TAMS 0x000000062ac00000| PB 0x000000062ac00000| Untracked 
| 115|0x000000062b000000, 0x000000062b000000, 0x000000062b400000|  0%| F|  |TAMS 0x000000062b000000| PB 0x000000062b000000| Untracked 
| 116|0x000000062b400000, 0x000000062b400000, 0x000000062b800000|  0%| F|  |TAMS 0x000000062b400000| PB 0x000000062b400000| Untracked 
| 117|0x000000062b800000, 0x000000062b800000, 0x000000062bc00000|  0%| F|  |TAMS 0x000000062b800000| PB 0x000000062b800000| Untracked 
| 118|0x000000062bc00000, 0x000000062bc00000, 0x000000062c000000|  0%| F|  |TAMS 0x000000062bc00000| PB 0x000000062bc00000| Untracked 
| 119|0x000000062c000000, 0x000000062c000000, 0x000000062c400000|  0%| F|  |TAMS 0x000000062c000000| PB 0x000000062c000000| Untracked 
| 120|0x000000062c400000, 0x000000062c400000, 0x000000062c800000|  0%| F|  |TAMS 0x000000062c400000| PB 0x000000062c400000| Untracked 
| 121|0x000000062c800000, 0x000000062c800000, 0x000000062cc00000|  0%| F|  |TAMS 0x000000062c800000| PB 0x000000062c800000| Untracked 
| 122|0x000000062cc00000, 0x000000062d000000, 0x000000062d000000|100%| E|  |TAMS 0x000000062cc00000| PB 0x000000062cc00000| Complete 
| 123|0x000000062d000000, 0x000000062d400000, 0x000000062d400000|100%| E|CS|TAMS 0x000000062d000000| PB 0x000000062d000000| Complete 
| 124|0x000000062d400000, 0x000000062d800000, 0x000000062d800000|100%| E|CS|TAMS 0x000000062d400000| PB 0x000000062d400000| Complete 

Card table byte_map: [0x000001bcfdab0000,0x000001bcfea40000] _byte_map_base: 0x000001bcfaa3e000

Marking Bits: (CMBitMap*) 0x000001bcf32d5e80
 Bits: [0x000001bc8f000000, 0x000001bc96c70000)

Polling page: 0x000001bcf0d70000

Metaspace:

Usage:
  Non-class:      2.85 MB used.
      Class:    245.26 KB used.
       Both:      3.09 MB used.

Virtual space:
  Non-class space:       64.00 MB reserved,       2.94 MB (  5%) committed,  1 nodes.
      Class space:        1.00 GB reserved,     320.00 KB ( <1%) committed,  1 nodes.
             Both:        1.06 GB reserved,       3.25 MB ( <1%) committed. 

Chunk freelists:
   Non-Class:  10.58 MB
       Class:  15.63 MB
        Both:  26.21 MB

MaxMetaspaceSize: unlimited
CompressedClassSpaceSize: 1.00 GB
Initial GC threshold: 21.00 MB
Current GC threshold: 21.00 MB
CDS: on
 - commit_granule_bytes: 65536.
 - commit_granule_words: 8192.
 - virtual_space_node_default_size: 8388608.
 - enlarge_chunks_in_place: 1.
 - use_allocation_guard: 0.


Internal statistics:

num_allocs_failed_limit: 0.
num_arena_births: 80.
num_arena_deaths: 0.
num_vsnodes_births: 2.
num_vsnodes_deaths: 0.
num_space_committed: 52.
num_space_uncommitted: 0.
num_chunks_returned_to_freelist: 0.
num_chunks_taken_from_freelist: 156.
num_chunk_merges: 0.
num_chunk_splits: 101.
num_chunks_enlarged: 72.
num_inconsistent_stats: 0.

CodeHeap 'non-profiled nmethods': size=118848Kb used=131Kb max_used=131Kb free=118717Kb
 bounds [0x000001bc87bf0000, 0x000001bc87e60000, 0x000001bc8f000000]
CodeHeap 'profiled nmethods': size=118848Kb used=507Kb max_used=507Kb free=118340Kb
 bounds [0x000001bc80000000, 0x000001bc80270000, 0x000001bc87410000]
CodeHeap 'non-nmethods': size=8064Kb used=2452Kb max_used=2452Kb free=5611Kb
 bounds [0x000001bc87410000, 0x000001bc87680000, 0x000001bc87bf0000]
 total_blobs=1432 nmethods=381 adapters=956
 compilation: enabled
              stopped_count=0, restarted_count=0
 full_count=0

Compilation events (20 events):
Event: 0.112 Thread 0x000001bc99360310  341       3       java.util.jar.Manifest$FastInputStream::readLine (296 bytes)
Event: 0.112 Thread 0x000001bc99357180  342       4       java.lang.StringLatin1::canEncode (13 bytes)
Event: 0.112 Thread 0x000001bc99360310 nmethod 341 0x000001bc80072d10 code [0x000001bc80072f40, 0x000001bc800738b8]
Event: 0.112 Thread 0x000001bc99357180 nmethod 342 0x000001bc87c09f90 code [0x000001bc87c0a100, 0x000001bc87c0a190]
Event: 0.112 Thread 0x000001bc99357180  343       4       jdk.internal.util.ArraysSupport::vectorizedHashCode (158 bytes)
Event: 0.113 Thread 0x000001bc99360310  345       1       java.util.jar.Attributes$Name::hashCode (5 bytes)
Event: 0.113 Thread 0x000001bc99360310 nmethod 345 0x000001bc87c0a690 code [0x000001bc87c0a820, 0x000001bc87c0a8e8]
Event: 0.113 Thread 0x000001bc99360310  346       1       java.lang.String::value (5 bytes)
Event: 0.113 Thread 0x000001bc99360310 nmethod 346 0x000001bc87c0a990 code [0x000001bc87c0ab20, 0x000001bc87c0abf0]
Event: 0.113 Thread 0x000001bc99360310  347   !   3       java.lang.String::<init> (890 bytes)
Event: 0.113 Thread 0x000001bc99416880  348       3       java.lang.String::<init> (22 bytes)
Event: 0.113 Thread 0x000001bc99416880 nmethod 348 0x000001bc80073d10 code [0x000001bc80073f00, 0x000001bc80074390]
Event: 0.113 Thread 0x000001bc99416880  349       3       jdk.internal.util.ArraysSupport::mismatch (103 bytes)
Event: 0.114 Thread 0x000001bc99416880 nmethod 349 0x000001bc80074610 code [0x000001bc800747e0, 0x000001bc80074c10]
Event: 0.114 Thread 0x000001bc99357180 nmethod 343 0x000001bc87c0ac90 code [0x000001bc87c0ae20, 0x000001bc87c0b0b8]
Event: 0.115 Thread 0x000001bc99360310 nmethod 347 0x000001bc80074e10 code [0x000001bc80075700, 0x000001bc8007af60]
Event: 0.115 Thread 0x000001bc99360310  350       3       sun.invoke.util.VerifyAccess::isTypeVisible (118 bytes)
Event: 0.115 Thread 0x000001bc99416880  351       3       java.lang.invoke.MethodType::equals (25 bytes)
Event: 0.115 Thread 0x000001bc99416880 nmethod 351 0x000001bc8007cf10 code [0x000001bc8007d0e0, 0x000001bc8007d5f0]
Event: 0.116 Thread 0x000001bc99360310 nmethod 350 0x000001bc8007d710 code [0x000001bc8007da20, 0x000001bc8007ea38]

GC Heap History (0 events):
No events

Dll operation events (10 events):
Event: 0.007 Loaded shared library C:\Users\farre\.jdks\corretto-21.0.4\bin\java.dll
Event: 0.008 Loaded shared library C:\Users\farre\.jdks\corretto-21.0.4\bin\zip.dll
Event: 0.024 Loaded shared library C:\Users\farre\.jdks\corretto-21.0.4\bin\jsvml.dll
Event: 0.066 Loaded shared library C:\Users\farre\.jdks\corretto-21.0.4\bin\instrument.dll
Event: 0.099 Loaded shared library C:\Users\farre\.jdks\corretto-21.0.4\bin\jimage.dll
Event: 0.104 Loaded shared library C:\Users\farre\.jdks\corretto-21.0.4\bin\net.dll
Event: 0.105 Loaded shared library C:\Users\farre\.jdks\corretto-21.0.4\bin\nio.dll
Event: 0.109 Loaded shared library C:\Users\farre\.jdks\corretto-21.0.4\bin\zip.dll
Event: 11.430 Loaded shared library C:\Users\farre\AppData\Local\Temp\lwjgl_farre\3.3.4+7\x64\lwjgl.dll
Event: 12.102 Loaded shared library C:\Users\farre\AppData\Local\Temp\lwjgl_farre\3.3.4+7\x64\lwjgl_opengl.dll

Deoptimization events (8 events):
Event: 0.073 Thread 0x000001bcf3229490 Uncommon trap: trap_request=0xffffff45 fr.pc=0x000001bc87c042f0 relative=0x0000000000000070
Event: 0.073 Thread 0x000001bcf3229490 Uncommon trap: reason=unstable_if action=reinterpret pc=0x000001bc87c042f0 method=java.lang.String.isLatin1()Z @ 10 c2
Event: 0.073 Thread 0x000001bcf3229490 DEOPT PACKING pc=0x000001bc87c042f0 sp=0x0000005c048fe590
Event: 0.073 Thread 0x000001bcf3229490 DEOPT UNPACKING pc=0x000001bc87467da2 sp=0x0000005c048fe530 mode 2
Event: 0.073 Thread 0x000001bcf3229490 Uncommon trap: trap_request=0xffffff45 fr.pc=0x000001bc87c01c7c relative=0x00000000000000dc
Event: 0.073 Thread 0x000001bcf3229490 Uncommon trap: reason=unstable_if action=reinterpret pc=0x000001bc87c01c7c method=java.lang.String.isLatin1()Z @ 10 c2
Event: 0.073 Thread 0x000001bcf3229490 DEOPT PACKING pc=0x000001bc87c01c7c sp=0x0000005c048ff0e0
Event: 0.073 Thread 0x000001bcf3229490 DEOPT UNPACKING pc=0x000001bc87467da2 sp=0x0000005c048ff030 mode 2

Classes loaded (20 events):
Event: 12.269 Loading class org/lwjgl/system/SharedLibrary$Delegate
Event: 12.269 Loading class org/lwjgl/system/SharedLibrary$Delegate done
Event: 12.271 Loading class org/lwjgl/opengl/GL30C
Event: 12.271 Loading class org/lwjgl/opengl/GL30C done
Event: 12.272 Loading class org/lwjgl/opengl/GL21C
Event: 12.272 Loading class org/lwjgl/opengl/GL21C done
Event: 12.273 Loading class org/lwjgl/opengl/GL20C
Event: 12.273 Loading class org/lwjgl/opengl/GL20C done
Event: 12.273 Loading class org/lwjgl/opengl/GL15C
Event: 12.273 Loading class org/lwjgl/opengl/GL15C done
Event: 12.274 Loading class org/lwjgl/opengl/GL14C
Event: 12.274 Loading class org/lwjgl/opengl/GL14C done
Event: 12.275 Loading class org/lwjgl/opengl/GL13C
Event: 12.275 Loading class org/lwjgl/opengl/GL13C done
Event: 12.276 Loading class org/lwjgl/opengl/GL12C
Event: 12.276 Loading class org/lwjgl/opengl/GL12C done
Event: 12.276 Loading class org/lwjgl/opengl/GL11C
Event: 12.276 Loading class org/lwjgl/opengl/GL11C done
Event: 12.279 Loading class org/lwjgl/system/libc/LibCString
Event: 12.279 Loading class org/lwjgl/system/libc/LibCString done

Classes unloaded (0 events):
No events

Classes redefined (0 events):
No events

Internal exceptions (20 events):
Event: 11.406 Thread 0x000001bcf3229490 Exception <a 'java/lang/NoSuchMethodError'{0x000000062d36b1a0}: 'void java.lang.invoke.DelegatingMethodHandle$Holder.delegate(java.lang.Object, java.lang.Object, int, java.lang.Object)'> (0x000000062d36b1a0) 
thrown [s\src\hotspot\share\interpreter\linkResolver.cpp, line 773]
Event: 11.407 Thread 0x000001bcf3229490 Exception <a 'java/lang/NoSuchMethodError'{0x000000062d36eee0}: 'int java.lang.invoke.DirectMethodHandle$Holder.invokeSpecial(java.lang.Object, java.lang.Object, java.lang.Object)'> (0x000000062d36eee0) 
thrown [s\src\hotspot\share\interpreter\linkResolver.cpp, line 773]
Event: 11.411 Thread 0x000001bcf3229490 Exception <a 'java/lang/NoSuchMethodError'{0x000000062d38c608}: 'void java.lang.System.loadLibrary(java.lang.String, java.lang.Class)'> (0x000000062d38c608) 
thrown [s\src\hotspot\share\interpreter\linkResolver.cpp, line 773]
Event: 11.433 Thread 0x000001bcf3229490 Exception <a 'sun/nio/fs/WindowsException'{0x000000062cc10930}> (0x000000062cc10930) 
thrown [s\src\hotspot\share\prims\jni.cpp, line 520]
Event: 11.433 Thread 0x000001bcf3229490 Exception <a 'sun/nio/fs/WindowsException'{0x000000062cc11f38}> (0x000000062cc11f38) 
thrown [s\src\hotspot\share\prims\jni.cpp, line 520]
Event: 11.666 Thread 0x000001bcf3229490 Exception <a 'java/lang/NoSuchMethodError'{0x000000062cd0d870}: 'int java.lang.invoke.DirectMethodHandle$Holder.invokeStaticInit(java.lang.Object, java.lang.Object, int, long)'> (0x000000062cd0d870) 
thrown [s\src\hotspot\share\interpreter\linkResolver.cpp, line 773]
Event: 11.667 Thread 0x000001bcf3229490 Exception <a 'java/lang/NoSuchMethodError'{0x000000062cd12978}: 'java.lang.Object java.lang.invoke.DirectMethodHandle$Holder.newInvokeSpecial(java.lang.Object, java.lang.Object, int)'> (0x000000062cd12978) 
thrown [s\src\hotspot\share\interpreter\linkResolver.cpp, line 773]
Event: 11.669 Thread 0x000001bcf3229490 Exception <a 'java/lang/NoSuchMethodError'{0x000000062cd25e80}: 'int java.lang.invoke.DirectMethodHandle$Holder.invokeStaticInit(java.lang.Object, java.lang.Object, long, long)'> (0x000000062cd25e80) 
thrown [s\src\hotspot\share\interpreter\linkResolver.cpp, line 773]
Event: 11.670 Thread 0x000001bcf3229490 Exception <a 'java/lang/NoSuchMethodError'{0x000000062cd2b908}: 'java.lang.Object java.lang.invoke.DirectMethodHandle$Holder.newInvokeSpecial(java.lang.Object, java.lang.Object, long)'> (0x000000062cd2b908) 
thrown [s\src\hotspot\share\interpreter\linkResolver.cpp, line 773]
Event: 11.671 Thread 0x000001bcf3229490 Exception <a 'java/lang/NoSuchMethodError'{0x000000062cd2f7b0}: 'java.lang.Object java.lang.invoke.Invokers$Holder.linkToTargetMethod(java.lang.Object, long, java.lang.Object)'> (0x000000062cd2f7b0) 
thrown [s\src\hotspot\share\interpreter\linkResolver.cpp, line 773]
Event: 11.672 Thread 0x000001bcf3229490 Exception <a 'java/lang/NoSuchMethodError'{0x000000062cd369d8}: 'int java.lang.invoke.DirectMethodHandle$Holder.invokeStaticInit(java.lang.Object, java.lang.Object, java.lang.Object, long)'> (0x000000062cd369d8) 
thrown [s\src\hotspot\share\interpreter\linkResolver.cpp, line 773]
Event: 11.691 Thread 0x000001bcf3229490 Exception <a 'sun/nio/fs/WindowsException'{0x000000062ce03648}> (0x000000062ce03648) 
thrown [s\src\hotspot\share\prims\jni.cpp, line 520]
Event: 11.691 Thread 0x000001bcf3229490 Exception <a 'sun/nio/fs/WindowsException'{0x000000062ce039a8}> (0x000000062ce039a8) 
thrown [s\src\hotspot\share\prims\jni.cpp, line 520]
Event: 11.929 Thread 0x000001bcf3229490 Exception <a 'java/lang/NoSuchMethodError'{0x000000062ce1e010}: 'int java.lang.invoke.Invokers$Holder.invokeExact_MT(java.lang.Object, java.lang.Object)'> (0x000000062ce1e010) 
thrown [s\src\hotspot\share\interpreter\linkResolver.cpp, line 773]
Event: 12.095 Thread 0x000001bcf3229490 Exception <a 'java/lang/NoSuchMethodError'{0x000000062cea5420}: 'void java.lang.System.load(java.lang.String, java.lang.Class)'> (0x000000062cea5420) 
thrown [s\src\hotspot\share\interpreter\linkResolver.cpp, line 773]
Event: 12.096 Thread 0x000001bcf3229490 Exception <a 'java/lang/NoSuchMethodError'{0x000000062cea7e70}: 'void java.lang.System.loadLibrary(java.lang.String, java.lang.Class)'> (0x000000062cea7e70) 
thrown [s\src\hotspot\share\interpreter\linkResolver.cpp, line 773]
Event: 12.101 Thread 0x000001bcf3229490 Exception <a 'sun/nio/fs/WindowsException'{0x000000062ceb71a8}> (0x000000062ceb71a8) 
thrown [s\src\hotspot\share\prims\jni.cpp, line 520]
Event: 12.101 Thread 0x000001bcf3229490 Exception <a 'sun/nio/fs/WindowsException'{0x000000062ceb7548}> (0x000000062ceb7548) 
thrown [s\src\hotspot\share\prims\jni.cpp, line 520]
Event: 12.268 Thread 0x000001bcf3229490 Exception <a 'sun/nio/fs/WindowsException'{0x000000062cec00b8}> (0x000000062cec00b8) 
thrown [s\src\hotspot\share\prims\jni.cpp, line 520]
Event: 12.268 Thread 0x000001bcf3229490 Exception <a 'sun/nio/fs/WindowsException'{0x000000062cec0388}> (0x000000062cec0388) 
thrown [s\src\hotspot\share\prims\jni.cpp, line 520]

ZGC Phase Switch (0 events):
No events

VM Operations (14 events):
Event: 0.041 Executing VM operation: HandshakeAllThreads (Deoptimize)
Event: 0.041 Executing VM operation: HandshakeAllThreads (Deoptimize) done
Event: 0.064 Executing VM operation: ChangeBreakpoints
Event: 0.064 Executing VM operation: ChangeBreakpoints done
Event: 0.064 Executing VM operation: ChangeBreakpoints
Event: 0.064 Executing VM operation: ChangeBreakpoints done
Event: 0.084 Executing VM operation: ChangeBreakpoints
Event: 0.084 Executing VM operation: ChangeBreakpoints done
Event: 0.147 Executing VM operation: get/set locals
Event: 0.147 Executing VM operation: get/set locals done
Event: 11.376 Executing VM operation: ChangeSingleStep
Event: 11.376 Executing VM operation: ChangeSingleStep done
Event: 11.377 Executing VM operation: ChangeSingleStep
Event: 11.377 Executing VM operation: ChangeSingleStep done

Memory protections (0 events):
No events

Nmethod flushes (0 events):
No events

Events (18 events):
Event: 0.015 Thread 0x000001bcf3229490 Thread added: 0x000001bcf3229490
Event: 0.022 Thread 0x000001bcf3229490 Thread added: 0x000001bcfed70470
Event: 0.022 Thread 0x000001bcf3229490 Thread added: 0x000001bcfed72fe0
Event: 0.022 Thread 0x000001bcf3229490 Thread added: 0x000001bcfed76010
Event: 0.022 Thread 0x000001bcf3229490 Thread added: 0x000001bc99351f40
Event: 0.023 Thread 0x000001bcf3229490 Thread added: 0x000001bc99352d00
Event: 0.023 Thread 0x000001bcf3229490 Thread added: 0x000001bcfed78630
Event: 0.023 Thread 0x000001bcf3229490 Thread added: 0x000001bc99357180
Event: 0.023 Thread 0x000001bcf3229490 Thread added: 0x000001bc99360310
Event: 0.024 Thread 0x000001bc99360310 Thread added: 0x000001bc99416880
Event: 0.038 Thread 0x000001bcf3229490 Thread added: 0x000001bcfed77fa0
Event: 0.044 Thread 0x000001bc99357180 Thread added: 0x000001bc99511000
Event: 0.050 Thread 0x000001bcf3229490 Thread added: 0x000001bc995cbdf0
Event: 0.050 Thread 0x000001bcf3229490 Thread added: 0x000001bc99613950
Event: 0.050 Thread 0x000001bc995cbdf0 Thread added: 0x000001bc996143e0
Event: 0.072 Thread 0x000001bcf3229490 Thread added: 0x000001bcfed7a070
Event: 5.129 Thread 0x000001bc99511000 Thread exited: 0x000001bc99511000
Event: 5.129 Thread 0x000001bc99416880 Thread exited: 0x000001bc99416880


Dynamic libraries:
0x00007ff7a3e40000 - 0x00007ff7a3e4e000 	C:\Users\farre\.jdks\corretto-21.0.4\bin\java.exe
0x00007fff51300000 - 0x00007fff51563000 	C:\Windows\SYSTEM32\ntdll.dll
0x00007fff509a0000 - 0x00007fff50a67000 	C:\Windows\System32\KERNEL32.DLL
0x00007fff4e910000 - 0x00007fff4ecc0000 	C:\Windows\System32\KERNELBASE.dll
0x00007fff4e7c0000 - 0x00007fff4e90b000 	C:\Windows\System32\ucrtbase.dll
0x00007fff49e70000 - 0x00007fff49e88000 	C:\Users\farre\.jdks\corretto-21.0.4\bin\jli.dll
0x00007fff49c00000 - 0x00007fff49c1b000 	C:\Users\farre\.jdks\corretto-21.0.4\bin\VCRUNTIME140.dll
0x00007fff4f230000 - 0x00007fff4f3f3000 	C:\Windows\System32\USER32.dll
0x00007fff4ef20000 - 0x00007fff4ef47000 	C:\Windows\System32\win32u.dll
0x00007fff50b50000 - 0x00007fff50b7a000 	C:\Windows\System32\GDI32.dll
0x00007fff36c30000 - 0x00007fff36ec0000 	C:\Windows\WinSxS\amd64_microsoft.windows.common-controls_6595b64144ccf1df_6.0.26100.1882_none_3e0e949ae32eca40\COMCTL32.dll
0x00007fff4edf0000 - 0x00007fff4ef13000 	C:\Windows\System32\gdi32full.dll
0x00007fff508c0000 - 0x00007fff50969000 	C:\Windows\System32\msvcrt.dll
0x00007fff4ef50000 - 0x00007fff4eff3000 	C:\Windows\System32\msvcp_win.dll
0x00007fff4f1f0000 - 0x00007fff4f21f000 	C:\Windows\System32\IMM32.DLL
0x00007fff49b80000 - 0x00007fff49b8c000 	C:\Users\farre\.jdks\corretto-21.0.4\bin\vcruntime140_1.dll
0x00007ffee7ed0000 - 0x00007ffee7f5d000 	C:\Users\farre\.jdks\corretto-21.0.4\bin\msvcp140.dll
0x00007ffe45350000 - 0x00007ffe460e6000 	C:\Users\farre\.jdks\corretto-21.0.4\bin\server\jvm.dll
0x00007fff51080000 - 0x00007fff51134000 	C:\Windows\System32\ADVAPI32.dll
0x00007fff50fd0000 - 0x00007fff51076000 	C:\Windows\System32\sechost.dll
0x00007fff507a0000 - 0x00007fff508b6000 	C:\Windows\System32\RPCRT4.dll
0x00007fff50550000 - 0x00007fff505c4000 	C:\Windows\System32\WS2_32.dll
0x00007fff4dce0000 - 0x00007fff4dd2e000 	C:\Windows\SYSTEM32\POWRPROF.dll
0x00007fff452b0000 - 0x00007fff452bb000 	C:\Windows\SYSTEM32\VERSION.dll
0x00007fff3e5c0000 - 0x00007fff3e5f6000 	C:\Windows\SYSTEM32\WINMM.dll
0x00007fff4db60000 - 0x00007fff4db74000 	C:\Windows\SYSTEM32\UMPDC.dll
0x00007fff4d520000 - 0x00007fff4d53a000 	C:\Windows\SYSTEM32\kernel.appcore.dll
0x00007fff2fea0000 - 0x00007fff2feaa000 	C:\Users\farre\.jdks\corretto-21.0.4\bin\jimage.dll
0x00007fff4bef0000 - 0x00007fff4c131000 	C:\Windows\SYSTEM32\DBGHELP.DLL
0x00007fff50bd0000 - 0x00007fff50f4c000 	C:\Windows\System32\combase.dll
0x00007fff50a70000 - 0x00007fff50b46000 	C:\Windows\System32\OLEAUT32.dll
0x00007fff379a0000 - 0x00007fff379d9000 	C:\Windows\SYSTEM32\dbgcore.DLL
0x00007fff4ecd0000 - 0x00007fff4ed69000 	C:\Windows\System32\bcryptPrimitives.dll
0x00007fff0ae30000 - 0x00007fff0ae6c000 	C:\Users\farre\.jdks\corretto-21.0.4\bin\jdwp.dll
0x00007fff2d440000 - 0x00007fff2d44e000 	C:\Users\farre\.jdks\corretto-21.0.4\bin\instrument.dll
0x00007fff2fe80000 - 0x00007fff2fe9f000 	C:\Users\farre\.jdks\corretto-21.0.4\bin\java.dll
0x00007fff2d420000 - 0x00007fff2d438000 	C:\Users\farre\.jdks\corretto-21.0.4\bin\zip.dll
0x00007fff4f6c0000 - 0x00007fff4fdb8000 	C:\Windows\System32\SHELL32.dll
0x00007fff4c480000 - 0x00007fff4ccaa000 	C:\Windows\SYSTEM32\windows.storage.dll
0x00007fff4fdc0000 - 0x00007fff4fe93000 	C:\Windows\System32\SHCORE.dll
0x00007fff4f190000 - 0x00007fff4f1ed000 	C:\Windows\System32\shlwapi.dll
0x00007fff4e620000 - 0x00007fff4e649000 	C:\Windows\SYSTEM32\profapi.dll
0x00007ffe48d10000 - 0x00007ffe48de7000 	C:\Users\farre\.jdks\corretto-21.0.4\bin\jsvml.dll
0x00007fff27390000 - 0x00007fff2739b000 	C:\Users\farre\.jdks\corretto-21.0.4\bin\dt_socket.dll
0x00007fff4cf90000 - 0x00007fff4cfc1000 	C:\Windows\SYSTEM32\IPHLPAPI.DLL
0x00007fff4da70000 - 0x00007fff4dad8000 	C:\Windows\system32\mswsock.dll
0x00007fff273d0000 - 0x00007fff273e0000 	C:\Users\farre\.jdks\corretto-21.0.4\bin\net.dll
0x00007fff49560000 - 0x00007fff49686000 	C:\Windows\SYSTEM32\WINHTTP.dll
0x00007fff25cb0000 - 0x00007fff25cc6000 	C:\Users\farre\.jdks\corretto-21.0.4\bin\nio.dll
0x00007ffecf6a0000 - 0x00007ffecf71b000 	C:\Users\farre\AppData\Local\Temp\lwjgl_farre\3.3.4+7\x64\lwjgl.dll
0x00007ffe83310000 - 0x00007ffe83395000 	C:\Users\farre\AppData\Local\Temp\lwjgl_farre\3.3.4+7\x64\glfw.dll
0x00007fff15ff0000 - 0x00007fff1603b000 	C:\Windows\SYSTEM32\dinput8.dll
0x00007fff1f5f0000 - 0x00007fff1f602000 	C:\Windows\SYSTEM32\xinput1_4.dll
0x00007fff4e3b0000 - 0x00007fff4e40f000 	C:\Windows\SYSTEM32\cfgmgr32.dll
0x00007fff4e380000 - 0x00007fff4e3ad000 	C:\Windows\SYSTEM32\DEVOBJ.dll
0x00007fff4b920000 - 0x00007fff4b94e000 	C:\Windows\SYSTEM32\dwmapi.dll
0x00007fff3c810000 - 0x00007fff3c9ec000 	C:\Windows\SYSTEM32\inputhost.dll
0x00007fff49100000 - 0x00007fff49225000 	C:\Windows\SYSTEM32\CoreMessaging.dll
0x00007fff4b520000 - 0x00007fff4b5cd000 	C:\Windows\system32\uxtheme.dll
0x00007fff4f520000 - 0x00007fff4f67b000 	C:\Windows\System32\MSCTF.dll
0x00007fff4dd40000 - 0x00007fff4dd4c000 	C:\Windows\SYSTEM32\CRYPTBASE.DLL
0x00007ffecb270000 - 0x00007ffecb37c000 	C:\Windows\SYSTEM32\opengl32.dll
0x00007ffef8550000 - 0x00007ffef857d000 	C:\Windows\SYSTEM32\GLU32.dll
0x00007fff4b700000 - 0x00007fff4b740000 	C:\Windows\SYSTEM32\dxcore.dll
0x00007fff36540000 - 0x00007fff3655a000 	C:\Windows\SYSTEM32\windows.staterepositorycore.dll
0x00007ffe97890000 - 0x00007ffe99e78000 	C:\Windows\System32\DriverStore\FileRepository\nv_dispi.inf_amd64_dcf94619172aceb0\nvoglv64.dll
0x00007fff4fea0000 - 0x00007fff50325000 	C:\Windows\System32\SETUPAPI.dll
0x00007fff503b0000 - 0x00007fff50549000 	C:\Windows\System32\ole32.dll
0x00007fff49960000 - 0x00007fff49975000 	C:\Windows\SYSTEM32\WTSAPI32.dll
0x00007fff4df20000 - 0x00007fff4df33000 	C:\Windows\SYSTEM32\msasn1.dll
0x00007fff45270000 - 0x00007fff452ab000 	C:\Windows\SYSTEM32\cryptnet.dll
0x00007fff4f000000 - 0x00007fff4f176000 	C:\Windows\System32\CRYPT32.dll
0x00007fff4dde0000 - 0x00007fff4de3d000 	C:\Windows\SYSTEM32\wldp.dll
0x00007fff450d0000 - 0x00007fff45241000 	C:\Windows\SYSTEM32\drvstore.dll
0x00007fff4ed70000 - 0x00007fff4edea000 	C:\Windows\System32\WINTRUST.dll
0x00007fff4d640000 - 0x00007fff4d675000 	C:\Windows\SYSTEM32\ntmarta.dll
0x00007fff4f690000 - 0x00007fff4f6b0000 	C:\Windows\System32\imagehlp.dll
0x00007fff4dec0000 - 0x00007fff4dedc000 	C:\Windows\SYSTEM32\CRYPTSP.dll
0x00007fff4d480000 - 0x00007fff4d4b8000 	C:\Windows\system32\rsaenh.dll
0x00007fff4e050000 - 0x00007fff4e076000 	C:\Windows\SYSTEM32\bcrypt.dll
0x00007fff42d20000 - 0x00007fff44d0e000 	C:\Windows\System32\DriverStore\FileRepository\nv_dispi.inf_amd64_dcf94619172aceb0\nvgpucomp64.dll
0x00007fff291e0000 - 0x00007fff294dd000 	C:\Windows\system32\nvspcap64.dll
0x00007fff4d840000 - 0x00007fff4d89e000 	C:\Windows\SYSTEM32\WINSTA.dll
0x00007ffed95b0000 - 0x00007ffed9611000 	C:\Users\farre\AppData\Local\Temp\lwjgl_farre\3.3.4+7\x64\lwjgl_opengl.dll

dbghelp: loaded successfully - version: 4.0.5 - missing functions: none
symbol engine: initialized successfully - sym options: 0x614 - pdb path: .;C:\Users\farre\.jdks\corretto-21.0.4\bin;C:\Windows\SYSTEM32;C:\Windows\WinSxS\amd64_microsoft.windows.common-controls_6595b64144ccf1df_6.0.26100.1882_none_3e0e949ae32eca40;C:\Users\farre\.jdks\corretto-21.0.4\bin\server;C:\Users\farre\AppData\Local\Temp\lwjgl_farre\3.3.4+7\x64;C:\Windows\System32\DriverStore\FileRepository\nv_dispi.inf_amd64_dcf94619172aceb0

VM Arguments:
jvm_args: -agentlib:jdwp=transport=dt_socket,address=127.0.0.1:49988,suspend=y,server=n --add-exports=java.base/java.lang=ALL-UNNAMED --add-exports=java.desktop/sun.awt=ALL-UNNAMED --add-exports=java.desktop/sun.java2d=ALL-UNNAMED -javaagent:C:\Users\farre\AppData\Local\JetBrains\IdeaIC2024.2\captureAgent\debugger-agent.jar -Dkotlinx.coroutines.debug.enable.creation.stack.trace=false -Ddebugger.agent.enable.coroutines=true -Dfile.encoding=UTF-8 -Dsun.stdout.encoding=UTF-8 -Dsun.stderr.encoding=UTF-8 
java_command: uk.co.jamesj999.sonic.Engine
java_class_path (initial): C:\Users\farre\IdeaProjects\sonic-engine\target\classes;C:\Users\farre\.m2\repository\org\apache\commons\commons-lang3\3.17.0\commons-lang3-3.17.0.jar;C:\Users\farre\.m2\repository\org\lwjgl\lwjgl\3.3.4\lwjgl-3.3.4.jar;C:\Users\farre\.m2\repository\org\lwjgl\lwjgl-assimp\3.3.4\lwjgl-assimp-3.3.4.jar;C:\Users\farre\.m2\repository\org\lwjgl\lwjgl-glfw\3.3.4\lwjgl-glfw-3.3.4.jar;C:\Users\farre\.m2\repository\org\lwjgl\lwjgl-openal\3.3.4\lwjgl-openal-3.3.4.jar;C:\Users\farre\.m2\repository\org\lwjgl\lwjgl-opengl\3.3.4\lwjgl-opengl-3.3.4.jar;C:\Users\farre\.m2\repository\org\lwjgl\lwjgl-stb\3.3.4\lwjgl-stb-3.3.4.jar;C:\Users\farre\.m2\repository\org\lwjgl\lwjgl\3.3.4\lwjgl-3.3.4-natives-windows.jar;C:\Users\farre\.m2\repository\org\lwjgl\lwjgl-assimp\3.3.4\lwjgl-assimp-3.3.4-natives-windows.jar;C:\Users\farre\.m2\repository\org\lwjgl\lwjgl-glfw\3.3.4\lwjgl-glfw-3.3.4-natives-windows.jar;C:\Users\farre\.m2\repository\org\lwjgl\lwjgl-openal\3.3.4\lwjgl-openal-3.3.4-natives-windows.jar;C:\Users\farre\.m2\repository\org\lwjgl\lwjgl-opengl\3.3.4\lwjgl-opengl-3.3.4-natives-windows.jar;C:\Users\farre\.m2\repository\org\lwjgl\lwjgl-stb\3.3.4\lwjgl-stb-3.3.4-natives-windows.jar;C:\Program Files\JetBrains\IntelliJ IDEA Community Edition 2024.2.1\lib\idea_rt.jar
Launcher Type: SUN_STANDARD

[Global flags]
     intx CICompilerCount                          = 15                                        {product} {ergonomic}
     uint ConcGCThreads                            = 6                                         {product} {ergonomic}
     uint G1ConcRefinementThreads                  = 23                                        {product} {ergonomic}
   size_t G1HeapRegionSize                         = 4194304                                   {product} {ergonomic}
    uintx GCDrainStackTargetSize                   = 64                                        {product} {ergonomic}
   size_t InitialHeapSize                          = 524288000                                 {product} {ergonomic}
   size_t MarkStackSize                            = 4194304                                   {product} {ergonomic}
   size_t MaxHeapSize                              = 8350859264                                {product} {ergonomic}
   size_t MaxNewSize                               = 5007998976                                {product} {ergonomic}
   size_t MinHeapDeltaBytes                        = 4194304                                   {product} {ergonomic}
   size_t MinHeapSize                              = 8388608                                   {product} {ergonomic}
    uintx NonNMethodCodeHeapSize                   = 8192380                                {pd product} {ergonomic}
    uintx NonProfiledCodeHeapSize                  = 121732930                              {pd product} {ergonomic}
    uintx ProfiledCodeHeapSize                     = 121732930                              {pd product} {ergonomic}
    uintx ReservedCodeCacheSize                    = 251658240                              {pd product} {ergonomic}
     bool SegmentedCodeCache                       = true                                      {product} {ergonomic}
   size_t SoftMaxHeapSize                          = 8350859264                             {manageable} {ergonomic}
     bool UseCompressedOops                        = true                           {product lp64_product} {ergonomic}
     bool UseG1GC                                  = true                                      {product} {ergonomic}
     bool UseLargePagesIndividualAllocation        = false                                  {pd product} {ergonomic}

Logging:
Log output configuration:
 #0: stdout all=warning uptime,level,tags foldmultilines=false
 #1: stderr all=off uptime,level,tags foldmultilines=false

Environment Variables:
JAVA_HOME=C:\Program Files\Eclipse Adoptium\jre-21.0.4.7-hotspot\
PATH=C:\Program Files\Eclipse Adoptium\jdk-21.0.4.7-hotspot\bin;C:\Program Files\Eclipse Adoptium\jre-17.0.12.7-hotspot\bin;C:\Program Files\Eclipse Adoptium\jre-21.0.4.7-hotspot\bin;C:\Windows\system32;C:\Windows;C:\Windows\System32\Wbem;C:\Windows\System32\WindowsPowerShell\v1.0\;C:\Windows\System32\OpenSSH\;C:\Program Files (x86)\NVIDIA Corporation\PhysX\Common;C:\Program Files\dotnet\;C:\Program Files\NVIDIA Corporation\NVIDIA app\NvDLISR;C:\Program Files (x86)\Gpg4win\..\GnuPG\bin;C:\Program Files (x86)\Windows Kits\8.1\Windows Performance Toolkit\;C:\Program Files\Git\cmd;C:\Users\farre\AppData\Local\Programs\Python\Python312\Scripts\;C:\Users\farre\AppData\Local\Programs\Python\Python312\;C:\Users\farre\AppData\Local\Microsoft\WindowsApps;
USERNAME=farre
OS=Windows_NT
PROCESSOR_IDENTIFIER=AMD64 Family 26 Model 68 Stepping 0, AuthenticAMD
TMP=C:\Users\farre\AppData\Local\Temp
TEMP=C:\Users\farre\AppData\Local\Temp




Periodic native trim disabled

---------------  S Y S T E M  ---------------

OS:
 Windows 11 , 64 bit Build 26100 (10.0.26100.1882)
OS uptime: 3 days 9:35 hours
Hyper-V role detected

CPU: total 32 (initial active 32) (32 cores per cpu, 2 threads per core) family 26 model 68 stepping 0 microcode 0xb404022, cx8, cmov, fxsr, ht, mmx, 3dnowpref, sse, sse2, sse3, ssse3, sse4a, sse4.1, sse4.2, popcnt, lzcnt, tsc, tscinvbit, avx, avx2, aes, erms, clmul, bmi1, bmi2, adx, avx512f, avx512dq, avx512cd, avx512bw, avx512vl, sha, fma, vzeroupper, avx512_vpopcntdq, avx512_vpclmulqdq, avx512_vaes, avx512_vnni, clflush, clflushopt, avx512_vbmi2, avx512_vbmi, hv, rdtscp, rdpid, fsrm, gfni, avx512_bitalg, f16c, cet_ss, avx512_ifma
Processor Information for all 32 processors :
  Max Mhz: 4300, Current Mhz: 4300, Mhz Limit: 4300

Memory: 4k page, system-wide physical 31848M (10311M free)
TotalPageFile size 51304M (AvailPageFile size 8106M)
current process WorkingSet (physical memory assigned to process): 92M, peak: 92M
current process commit charge ("private bytes"): 692M, peak: 692M

vm_info: OpenJDK 64-Bit Server VM (21.0.4+7-LTS) for windows-amd64 JRE (21.0.4+7-LTS), built on 2024-07-10T17:34:29Z by "Administrator" with MS VC++ 16.10 / 16.11 (VS2019)

END.
