#
# A fatal error has been detected by the Java Runtime Environment:
#
#  EXCEPTION_ACCESS_VIOLATION (0xc0000005) at pc=0x00007fff1169dbb7, pid=35924, tid=28748
#
# JRE version: OpenJDK Runtime Environment Corretto-21.0.4.7.1 (21.0.4+7) (build 21.0.4+7-LTS)
# Java VM: OpenJDK 64-Bit Server VM Corretto-21.0.4.7.1 (21.0.4+7-LTS, mixed mode, sharing, tiered, compressed oops, compressed class ptrs, g1 gc, windows-amd64)
# Problematic frame:
# C  [lwjgl_opengl.dll+0xdbb7]
#
# No core dump will be written. Minidumps are not enabled by default on client versions of Windows
#
# If you would like to submit a bug report, please visit:
#   https://github.com/corretto/corretto-21/issues/
# The crash happened outside the Java Virtual Machine in native code.
# See problematic frame for where to report the bug.
#

---------------  S U M M A R Y ------------

Command Line: --add-exports=java.base/java.lang=ALL-UNNAMED --add-exports=java.desktop/sun.awt=ALL-UNNAMED --add-exports=java.desktop/sun.java2d=ALL-UNNAMED -javaagent:C:\Program Files\JetBrains\IntelliJ IDEA Community Edition 2024.2.1\lib\idea_rt.jar=56702:C:\Program Files\JetBrains\IntelliJ IDEA Community Edition 2024.2.1\bin -Dfile.encoding=UTF-8 -Dsun.stdout.encoding=UTF-8 -Dsun.stderr.encoding=UTF-8 uk.co.jamesj999.sonic.Engine

Host: AMD Ryzen 9 9950X 16-Core Processor            , 32 cores, 31G,  Windows 11 , 64 bit Build 26100 (10.0.26100.1882)
Time: Mon Oct 21 20:21:16 2024 GMT Summer Time elapsed time: 0.290158 seconds (0d 0h 0m 0s)

---------------  T H R E A D  ---------------

Current thread (0x000002e2ece154c0):  JavaThread "main"             [_thread_in_native, id=28748, stack(0x000000ef93600000,0x000000ef93700000) (1024K)]

Stack: [0x000000ef93600000,0x000000ef93700000],  sp=0x000000ef936feeb8,  free space=1019k
Native frames: (J=compiled Java code, j=interpreted, Vv=VM code, C=native code)
C  [lwjgl_opengl.dll+0xdbb7]

Java frames: (J=compiled Java code, j=interpreted, Vv=VM code)
j  org.lwjgl.opengl.GL11C.glViewport(IIII)V+0
j  org.lwjgl.opengl.GL11.glViewport(IIII)V+4
j  uk.co.jamesj999.sonic.Engine.initWindow()V+225
j  uk.co.jamesj999.sonic.Engine.run()V+1
j  uk.co.jamesj999.sonic.Engine.main([Ljava/lang/String;)V+7
v  ~StubRoutines::call_stub 0x000002e2874110e7

siginfo: EXCEPTION_ACCESS_VIOLATION (0xc0000005), reading address 0x0000000000000a78


Registers:
RAX=0x0000000000000000, RBX=0x000002e2d9550c98, RCX=0x0000000000000000, RDX=0x0000000000000000
RSP=0x000000ef936feeb8, RBP=0x000000ef936fef50, RSI=0x0000000000003ff0, RDI=0x000002e287418860
R8 =0x0000000000000280, R9 =0x00000000000001e0, R10=0x000002e28741cf1c, R11=0x000000062cc3a388
R12=0x0000000000000000, R13=0x000002e2d9550c90, R14=0x000000ef936fef88, R15=0x000002e2ece154c0
RIP=0x00007fff1169dbb7, EFLAGS=0x0000000000010202


Register to memory mapping:

RAX=0x0 is null
RBX={method} {0x000002e2d9550ca0} 'glViewport' '(IIII)V' in 'org/lwjgl/opengl/GL11C'
RCX=0x0 is null
RDX=0x0 is null
RSP=0x000000ef936feeb8 is pointing into the stack for thread: 0x000002e2ece154c0
RBP=0x000000ef936fef50 is pointing into the stack for thread: 0x000002e2ece154c0
RSI=0x0000000000003ff0 is an unknown value
RDI=0x000002e287418860 is at code_begin+1184 in an Interpreter codelet
return entry points  [0x000002e2874183c0, 0x000002e287418f60]  2976 bytes
R8 =0x0000000000000280 is an unknown value
R9 =0x00000000000001e0 is an unknown value
R10=0x000002e28741cf1c is at code_begin+1020 in an Interpreter codelet
native method entry point (kind = native)  [0x000002e28741cb20, 0x000002e28741d748]  3112 bytes
R11=0x000000062cc3a388 is an oop: java.lang.Class 
{0x000000062cc3a388} - klass: 'java/lang/Class'
 - ---- fields (total size 116 words):
 - private volatile transient 'classRedefinedCount' 'I' @12  0 (0x00000000)
 - injected 'klass' 'J' @16  3172236122896 (0x000002e29801db10)
 - injected 'array_klass' 'J' @24  0 (0x0000000000000000)
 - injected 'oop_size' 'I' @32  116 (0x00000074)
 - injected 'static_oop_field_count' 'I' @36  0 (0x00000000)
 - private volatile transient 'cachedConstructor' 'Ljava/lang/reflect/Constructor;' @40  null (0x00000000)
 - private transient 'name' 'Ljava/lang/String;' @44  "org.lwjgl.opengl.GL11C"{0x000000062cc3a728} (0xc59874e5)
 - private transient 'module' 'Ljava/lang/Module;' @48  a 'java/lang/Module'{0x000000062d468720} (0xc5a8d0e4)
 - private final 'classLoader' 'Ljava/lang/ClassLoader;' @52  a 'jdk/internal/loader/ClassLoaders$AppClassLoader'{0x000000062d468560} (0xc5a8d0ac)
 - private transient 'classData' 'Ljava/lang/Object;' @56  null (0x00000000)
 - private transient 'packageName' 'Ljava/lang/String;' @60  "org.lwjgl.opengl"{0x000000062d38aab8} (0xc5a71557)
 - private final 'componentType' 'Ljava/lang/Class;' @64  null (0x00000000)
 - private volatile transient 'reflectionData' 'Ljava/lang/ref/SoftReference;' @68  null (0x00000000)
 - private volatile transient 'genericInfo' 'Lsun/reflect/generics/repository/ClassRepository;' @72  null (0x00000000)
 - private volatile transient 'enumConstants' '[Ljava/lang/Object;' @76  null (0x00000000)
 - private volatile transient 'enumConstantDirectory' 'Ljava/util/Map;' @80  null (0x00000000)
 - private volatile transient 'annotationData' 'Ljava/lang/Class$AnnotationData;' @84  null (0x00000000)
 - private volatile transient 'annotationType' 'Lsun/reflect/annotation/AnnotationType;' @88  null (0x00000000)
 - transient 'classValueMap' 'Ljava/lang/ClassValue$ClassValueMap;' @92  null (0x00000000)
 - injected 'protection_domain' 'Ljava/lang/Object;' @96  a 'java/security/ProtectionDomain'{0x000000062d3ca4c0} (0xc5a79498)
 - injected 'signers_name' 'Ljava/lang/Object;' @100  null (0x00000000)
 - injected 'source_file' 'Ljava/lang/Object;' @104  null (0x00000000)
 - signature: Lorg/lwjgl/opengl/GL11C;
 - ---- static fields (0):
 - public static final 'GL_NEVER' 'I' @112  512 (0x00000200)
 - public static final 'GL_LESS' 'I' @116  513 (0x00000201)
 - public static final 'GL_EQUAL' 'I' @120  514 (0x00000202)
 - public static final 'GL_LEQUAL' 'I' @124  515 (0x00000203)
 - public static final 'GL_GREATER' 'I' @128  516 (0x00000204)
 - public static final 'GL_NOTEQUAL' 'I' @132  517 (0x00000205)
 - public static final 'GL_GEQUAL' 'I' @136  518 (0x00000206)
 - public static final 'GL_ALWAYS' 'I' @140  519 (0x00000207)
 - public static final 'GL_DEPTH_BUFFER_BIT' 'I' @144  256 (0x00000100)
 - public static final 'GL_STENCIL_BUFFER_BIT' 'I' @148  1024 (0x00000400)
 - public static final 'GL_COLOR_BUFFER_BIT' 'I' @152  16384 (0x00004000)
 - public static final 'GL_POINTS' 'I' @156  0 (0x00000000)
 - public static final 'GL_LINES' 'I' @160  1 (0x00000001)
 - public static final 'GL_LINE_LOOP' 'I' @164  2 (0x00000002)
 - public static final 'GL_LINE_STRIP' 'I' @168  3 (0x00000003)
 - public static final 'GL_TRIANGLES' 'I' @172  4 (0x00000004)
 - public static final 'GL_TRIANGLE_STRIP' 'I' @176  5 (0x00000005)
 - public static final 'GL_TRIANGLE_FAN' 'I' @180  6 (0x00000006)
 - public static final 'GL_QUADS' 'I' @184  7 (0x00000007)
 - public static final 'GL_ZERO' 'I' @188  0 (0x00000000)
 - public static final 'GL_ONE' 'I' @192  1 (0x00000001)
 - public static final 'GL_SRC_COLOR' 'I' @196  768 (0x00000300)
 - public static final 'GL_ONE_MINUS_SRC_COLOR' 'I' @200  769 (0x00000301)
 - public static final 'GL_SRC_ALPHA' 'I' @204  770 (0x00000302)
 - public static final 'GL_ONE_MINUS_SRC_ALPHA' 'I' @208  771 (0x00000303)
 - public static final 'GL_DST_ALPHA' 'I' @212  772 (0x00000304)
 - public static final 'GL_ONE_MINUS_DST_ALPHA' 'I' @216  773 (0x00000305)
 - public static final 'GL_DST_COLOR' 'I' @220  774 (0x00000306)
 - public static final 'GL_ONE_MINUS_DST_COLOR' 'I' @224  775 (0x00000307)
 - public static final 'GL_SRC_ALPHA_SATURATE' 'I' @228  776 (0x00000308)
 - public static final 'GL_TRUE' 'I' @232  1 (0x00000001)
 - public static final 'GL_FALSE' 'I' @236  0 (0x00000000)
 - public static final 'GL_BYTE' 'I' @240  5120 (0x00001400)
 - public static final 'GL_UNSIGNED_BYTE' 'I' @244  5121 (0x00001401)
 - public static final 'GL_SHORT' 'I' @248  5122 (0x00001402)
 - public static final 'GL_UNSIGNED_SHORT' 'I' @252  5123 (0x00001403)
 - public static final 'GL_INT' 'I' @256  5124 (0x00001404)
 - public static final 'GL_UNSIGNED_INT' 'I' @260  5125 (0x00001405)
 - public static final 'GL_FLOAT' 'I' @264  5126 (0x00001406)
 - public static final 'GL_DOUBLE' 'I' @268  5130 (0x0000140a)
 - public static final 'GL_NONE' 'I' @272  0 (0x00000000)
 - public static final 'GL_FRONT_LEFT' 'I' @276  1024 (0x00000400)
 - public static final 'GL_FRONT_RIGHT' 'I' @280  1025 (0x00000401)
 - public static final 'GL_BACK_LEFT' 'I' @284  1026 (0x00000402)
 - public static final 'GL_BACK_RIGHT' 'I' @288  1027 (0x00000403)
 - public static final 'GL_FRONT' 'I' @292  1028 (0x00000404)
 - public static final 'GL_BACK' 'I' @296  1029 (0x00000405)
 - public static final 'GL_LEFT' 'I' @300  1030 (0x00000406)
 - public static final 'GL_RIGHT' 'I' @304  1031 (0x00000407)
 - public static final 'GL_FRONT_AND_BACK' 'I' @308  1032 (0x00000408)
 - public static final 'GL_NO_ERROR' 'I' @312  0 (0x00000000)
 - public static final 'GL_INVALID_ENUM' 'I' @316  1280 (0x00000500)
 - public static final 'GL_INVALID_VALUE' 'I' @320  1281 (0x00000501)
 - public static final 'GL_INVALID_OPERATION' 'I' @324  1282 (0x00000502)
 - public static final 'GL_STACK_OVERFLOW' 'I' @328  1283 (0x00000503)
 - public static final 'GL_STACK_UNDERFLOW' 'I' @332  1284 (0x00000504)
 - public static final 'GL_OUT_OF_MEMORY' 'I' @336  1285 (0x00000505)
 - public static final 'GL_CW' 'I' @340  2304 (0x00000900)
 - public static final 'GL_CCW' 'I' @344  2305 (0x00000901)
 - public static final 'GL_POINT_SIZE' 'I' @348  2833 (0x00000b11)
 - public static final 'GL_POINT_SIZE_RANGE' 'I' @352  2834 (0x00000b12)
 - public static final 'GL_POINT_SIZE_GRANULARITY' 'I' @356  2835 (0x00000b13)
 - public static final 'GL_LINE_SMOOTH' 'I' @360  2848 (0x00000b20)
 - public static final 'GL_LINE_WIDTH' 'I' @364  2849 (0x00000b21)
 - public static final 'GL_LINE_WIDTH_RANGE' 'I' @368  2850 (0x00000b22)
 - public static final 'GL_LINE_WIDTH_GRANULARITY' 'I' @372  2851 (0x00000b23)
 - public static final 'GL_POLYGON_MODE' 'I' @376  2880 (0x00000b40)
 - public static final 'GL_POLYGON_SMOOTH' 'I' @380  2881 (0x00000b41)
 - public static final 'GL_CULL_FACE' 'I' @384  2884 (0x00000b44)
 - public static final 'GL_CULL_FACE_MODE' 'I' @388  2885 (0x00000b45)
 - public static final 'GL_FRONT_FACE' 'I' @392  2886 (0x00000b46)
 - public static final 'GL_DEPTH_RANGE' 'I' @396  2928 (0x00000b70)
 - public static final 'GL_DEPTH_TEST' 'I' @400  2929 (0x00000b71)
 - public static final 'GL_DEPTH_WRITEMASK' 'I' @404  2930 (0x00000b72)
 - public static final 'GL_DEPTH_CLEAR_VALUE' 'I' @408  2931 (0x00000b73)
 - public static final 'GL_DEPTH_FUNC' 'I' @412  2932 (0x00000b74)
 - public static final 'GL_STENCIL_TEST' 'I' @416  2960 (0x00000b90)
 - public static final 'GL_STENCIL_CLEAR_VALUE' 'I' @420  2961 (0x00000b91)
 - public static final 'GL_STENCIL_FUNC' 'I' @424  2962 (0x00000b92)
 - public static final 'GL_STENCIL_VALUE_MASK' 'I' @428  2963 (0x00000b93)
 - public static final 'GL_STENCIL_FAIL' 'I' @432  2964 (0x00000b94)
 - public static final 'GL_STENCIL_PASS_DEPTH_FAIL' 'I' @436  2965 (0x00000b95)
 - public static final 'GL_STENCIL_PASS_DEPTH_PASS' 'I' @440  2966 (0x00000b96)
 - public static final 'GL_STENCIL_REF' 'I' @444  2967 (0x00000b97)
 - public static final 'GL_STENCIL_WRITEMASK' 'I' @448  2968 (0x00000b98)
 - public static final 'GL_VIEWPORT' 'I' @452  2978 (0x00000ba2)
 - public static final 'GL_DITHER' 'I' @456  3024 (0x00000bd0)
 - public static final 'GL_BLEND_DST' 'I' @460  3040 (0x00000be0)
 - public static final 'GL_BLEND_SRC' 'I' @464  3041 (0x00000be1)
 - public static final 'GL_BLEND' 'I' @468  3042 (0x00000be2)
 - public static final 'GL_LOGIC_OP_MODE' 'I' @472  3056 (0x00000bf0)
 - public static final 'GL_COLOR_LOGIC_OP' 'I' @476  3058 (0x00000bf2)
 - public static final 'GL_DRAW_BUFFER' 'I' @480  3073 (0x00000c01)
 - public static final 'GL_READ_BUFFER' 'I' @484  3074 (0x00000c02)
 - public static final 'GL_SCISSOR_BOX' 'I' @488  3088 (0x00000c10)
 - public static final 'GL_SCISSOR_TEST' 'I' @492  3089 (0x00000c11)
 - public static final 'GL_COLOR_CLEAR_VALUE' 'I' @496  3106 (0x00000c22)
 - public static final 'GL_COLOR_WRITEMASK' 'I' @500  3107 (0x00000c23)
 - public static final 'GL_DOUBLEBUFFER' 'I' @504  3122 (0x00000c32)
 - public static final 'GL_STEREO' 'I' @508  3123 (0x00000c33)
 - public static final 'GL_LINE_SMOOTH_HINT' 'I' @512  3154 (0x00000c52)
 - public static final 'GL_POLYGON_SMOOTH_HINT' 'I' @516  3155 (0x00000c53)
 - public static final 'GL_UNPACK_SWAP_BYTES' 'I' @520  3312 (0x00000cf0)
 - public static final 'GL_UNPACK_LSB_FIRST' 'I' @524  3313 (0x00000cf1)
 - public static final 'GL_UNPACK_ROW_LENGTH' 'I' @528  3314 (0x00000cf2)
 - public static final 'GL_UNPACK_SKIP_ROWS' 'I' @532  3315 (0x00000cf3)
 - public static final 'GL_UNPACK_SKIP_PIXELS' 'I' @536  3316 (0x00000cf4)
 - public static final 'GL_UNPACK_ALIGNMENT' 'I' @540  3317 (0x00000cf5)
 - public static final 'GL_PACK_SWAP_BYTES' 'I' @544  3328 (0x00000d00)
 - public static final 'GL_PACK_LSB_FIRST' 'I' @548  3329 (0x00000d01)
 - public static final 'GL_PACK_ROW_LENGTH' 'I' @552  3330 (0x00000d02)
 - public static final 'GL_PACK_SKIP_ROWS' 'I' @556  3331 (0x00000d03)
 - public static final 'GL_PACK_SKIP_PIXELS' 'I' @560  3332 (0x00000d04)
 - public static final 'GL_PACK_ALIGNMENT' 'I' @564  3333 (0x00000d05)
 - public static final 'GL_MAX_TEXTURE_SIZE' 'I' @568  3379 (0x00000d33)
 - public static final 'GL_MAX_VIEWPORT_DIMS' 'I' @572  3386 (0x00000d3a)
 - public static final 'GL_SUBPIXEL_BITS' 'I' @576  3408 (0x00000d50)
 - public static final 'GL_TEXTURE_1D' 'I' @580  3552 (0x00000de0)
 - public static final 'GL_TEXTURE_2D' 'I' @584  3553 (0x00000de1)
 - public static final 'GL_TEXTURE_WIDTH' 'I' @588  4096 (0x00001000)
 - public static final 'GL_TEXTURE_HEIGHT' 'I' @592  4097 (0x00001001)
 - public static final 'GL_TEXTURE_INTERNAL_FORMAT' 'I' @596  4099 (0x00001003)
 - public static final 'GL_TEXTURE_BORDER_COLOR' 'I' @600  4100 (0x00001004)
 - public static final 'GL_DONT_CARE' 'I' @604  4352 (0x00001100)
 - public static final 'GL_FASTEST' 'I' @608  4353 (0x00001101)
 - public static final 'GL_NICEST' 'I' @612  4354 (0x00001102)
 - public static final 'GL_CLEAR' 'I' @616  5376 (0x00001500)
 - public static final 'GL_AND' 'I' @620  5377 (0x00001501)
 - public static final 'GL_AND_REVERSE' 'I' @624  5378 (0x00001502)
 - public static final 'GL_COPY' 'I' @628  5379 (0x00001503)
 - public static final 'GL_AND_INVERTED' 'I' @632  5380 (0x00001504)
 - public static final 'GL_NOOP' 'I' @636  5381 (0x00001505)
 - public static final 'GL_XOR' 'I' @640  5382 (0x00001506)
 - public static final 'GL_OR' 'I' @644  5383 (0x00001507)
 - public static final 'GL_NOR' 'I' @648  5384 (0x00001508)
 - public static final 'GL_EQUIV' 'I' @652  5385 (0x00001509)
 - public static final 'GL_INVERT' 'I' @656  5386 (0x0000150a)
 - public static final 'GL_OR_REVERSE' 'I' @660  5387 (0x0000150b)
 - public static final 'GL_COPY_INVERTED' 'I' @664  5388 (0x0000150c)
 - public static final 'GL_OR_INVERTED' 'I' @668  5389 (0x0000150d)
 - public static final 'GL_NAND' 'I' @672  5390 (0x0000150e)
 - public static final 'GL_SET' 'I' @676  5391 (0x0000150f)
 - public static final 'GL_TEXTURE' 'I' @680  5890 (0x00001702)
 - public static final 'GL_COLOR' 'I' @684  6144 (0x00001800)
 - public static final 'GL_DEPTH' 'I' @688  6145 (0x00001801)
 - public static final 'GL_STENCIL' 'I' @692  6146 (0x00001802)
 - public static final 'GL_STENCIL_INDEX' 'I' @696  6401 (0x00001901)
 - public static final 'GL_DEPTH_COMPONENT' 'I' @700  6402 (0x00001902)
 - public static final 'GL_RED' 'I' @704  6403 (0x00001903)
 - public static final 'GL_GREEN' 'I' @708  6404 (0x00001904)
 - public static final 'GL_BLUE' 'I' @712  6405 (0x00001905)
 - public static final 'GL_ALPHA' 'I' @716  6406 (0x00001906)
 - public static final 'GL_RGB' 'I' @720  6407 (0x00001907)
 - public static final 'GL_RGBA' 'I' @724  6408 (0x00001908)
 - public static final 'GL_POINT' 'I' @728  6912 (0x00001b00)
 - public static final 'GL_LINE' 'I' @732  6913 (0x00001b01)
 - public static final 'GL_FILL' 'I' @736  6914 (0x00001b02)
 - public static final 'GL_KEEP' 'I' @740  7680 (0x00001e00)
 - public static final 'GL_REPLACE' 'I' @744  7681 (0x00001e01)
 - public static final 'GL_INCR' 'I' @748  7682 (0x00001e02)
 - public static final 'GL_DECR' 'I' @752  7683 (0x00001e03)
 - public static final 'GL_VENDOR' 'I' @756  7936 (0x00001f00)
 - public static final 'GL_RENDERER' 'I' @760  7937 (0x00001f01)
 - public static final 'GL_VERSION' 'I' @764  7938 (0x00001f02)
 - public static final 'GL_EXTENSIONS' 'I' @768  7939 (0x00001f03)
 - public static final 'GL_NEAREST' 'I' @772  9728 (0x00002600)
 - public static final 'GL_LINEAR' 'I' @776  9729 (0x00002601)
 - public static final 'GL_NEAREST_MIPMAP_NEAREST' 'I' @780  9984 (0x00002700)
 - public static final 'GL_LINEAR_MIPMAP_NEAREST' 'I' @784  9985 (0x00002701)
 - public static final 'GL_NEAREST_MIPMAP_LINEAR' 'I' @788  9986 (0x00002702)
 - public static final 'GL_LINEAR_MIPMAP_LINEAR' 'I' @792  9987 (0x00002703)
 - public static final 'GL_TEXTURE_MAG_FILTER' 'I' @796  10240 (0x00002800)
 - public static final 'GL_TEXTURE_MIN_FILTER' 'I' @800  10241 (0x00002801)
 - public static final 'GL_TEXTURE_WRAP_S' 'I' @804  10242 (0x00002802)
 - public static final 'GL_TEXTURE_WRAP_T' 'I' @808  10243 (0x00002803)
 - public static final 'GL_REPEAT' 'I' @812  10497 (0x00002901)
 - public static final 'GL_POLYGON_OFFSET_FACTOR' 'I' @816  32824 (0x00008038)
 - public static final 'GL_POLYGON_OFFSET_UNITS' 'I' @820  10752 (0x00002a00)
 - public static final 'GL_POLYGON_OFFSET_POINT' 'I' @824  10753 (0x00002a01)
 - public static final 'GL_POLYGON_OFFSET_LINE' 'I' @828  10754 (0x00002a02)
 - public static final 'GL_POLYGON_OFFSET_FILL' 'I' @832  32823 (0x00008037)
 - public static final 'GL_R3_G3_B2' 'I' @836  10768 (0x00002a10)
 - public static final 'GL_RGB4' 'I' @840  32847 (0x0000804f)
 - public static final 'GL_RGB5' 'I' @844  32848 (0x00008050)
 - public static final 'GL_RGB8' 'I' @848  32849 (0x00008051)
 - public static final 'GL_RGB10' 'I' @852  32850 (0x00008052)
 - public static final 'GL_RGB12' 'I' @856  32851 (0x00008053)
 - public static final 'GL_RGB16' 'I' @860  32852 (0x00008054)
 - public static final 'GL_RGBA2' 'I' @864  32853 (0x00008055)
 - public static final 'GL_RGBA4' 'I' @868  32854 (0x00008056)
 - public static final 'GL_RGB5_A1' 'I' @872  32855 (0x00008057)
 - public static final 'GL_RGBA8' 'I' @876  32856 (0x00008058)
 - public static final 'GL_RGB10_A2' 'I' @880  32857 (0x00008059)
 - public static final 'GL_RGBA12' 'I' @884  32858 (0x0000805a)
 - public static final 'GL_RGBA16' 'I' @888  32859 (0x0000805b)
 - public static final 'GL_TEXTURE_RED_SIZE' 'I' @892  32860 (0x0000805c)
 - public static final 'GL_TEXTURE_GREEN_SIZE' 'I' @896  32861 (0x0000805d)
 - public static final 'GL_TEXTURE_BLUE_SIZE' 'I' @900  32862 (0x0000805e)
 - public static final 'GL_TEXTURE_ALPHA_SIZE' 'I' @904  32863 (0x0000805f)
 - public static final 'GL_PROXY_TEXTURE_1D' 'I' @908  32867 (0x00008063)
 - public static final 'GL_PROXY_TEXTURE_2D' 'I' @912  32868 (0x00008064)
 - public static final 'GL_TEXTURE_BINDING_1D' 'I' @916  32872 (0x00008068)
 - public static final 'GL_TEXTURE_BINDING_2D' 'I' @920  32873 (0x00008069)
 - public static final 'GL_VERTEX_ARRAY' 'I' @924  32884 (0x00008074)
R12=0x0 is null
R13=0x000002e2d9550c90 is pointing into metadata
R14=0x000000ef936fef88 is pointing into the stack for thread: 0x000002e2ece154c0
R15=0x000002e2ece154c0 is a thread

Top of Stack: (sp=0x000000ef936feeb8)
0x000000ef936feeb8:   000002e28741cf4b 000002e2d9550c98
0x000000ef936feec8:   000000ef936fef88 000002e287418860
0x000000ef936feed8:   000002e28741cc37 000002e200000280
0x000000ef936feee8:   00000000000001e0 3ff0000000000000
0x000000ef936feef8:   000002e2ece154c0 000002e28741cbdf
0x000000ef936fef08:   000000ef936fef08 000002e2d9550c90
0x000000ef936fef18:   0000000000000007 000002e2d9554788
0x000000ef936fef28:   0000000000000000 000000062cc3a388
0x000000ef936fef38:   000002e2d9550c98 0000000000000000
0x000000ef936fef48:   000000ef936fef70 000000ef936fefd8
0x000000ef936fef58:   000002e287418860 000000062cc3a388
0x000000ef936fef68:   000002e28741a3d7 00000000000001e0
0x000000ef936fef78:   0000000000000280 0000000000000000
0x000000ef936fef88:   0000000000000000 000000ef936fef90
0x000000ef936fef98:   000002e2d9527cb4 0000000000000005
0x000000ef936fefa8:   000002e2d9538000 0000000000000000
0x000000ef936fefb8:   000000062d3ca6a0 000002e2d9527d00
0x000000ef936fefc8:   000000ef936fef70 000000ef936fefe8
0x000000ef936fefd8:   000000ef936ff050 000002e287418860
0x000000ef936fefe8:   00000000000001e0 0000000000000280
0x000000ef936feff8:   0000000000000000 0000000000000000
0x000000ef936ff008:   000000ef936ff008 000002e2d9409df9
0x000000ef936ff018:   0000000000000008 000002e2d94121d8
0x000000ef936ff028:   0000000000000000 000000062d04ce68
0x000000ef936ff038:   000002e2d9409e88 000000ef936fefe8
0x000000ef936ff048:   000000ef936ff090 000000ef936ff0e0
0x000000ef936ff058:   000002e287418860 000000062d389798
0x000000ef936ff068:   000000062d37a710 000000062d37a6d8
0x000000ef936ff078:   000000062d334cc8 00000000000001e0
0x000000ef936ff088:   0000000000000280 000000062d066718
0x000000ef936ff098:   000000ef936ff098 000002e2d940a141
0x000000ef936ff0a8:   0000000000000002 000002e2d94121d8 

Instructions: (pc=0x00007fff1169dbb7)
0x00007fff1169dab7:   00 00 89 c1 49 ff e1 cc cc 56 57 48 83 ec 38 44
0x00007fff1169dac7:   89 ca 44 89 c0 44 8b 44 24 70 44 8b 4c 24 78 44
0x00007fff1169dad7:   8b 94 24 80 00 00 00 44 8b 9c 24 88 00 00 00 48
0x00007fff1169dae7:   8b b4 24 90 00 00 00 48 8b 09 48 8b 79 18 48 89
0x00007fff1169daf7:   74 24 30 44 89 5c 24 28 44 89 54 24 20 89 c1 ff
0x00007fff1169db07:   97 90 09 00 00 90 48 83 c4 38 5f 5e c3 cc cc cc
0x00007fff1169db17:   cc cc cc cc cc cc cc cc cc 41 56 56 57 53 48 83
0x00007fff1169db27:   ec 48 44 89 ca 44 89 c0 44 8b 84 24 90 00 00 00
0x00007fff1169db37:   44 8b 8c 24 98 00 00 00 44 8b 94 24 a0 00 00 00
0x00007fff1169db47:   44 8b 9c 24 a8 00 00 00 8b b4 24 b0 00 00 00 8b
0x00007fff1169db57:   bc 24 b8 00 00 00 48 8b 9c 24 c0 00 00 00 48 8b
0x00007fff1169db67:   09 4c 8b 71 18 48 89 5c 24 40 89 7c 24 38 89 74
0x00007fff1169db77:   24 30 44 89 5c 24 28 44 89 54 24 20 89 c1 41 ff
0x00007fff1169db87:   96 98 09 00 00 90 48 83 c4 48 5b 5f 5e 41 5e c3
0x00007fff1169db97:   cc cc cc cc cc cc cc cc cc 44 89 ca 44 89 c0 44
0x00007fff1169dba7:   8b 44 24 28 44 8b 4c 24 30 48 8b 09 48 8b 49 18
0x00007fff1169dbb7:   4c 8b 91 78 0a 00 00 89 c1 49 ff e2 cc cc cc cc
0x00007fff1169dbc7:   cc cc cc cc cc cc cc cc cc 41 57 41 56 56 57 53
0x00007fff1169dbd7:   48 83 ec 50 44 89 ca 44 89 c0 44 8b 84 24 a0 00
0x00007fff1169dbe7:   00 00 44 8b 8c 24 a8 00 00 00 44 8b 94 24 b0 00
0x00007fff1169dbf7:   00 00 44 8b 9c 24 b8 00 00 00 8b b4 24 c0 00 00
0x00007fff1169dc07:   00 8b bc 24 c8 00 00 00 8b 9c 24 d0 00 00 00 4c
0x00007fff1169dc17:   8b b4 24 d8 00 00 00 48 8b 09 4c 8b 79 18 4c 89
0x00007fff1169dc27:   74 24 48 89 5c 24 40 89 7c 24 38 89 74 24 30 44
0x00007fff1169dc37:   89 5c 24 28 44 89 54 24 20 89 c1 41 ff 97 80 0a
0x00007fff1169dc47:   00 00 90 48 83 c4 50 5b 5f 5e 41 5e 41 5f c3 cc
0x00007fff1169dc57:   cc cc cc cc cc cc cc cc cc 41 57 41 56 56 57 55
0x00007fff1169dc67:   53 48 83 ec 58 44 89 ca 44 89 c0 44 8b 84 24 b0
0x00007fff1169dc77:   00 00 00 44 8b 8c 24 b8 00 00 00 44 8b 94 24 c0
0x00007fff1169dc87:   00 00 00 44 8b 9c 24 c8 00 00 00 8b b4 24 d0 00
0x00007fff1169dc97:   00 00 8b bc 24 d8 00 00 00 8b 9c 24 e0 00 00 00
0x00007fff1169dca7:   8b ac 24 e8 00 00 00 4c 8b b4 24 f0 00 00 00 48 


Stack slot to memory mapping:

stack at sp + 0 slots: 0x000002e28741cf4b is at code_begin+1067 in an Interpreter codelet
native method entry point (kind = native)  [0x000002e28741cb20, 0x000002e28741d748]  3112 bytes
stack at sp + 1 slots: {method} {0x000002e2d9550ca0} 'glViewport' '(IIII)V' in 'org/lwjgl/opengl/GL11C'
stack at sp + 2 slots: 0x000000ef936fef88 is pointing into the stack for thread: 0x000002e2ece154c0
stack at sp + 3 slots: 0x000002e287418860 is at code_begin+1184 in an Interpreter codelet
return entry points  [0x000002e2874183c0, 0x000002e287418f60]  2976 bytes
stack at sp + 4 slots: 0x000002e28741cc37 is at code_begin+279 in an Interpreter codelet
native method entry point (kind = native)  [0x000002e28741cb20, 0x000002e28741d748]  3112 bytes
stack at sp + 5 slots: 0x000002e200000280 is an unknown value
stack at sp + 6 slots: 0x00000000000001e0 is an unknown value
stack at sp + 7 slots: 0x3ff0000000000000 is an unknown value


---------------  P R O C E S S  ---------------

Threads class SMR info:
_java_thread_list=0x000002e2e3159040, length=16, elements={
0x000002e2ece154c0, 0x000002e2fad52910, 0x000002e2fad53180, 0x000002e2fad57ca0,
0x000002e2fad58440, 0x000002e2fad5ced0, 0x000002e2d8085fb0, 0x000002e2d8089380,
0x000002e2d808d7d0, 0x000002e2d812e5f0, 0x000002e2d81e8020, 0x000002e2d83fe2e0,
0x000002e2d83fe950, 0x000002e2e3156720, 0x000002e2e3156dd0, 0x000002e2e31582b0
}

Java Threads: ( => current thread )
=>0x000002e2ece154c0 JavaThread "main"                              [_thread_in_native, id=28748, stack(0x000000ef93600000,0x000000ef93700000) (1024K)]
  0x000002e2fad52910 JavaThread "Reference Handler"          daemon [_thread_blocked, id=22984, stack(0x000000ef93e00000,0x000000ef93f00000) (1024K)]
  0x000002e2fad53180 JavaThread "Finalizer"                  daemon [_thread_blocked, id=40224, stack(0x000000ef93f00000,0x000000ef94000000) (1024K)]
  0x000002e2fad57ca0 JavaThread "Signal Dispatcher"          daemon [_thread_blocked, id=23888, stack(0x000000ef94000000,0x000000ef94100000) (1024K)]
  0x000002e2fad58440 JavaThread "Attach Listener"            daemon [_thread_blocked, id=37068, stack(0x000000ef94100000,0x000000ef94200000) (1024K)]
  0x000002e2fad5ced0 JavaThread "Service Thread"             daemon [_thread_blocked, id=40664, stack(0x000000ef94200000,0x000000ef94300000) (1024K)]
  0x000002e2d8085fb0 JavaThread "Monitor Deflation Thread"   daemon [_thread_blocked, id=42620, stack(0x000000ef94300000,0x000000ef94400000) (1024K)]
  0x000002e2d8089380 JavaThread "C2 CompilerThread0"         daemon [_thread_blocked, id=5556, stack(0x000000ef94400000,0x000000ef94500000) (1024K)]
  0x000002e2d808d7d0 JavaThread "C1 CompilerThread0"         daemon [_thread_blocked, id=44576, stack(0x000000ef94500000,0x000000ef94600000) (1024K)]
  0x000002e2d812e5f0 JavaThread "C1 CompilerThread1"         daemon [_thread_blocked, id=43752, stack(0x000000ef94600000,0x000000ef94700000) (1024K)]
  0x000002e2d81e8020 JavaThread "Common-Cleaner"             daemon [_thread_blocked, id=43044, stack(0x000000ef94700000,0x000000ef94800000) (1024K)]
  0x000002e2d83fe2e0 JavaThread "Monitor Ctrl-Break"         daemon [_thread_in_native, id=42024, stack(0x000000ef94900000,0x000000ef94a00000) (1024K)]
  0x000002e2d83fe950 JavaThread "Notification Thread"        daemon [_thread_blocked, id=19604, stack(0x000000ef94a00000,0x000000ef94b00000) (1024K)]
  0x000002e2e3156720 JavaThread "C1 CompilerThread2"         daemon [_thread_blocked, id=38468, stack(0x000000ef94800000,0x000000ef94900000) (1024K)]
  0x000002e2e3156dd0 JavaThread "C1 CompilerThread3"         daemon [_thread_blocked, id=42496, stack(0x000000ef95200000,0x000000ef95300000) (1024K)]
  0x000002e2e31582b0 JavaThread "C1 CompilerThread4"         daemon [_thread_blocked, id=35428, stack(0x000000ef95300000,0x000000ef95400000) (1024K)]
Total: 16

Other Threads:
  0x000002e2fad30f30 VMThread "VM Thread"                           [id=3728, stack(0x000000ef93d00000,0x000000ef93e00000) (1024K)]
  0x000002e2d8081920 WatcherThread "VM Periodic Task Thread"        [id=43192, stack(0x000000ef93c00000,0x000000ef93d00000) (1024K)]
  0x000002e2fab9f4f0 WorkerThread "GC Thread#0"                     [id=43936, stack(0x000000ef93700000,0x000000ef93800000) (1024K)]
  0x000002e2ef162a20 ConcurrentGCThread "G1 Main Marker"            [id=40928, stack(0x000000ef93800000,0x000000ef93900000) (1024K)]
  0x000002e2ef164150 WorkerThread "G1 Conc#0"                       [id=10468, stack(0x000000ef93900000,0x000000ef93a00000) (1024K)]
  0x000002e2fac5ad20 ConcurrentGCThread "G1 Refine#0"               [id=16880, stack(0x000000ef93a00000,0x000000ef93b00000) (1024K)]
  0x000002e2fac5b3b0 ConcurrentGCThread "G1 Service"                [id=23352, stack(0x000000ef93b00000,0x000000ef93c00000) (1024K)]
Total: 7

Threads with active compile tasks:
Total: 0

VM state: not at safepoint (normal execution)

VM Mutex/Monitor currently owned by a thread: None

Heap address: 0x000000060e400000, size: 7964 MB, Compressed Oops mode: Zero based, Oop shift amount: 3

CDS archive(s) mapped at: [0x000002e297000000-0x000002e297c90000-0x000002e297c90000), size 13172736, SharedBaseAddress: 0x000002e297000000, ArchiveRelocationMode: 1.
Compressed class space mapped at: 0x000002e298000000-0x000002e2d8000000, reserved size: 1073741824
Narrow klass base: 0x000002e297000000, Narrow klass shift: 0, Narrow klass range: 0x100000000

GC Precious Log:
 CardTable entry size: 512
 Card Set container configuration: InlinePtr #cards 4 size 8 Array Of Cards #cards 32 size 80 Howl #buckets 8 coarsen threshold 7372 Howl Bitmap #cards 1024 size 144 coarsen threshold 921 Card regions per heap region 1 cards per card region 8192
 CPUs: 32 total, 32 available
 Memory: 31848M
 Large Page Support: Disabled
 NUMA Support: Disabled
 Compressed Oops: Enabled (Zero based)
 Heap Region Size: 4M
 Heap Min Capacity: 8M
 Heap Initial Capacity: 500M
 Heap Max Capacity: 7964M
 Pre-touch: Disabled
 Parallel Workers: 23
 Concurrent Workers: 6
 Concurrent Refinement Workers: 23
 Periodic GC: Disabled

Heap:
 garbage-first heap   total 512000K, used 8192K [0x000000060e400000, 0x0000000800000000)
  region size 4096K, 3 young (12288K), 0 survivors (0K)
 Metaspace       used 3478K, committed 3648K, reserved 1114112K
  class space    used 254K, committed 320K, reserved 1048576K

Heap Regions: E=young(eden), S=young(survivor), O=old, HS=humongous(starts), HC=humongous(continues), CS=collection set, F=free, TAMS=top-at-mark-start, PB=parsable bottom
|   0|0x000000060e400000, 0x000000060e400000, 0x000000060e800000|  0%| F|  |TAMS 0x000000060e400000| PB 0x000000060e400000| Untracked 
|   1|0x000000060e800000, 0x000000060e800000, 0x000000060ec00000|  0%| F|  |TAMS 0x000000060e800000| PB 0x000000060e800000| Untracked 
|   2|0x000000060ec00000, 0x000000060ec00000, 0x000000060f000000|  0%| F|  |TAMS 0x000000060ec00000| PB 0x000000060ec00000| Untracked 
|   3|0x000000060f000000, 0x000000060f000000, 0x000000060f400000|  0%| F|  |TAMS 0x000000060f000000| PB 0x000000060f000000| Untracked 
|   4|0x000000060f400000, 0x000000060f400000, 0x000000060f800000|  0%| F|  |TAMS 0x000000060f400000| PB 0x000000060f400000| Untracked 
|   5|0x000000060f800000, 0x000000060f800000, 0x000000060fc00000|  0%| F|  |TAMS 0x000000060f800000| PB 0x000000060f800000| Untracked 
|   6|0x000000060fc00000, 0x000000060fc00000, 0x0000000610000000|  0%| F|  |TAMS 0x000000060fc00000| PB 0x000000060fc00000| Untracked 
|   7|0x0000000610000000, 0x0000000610000000, 0x0000000610400000|  0%| F|  |TAMS 0x0000000610000000| PB 0x0000000610000000| Untracked 
|   8|0x0000000610400000, 0x0000000610400000, 0x0000000610800000|  0%| F|  |TAMS 0x0000000610400000| PB 0x0000000610400000| Untracked 
|   9|0x0000000610800000, 0x0000000610800000, 0x0000000610c00000|  0%| F|  |TAMS 0x0000000610800000| PB 0x0000000610800000| Untracked 
|  10|0x0000000610c00000, 0x0000000610c00000, 0x0000000611000000|  0%| F|  |TAMS 0x0000000610c00000| PB 0x0000000610c00000| Untracked 
|  11|0x0000000611000000, 0x0000000611000000, 0x0000000611400000|  0%| F|  |TAMS 0x0000000611000000| PB 0x0000000611000000| Untracked 
|  12|0x0000000611400000, 0x0000000611400000, 0x0000000611800000|  0%| F|  |TAMS 0x0000000611400000| PB 0x0000000611400000| Untracked 
|  13|0x0000000611800000, 0x0000000611800000, 0x0000000611c00000|  0%| F|  |TAMS 0x0000000611800000| PB 0x0000000611800000| Untracked 
|  14|0x0000000611c00000, 0x0000000611c00000, 0x0000000612000000|  0%| F|  |TAMS 0x0000000611c00000| PB 0x0000000611c00000| Untracked 
|  15|0x0000000612000000, 0x0000000612000000, 0x0000000612400000|  0%| F|  |TAMS 0x0000000612000000| PB 0x0000000612000000| Untracked 
|  16|0x0000000612400000, 0x0000000612400000, 0x0000000612800000|  0%| F|  |TAMS 0x0000000612400000| PB 0x0000000612400000| Untracked 
|  17|0x0000000612800000, 0x0000000612800000, 0x0000000612c00000|  0%| F|  |TAMS 0x0000000612800000| PB 0x0000000612800000| Untracked 
|  18|0x0000000612c00000, 0x0000000612c00000, 0x0000000613000000|  0%| F|  |TAMS 0x0000000612c00000| PB 0x0000000612c00000| Untracked 
|  19|0x0000000613000000, 0x0000000613000000, 0x0000000613400000|  0%| F|  |TAMS 0x0000000613000000| PB 0x0000000613000000| Untracked 
|  20|0x0000000613400000, 0x0000000613400000, 0x0000000613800000|  0%| F|  |TAMS 0x0000000613400000| PB 0x0000000613400000| Untracked 
|  21|0x0000000613800000, 0x0000000613800000, 0x0000000613c00000|  0%| F|  |TAMS 0x0000000613800000| PB 0x0000000613800000| Untracked 
|  22|0x0000000613c00000, 0x0000000613c00000, 0x0000000614000000|  0%| F|  |TAMS 0x0000000613c00000| PB 0x0000000613c00000| Untracked 
|  23|0x0000000614000000, 0x0000000614000000, 0x0000000614400000|  0%| F|  |TAMS 0x0000000614000000| PB 0x0000000614000000| Untracked 
|  24|0x0000000614400000, 0x0000000614400000, 0x0000000614800000|  0%| F|  |TAMS 0x0000000614400000| PB 0x0000000614400000| Untracked 
|  25|0x0000000614800000, 0x0000000614800000, 0x0000000614c00000|  0%| F|  |TAMS 0x0000000614800000| PB 0x0000000614800000| Untracked 
|  26|0x0000000614c00000, 0x0000000614c00000, 0x0000000615000000|  0%| F|  |TAMS 0x0000000614c00000| PB 0x0000000614c00000| Untracked 
|  27|0x0000000615000000, 0x0000000615000000, 0x0000000615400000|  0%| F|  |TAMS 0x0000000615000000| PB 0x0000000615000000| Untracked 
|  28|0x0000000615400000, 0x0000000615400000, 0x0000000615800000|  0%| F|  |TAMS 0x0000000615400000| PB 0x0000000615400000| Untracked 
|  29|0x0000000615800000, 0x0000000615800000, 0x0000000615c00000|  0%| F|  |TAMS 0x0000000615800000| PB 0x0000000615800000| Untracked 
|  30|0x0000000615c00000, 0x0000000615c00000, 0x0000000616000000|  0%| F|  |TAMS 0x0000000615c00000| PB 0x0000000615c00000| Untracked 
|  31|0x0000000616000000, 0x0000000616000000, 0x0000000616400000|  0%| F|  |TAMS 0x0000000616000000| PB 0x0000000616000000| Untracked 
|  32|0x0000000616400000, 0x0000000616400000, 0x0000000616800000|  0%| F|  |TAMS 0x0000000616400000| PB 0x0000000616400000| Untracked 
|  33|0x0000000616800000, 0x0000000616800000, 0x0000000616c00000|  0%| F|  |TAMS 0x0000000616800000| PB 0x0000000616800000| Untracked 
|  34|0x0000000616c00000, 0x0000000616c00000, 0x0000000617000000|  0%| F|  |TAMS 0x0000000616c00000| PB 0x0000000616c00000| Untracked 
|  35|0x0000000617000000, 0x0000000617000000, 0x0000000617400000|  0%| F|  |TAMS 0x0000000617000000| PB 0x0000000617000000| Untracked 
|  36|0x0000000617400000, 0x0000000617400000, 0x0000000617800000|  0%| F|  |TAMS 0x0000000617400000| PB 0x0000000617400000| Untracked 
|  37|0x0000000617800000, 0x0000000617800000, 0x0000000617c00000|  0%| F|  |TAMS 0x0000000617800000| PB 0x0000000617800000| Untracked 
|  38|0x0000000617c00000, 0x0000000617c00000, 0x0000000618000000|  0%| F|  |TAMS 0x0000000617c00000| PB 0x0000000617c00000| Untracked 
|  39|0x0000000618000000, 0x0000000618000000, 0x0000000618400000|  0%| F|  |TAMS 0x0000000618000000| PB 0x0000000618000000| Untracked 
|  40|0x0000000618400000, 0x0000000618400000, 0x0000000618800000|  0%| F|  |TAMS 0x0000000618400000| PB 0x0000000618400000| Untracked 
|  41|0x0000000618800000, 0x0000000618800000, 0x0000000618c00000|  0%| F|  |TAMS 0x0000000618800000| PB 0x0000000618800000| Untracked 
|  42|0x0000000618c00000, 0x0000000618c00000, 0x0000000619000000|  0%| F|  |TAMS 0x0000000618c00000| PB 0x0000000618c00000| Untracked 
|  43|0x0000000619000000, 0x0000000619000000, 0x0000000619400000|  0%| F|  |TAMS 0x0000000619000000| PB 0x0000000619000000| Untracked 
|  44|0x0000000619400000, 0x0000000619400000, 0x0000000619800000|  0%| F|  |TAMS 0x0000000619400000| PB 0x0000000619400000| Untracked 
|  45|0x0000000619800000, 0x0000000619800000, 0x0000000619c00000|  0%| F|  |TAMS 0x0000000619800000| PB 0x0000000619800000| Untracked 
|  46|0x0000000619c00000, 0x0000000619c00000, 0x000000061a000000|  0%| F|  |TAMS 0x0000000619c00000| PB 0x0000000619c00000| Untracked 
|  47|0x000000061a000000, 0x000000061a000000, 0x000000061a400000|  0%| F|  |TAMS 0x000000061a000000| PB 0x000000061a000000| Untracked 
|  48|0x000000061a400000, 0x000000061a400000, 0x000000061a800000|  0%| F|  |TAMS 0x000000061a400000| PB 0x000000061a400000| Untracked 
|  49|0x000000061a800000, 0x000000061a800000, 0x000000061ac00000|  0%| F|  |TAMS 0x000000061a800000| PB 0x000000061a800000| Untracked 
|  50|0x000000061ac00000, 0x000000061ac00000, 0x000000061b000000|  0%| F|  |TAMS 0x000000061ac00000| PB 0x000000061ac00000| Untracked 
|  51|0x000000061b000000, 0x000000061b000000, 0x000000061b400000|  0%| F|  |TAMS 0x000000061b000000| PB 0x000000061b000000| Untracked 
|  52|0x000000061b400000, 0x000000061b400000, 0x000000061b800000|  0%| F|  |TAMS 0x000000061b400000| PB 0x000000061b400000| Untracked 
|  53|0x000000061b800000, 0x000000061b800000, 0x000000061bc00000|  0%| F|  |TAMS 0x000000061b800000| PB 0x000000061b800000| Untracked 
|  54|0x000000061bc00000, 0x000000061bc00000, 0x000000061c000000|  0%| F|  |TAMS 0x000000061bc00000| PB 0x000000061bc00000| Untracked 
|  55|0x000000061c000000, 0x000000061c000000, 0x000000061c400000|  0%| F|  |TAMS 0x000000061c000000| PB 0x000000061c000000| Untracked 
|  56|0x000000061c400000, 0x000000061c400000, 0x000000061c800000|  0%| F|  |TAMS 0x000000061c400000| PB 0x000000061c400000| Untracked 
|  57|0x000000061c800000, 0x000000061c800000, 0x000000061cc00000|  0%| F|  |TAMS 0x000000061c800000| PB 0x000000061c800000| Untracked 
|  58|0x000000061cc00000, 0x000000061cc00000, 0x000000061d000000|  0%| F|  |TAMS 0x000000061cc00000| PB 0x000000061cc00000| Untracked 
|  59|0x000000061d000000, 0x000000061d000000, 0x000000061d400000|  0%| F|  |TAMS 0x000000061d000000| PB 0x000000061d000000| Untracked 
|  60|0x000000061d400000, 0x000000061d400000, 0x000000061d800000|  0%| F|  |TAMS 0x000000061d400000| PB 0x000000061d400000| Untracked 
|  61|0x000000061d800000, 0x000000061d800000, 0x000000061dc00000|  0%| F|  |TAMS 0x000000061d800000| PB 0x000000061d800000| Untracked 
|  62|0x000000061dc00000, 0x000000061dc00000, 0x000000061e000000|  0%| F|  |TAMS 0x000000061dc00000| PB 0x000000061dc00000| Untracked 
|  63|0x000000061e000000, 0x000000061e000000, 0x000000061e400000|  0%| F|  |TAMS 0x000000061e000000| PB 0x000000061e000000| Untracked 
|  64|0x000000061e400000, 0x000000061e400000, 0x000000061e800000|  0%| F|  |TAMS 0x000000061e400000| PB 0x000000061e400000| Untracked 
|  65|0x000000061e800000, 0x000000061e800000, 0x000000061ec00000|  0%| F|  |TAMS 0x000000061e800000| PB 0x000000061e800000| Untracked 
|  66|0x000000061ec00000, 0x000000061ec00000, 0x000000061f000000|  0%| F|  |TAMS 0x000000061ec00000| PB 0x000000061ec00000| Untracked 
|  67|0x000000061f000000, 0x000000061f000000, 0x000000061f400000|  0%| F|  |TAMS 0x000000061f000000| PB 0x000000061f000000| Untracked 
|  68|0x000000061f400000, 0x000000061f400000, 0x000000061f800000|  0%| F|  |TAMS 0x000000061f400000| PB 0x000000061f400000| Untracked 
|  69|0x000000061f800000, 0x000000061f800000, 0x000000061fc00000|  0%| F|  |TAMS 0x000000061f800000| PB 0x000000061f800000| Untracked 
|  70|0x000000061fc00000, 0x000000061fc00000, 0x0000000620000000|  0%| F|  |TAMS 0x000000061fc00000| PB 0x000000061fc00000| Untracked 
|  71|0x0000000620000000, 0x0000000620000000, 0x0000000620400000|  0%| F|  |TAMS 0x0000000620000000| PB 0x0000000620000000| Untracked 
|  72|0x0000000620400000, 0x0000000620400000, 0x0000000620800000|  0%| F|  |TAMS 0x0000000620400000| PB 0x0000000620400000| Untracked 
|  73|0x0000000620800000, 0x0000000620800000, 0x0000000620c00000|  0%| F|  |TAMS 0x0000000620800000| PB 0x0000000620800000| Untracked 
|  74|0x0000000620c00000, 0x0000000620c00000, 0x0000000621000000|  0%| F|  |TAMS 0x0000000620c00000| PB 0x0000000620c00000| Untracked 
|  75|0x0000000621000000, 0x0000000621000000, 0x0000000621400000|  0%| F|  |TAMS 0x0000000621000000| PB 0x0000000621000000| Untracked 
|  76|0x0000000621400000, 0x0000000621400000, 0x0000000621800000|  0%| F|  |TAMS 0x0000000621400000| PB 0x0000000621400000| Untracked 
|  77|0x0000000621800000, 0x0000000621800000, 0x0000000621c00000|  0%| F|  |TAMS 0x0000000621800000| PB 0x0000000621800000| Untracked 
|  78|0x0000000621c00000, 0x0000000621c00000, 0x0000000622000000|  0%| F|  |TAMS 0x0000000621c00000| PB 0x0000000621c00000| Untracked 
|  79|0x0000000622000000, 0x0000000622000000, 0x0000000622400000|  0%| F|  |TAMS 0x0000000622000000| PB 0x0000000622000000| Untracked 
|  80|0x0000000622400000, 0x0000000622400000, 0x0000000622800000|  0%| F|  |TAMS 0x0000000622400000| PB 0x0000000622400000| Untracked 
|  81|0x0000000622800000, 0x0000000622800000, 0x0000000622c00000|  0%| F|  |TAMS 0x0000000622800000| PB 0x0000000622800000| Untracked 
|  82|0x0000000622c00000, 0x0000000622c00000, 0x0000000623000000|  0%| F|  |TAMS 0x0000000622c00000| PB 0x0000000622c00000| Untracked 
|  83|0x0000000623000000, 0x0000000623000000, 0x0000000623400000|  0%| F|  |TAMS 0x0000000623000000| PB 0x0000000623000000| Untracked 
|  84|0x0000000623400000, 0x0000000623400000, 0x0000000623800000|  0%| F|  |TAMS 0x0000000623400000| PB 0x0000000623400000| Untracked 
|  85|0x0000000623800000, 0x0000000623800000, 0x0000000623c00000|  0%| F|  |TAMS 0x0000000623800000| PB 0x0000000623800000| Untracked 
|  86|0x0000000623c00000, 0x0000000623c00000, 0x0000000624000000|  0%| F|  |TAMS 0x0000000623c00000| PB 0x0000000623c00000| Untracked 
|  87|0x0000000624000000, 0x0000000624000000, 0x0000000624400000|  0%| F|  |TAMS 0x0000000624000000| PB 0x0000000624000000| Untracked 
|  88|0x0000000624400000, 0x0000000624400000, 0x0000000624800000|  0%| F|  |TAMS 0x0000000624400000| PB 0x0000000624400000| Untracked 
|  89|0x0000000624800000, 0x0000000624800000, 0x0000000624c00000|  0%| F|  |TAMS 0x0000000624800000| PB 0x0000000624800000| Untracked 
|  90|0x0000000624c00000, 0x0000000624c00000, 0x0000000625000000|  0%| F|  |TAMS 0x0000000624c00000| PB 0x0000000624c00000| Untracked 
|  91|0x0000000625000000, 0x0000000625000000, 0x0000000625400000|  0%| F|  |TAMS 0x0000000625000000| PB 0x0000000625000000| Untracked 
|  92|0x0000000625400000, 0x0000000625400000, 0x0000000625800000|  0%| F|  |TAMS 0x0000000625400000| PB 0x0000000625400000| Untracked 
|  93|0x0000000625800000, 0x0000000625800000, 0x0000000625c00000|  0%| F|  |TAMS 0x0000000625800000| PB 0x0000000625800000| Untracked 
|  94|0x0000000625c00000, 0x0000000625c00000, 0x0000000626000000|  0%| F|  |TAMS 0x0000000625c00000| PB 0x0000000625c00000| Untracked 
|  95|0x0000000626000000, 0x0000000626000000, 0x0000000626400000|  0%| F|  |TAMS 0x0000000626000000| PB 0x0000000626000000| Untracked 
|  96|0x0000000626400000, 0x0000000626400000, 0x0000000626800000|  0%| F|  |TAMS 0x0000000626400000| PB 0x0000000626400000| Untracked 
|  97|0x0000000626800000, 0x0000000626800000, 0x0000000626c00000|  0%| F|  |TAMS 0x0000000626800000| PB 0x0000000626800000| Untracked 
|  98|0x0000000626c00000, 0x0000000626c00000, 0x0000000627000000|  0%| F|  |TAMS 0x0000000626c00000| PB 0x0000000626c00000| Untracked 
|  99|0x0000000627000000, 0x0000000627000000, 0x0000000627400000|  0%| F|  |TAMS 0x0000000627000000| PB 0x0000000627000000| Untracked 
| 100|0x0000000627400000, 0x0000000627400000, 0x0000000627800000|  0%| F|  |TAMS 0x0000000627400000| PB 0x0000000627400000| Untracked 
| 101|0x0000000627800000, 0x0000000627800000, 0x0000000627c00000|  0%| F|  |TAMS 0x0000000627800000| PB 0x0000000627800000| Untracked 
| 102|0x0000000627c00000, 0x0000000627c00000, 0x0000000628000000|  0%| F|  |TAMS 0x0000000627c00000| PB 0x0000000627c00000| Untracked 
| 103|0x0000000628000000, 0x0000000628000000, 0x0000000628400000|  0%| F|  |TAMS 0x0000000628000000| PB 0x0000000628000000| Untracked 
| 104|0x0000000628400000, 0x0000000628400000, 0x0000000628800000|  0%| F|  |TAMS 0x0000000628400000| PB 0x0000000628400000| Untracked 
| 105|0x0000000628800000, 0x0000000628800000, 0x0000000628c00000|  0%| F|  |TAMS 0x0000000628800000| PB 0x0000000628800000| Untracked 
| 106|0x0000000628c00000, 0x0000000628c00000, 0x0000000629000000|  0%| F|  |TAMS 0x0000000628c00000| PB 0x0000000628c00000| Untracked 
| 107|0x0000000629000000, 0x0000000629000000, 0x0000000629400000|  0%| F|  |TAMS 0x0000000629000000| PB 0x0000000629000000| Untracked 
| 108|0x0000000629400000, 0x0000000629400000, 0x0000000629800000|  0%| F|  |TAMS 0x0000000629400000| PB 0x0000000629400000| Untracked 
| 109|0x0000000629800000, 0x0000000629800000, 0x0000000629c00000|  0%| F|  |TAMS 0x0000000629800000| PB 0x0000000629800000| Untracked 
| 110|0x0000000629c00000, 0x0000000629c00000, 0x000000062a000000|  0%| F|  |TAMS 0x0000000629c00000| PB 0x0000000629c00000| Untracked 
| 111|0x000000062a000000, 0x000000062a000000, 0x000000062a400000|  0%| F|  |TAMS 0x000000062a000000| PB 0x000000062a000000| Untracked 
| 112|0x000000062a400000, 0x000000062a400000, 0x000000062a800000|  0%| F|  |TAMS 0x000000062a400000| PB 0x000000062a400000| Untracked 
| 113|0x000000062a800000, 0x000000062a800000, 0x000000062ac00000|  0%| F|  |TAMS 0x000000062a800000| PB 0x000000062a800000| Untracked 
| 114|0x000000062ac00000, 0x000000062ac00000, 0x000000062b000000|  0%| F|  |TAMS 0x000000062ac00000| PB 0x000000062ac00000| Untracked 
| 115|0x000000062b000000, 0x000000062b000000, 0x000000062b400000|  0%| F|  |TAMS 0x000000062b000000| PB 0x000000062b000000| Untracked 
| 116|0x000000062b400000, 0x000000062b400000, 0x000000062b800000|  0%| F|  |TAMS 0x000000062b400000| PB 0x000000062b400000| Untracked 
| 117|0x000000062b800000, 0x000000062b800000, 0x000000062bc00000|  0%| F|  |TAMS 0x000000062b800000| PB 0x000000062b800000| Untracked 
| 118|0x000000062bc00000, 0x000000062bc00000, 0x000000062c000000|  0%| F|  |TAMS 0x000000062bc00000| PB 0x000000062bc00000| Untracked 
| 119|0x000000062c000000, 0x000000062c000000, 0x000000062c400000|  0%| F|  |TAMS 0x000000062c000000| PB 0x000000062c000000| Untracked 
| 120|0x000000062c400000, 0x000000062c400000, 0x000000062c800000|  0%| F|  |TAMS 0x000000062c400000| PB 0x000000062c400000| Untracked 
| 121|0x000000062c800000, 0x000000062c800000, 0x000000062cc00000|  0%| F|  |TAMS 0x000000062c800000| PB 0x000000062c800000| Untracked 
| 122|0x000000062cc00000, 0x000000062cc7b680, 0x000000062d000000| 12%| E|  |TAMS 0x000000062cc00000| PB 0x000000062cc00000| Complete 
| 123|0x000000062d000000, 0x000000062d400000, 0x000000062d400000|100%| E|CS|TAMS 0x000000062d000000| PB 0x000000062d000000| Complete 
| 124|0x000000062d400000, 0x000000062d800000, 0x000000062d800000|100%| E|CS|TAMS 0x000000062d400000| PB 0x000000062d400000| Complete 

Card table byte_map: [0x000002e2f9a90000,0x000002e2faa20000] _byte_map_base: 0x000002e2f6a1e000

Marking Bits: (CMBitMap*) 0x000002e2ef152ab0
 Bits: [0x000002e28f000000, 0x000002e296c70000)

Polling page: 0x000002e2ecff0000

Metaspace:

Usage:
  Non-class:      3.15 MB used.
      Class:    254.07 KB used.
       Both:      3.40 MB used.

Virtual space:
  Non-class space:       64.00 MB reserved,       3.25 MB (  5%) committed,  1 nodes.
      Class space:        1.00 GB reserved,     320.00 KB ( <1%) committed,  1 nodes.
             Both:        1.06 GB reserved,       3.56 MB ( <1%) committed. 

Chunk freelists:
   Non-Class:  10.66 MB
       Class:  15.64 MB
        Both:  26.29 MB

MaxMetaspaceSize: unlimited
CompressedClassSpaceSize: 1.00 GB
Initial GC threshold: 21.00 MB
Current GC threshold: 21.00 MB
CDS: on
 - commit_granule_bytes: 65536.
 - commit_granule_words: 8192.
 - virtual_space_node_default_size: 8388608.
 - enlarge_chunks_in_place: 1.
 - use_allocation_guard: 0.


Internal statistics:

num_allocs_failed_limit: 0.
num_arena_births: 78.
num_arena_deaths: 0.
num_vsnodes_births: 2.
num_vsnodes_deaths: 0.
num_space_committed: 57.
num_space_uncommitted: 0.
num_chunks_returned_to_freelist: 0.
num_chunks_taken_from_freelist: 153.
num_chunk_merges: 0.
num_chunk_splits: 99.
num_chunks_enlarged: 66.
num_inconsistent_stats: 0.

CodeHeap 'non-profiled nmethods': size=118848Kb used=201Kb max_used=201Kb free=118646Kb
 bounds [0x000002e287bf0000, 0x000002e287e60000, 0x000002e28f000000]
CodeHeap 'profiled nmethods': size=118848Kb used=1116Kb max_used=1116Kb free=117731Kb
 bounds [0x000002e280000000, 0x000002e280270000, 0x000002e287410000]
CodeHeap 'non-nmethods': size=8064Kb used=4633Kb max_used=4647Kb free=3430Kb
 bounds [0x000002e287410000, 0x000002e2878a0000, 0x000002e287bf0000]
 total_blobs=1752 nmethods=702 adapters=951
 compilation: enabled
              stopped_count=0, restarted_count=0
 full_count=0

Compilation events (20 events):
Event: 0.282 Thread 0x000002e2e3156720 nmethod 686 0x000002e280112790 code [0x000002e280112940, 0x000002e280112bb0]
Event: 0.282 Thread 0x000002e2d808d7d0 nmethod 689 0x000002e280112c90 code [0x000002e280112f60, 0x000002e280113a80]
Event: 0.282 Thread 0x000002e2d812e5f0 nmethod 687 0x000002e280113d90 code [0x000002e280113f20, 0x000002e2801140a0]
Event: 0.282 Thread 0x000002e2e31582b0 nmethod 685 0x000002e280114110 code [0x000002e280114420, 0x000002e280115780]
Event: 0.283 Thread 0x000002e2d808d7d0  694       1       java.net.URL::getUserInfo (5 bytes)
Event: 0.283 Thread 0x000002e2d808d7d0 nmethod 694 0x000002e287c21490 code [0x000002e287c21620, 0x000002e287c216f0]
Event: 0.283 Thread 0x000002e2e3156dd0  695       3       java.util.zip.ZipUtils::CENLEN (9 bytes)
Event: 0.283 Thread 0x000002e2e3156dd0 nmethod 695 0x000002e280115f10 code [0x000002e2801160c0, 0x000002e280116398]
Event: 0.283 Thread 0x000002e2d808d7d0  696       1       org.lwjgl.system.Pointer$Default::address (5 bytes)
Event: 0.283 Thread 0x000002e2d808d7d0 nmethod 696 0x000002e287c21790 code [0x000002e287c21920, 0x000002e287c219e8]
Event: 0.284 Thread 0x000002e2e3156dd0  697       3       java.util.ArrayDeque::inc (12 bytes)
Event: 0.284 Thread 0x000002e2e3156dd0 nmethod 697 0x000002e280116510 code [0x000002e2801166a0, 0x000002e2801167c8]
Event: 0.284 Thread 0x000002e2e3156dd0  699       3       sun.misc.Unsafe::putLong (11 bytes)
Event: 0.284 Thread 0x000002e2d812e5f0  700       3       org.lwjgl.system.MemoryUtil::memPutAddress (29 bytes)
Event: 0.284 Thread 0x000002e2e3156dd0 nmethod 699 0x000002e280116890 code [0x000002e280116a20, 0x000002e280116b30]
Event: 0.284 Thread 0x000002e2d8089380  701       4       java.lang.Integer::toUnsignedLong (7 bytes)
Event: 0.284 Thread 0x000002e2d812e5f0 nmethod 700 0x000002e280116c10 code [0x000002e280116dc0, 0x000002e280116fb8]
Event: 0.284 Thread 0x000002e2d8089380 nmethod 701 0x000002e287c21e90 code [0x000002e287c22000, 0x000002e287c22068]
Event: 0.284 Thread 0x000002e2d8089380  702       4       sun.misc.Unsafe::putLong (11 bytes)
Event: 0.284 Thread 0x000002e2d8089380 nmethod 702 0x000002e287c22190 code [0x000002e287c22300, 0x000002e287c223b0]

GC Heap History (0 events):
No events

Dll operation events (12 events):
Event: 0.006 Loaded shared library C:\Users\farre\.jdks\corretto-21.0.4\bin\java.dll
Event: 0.024 Loaded shared library C:\Users\farre\.jdks\corretto-21.0.4\bin\jsvml.dll
Event: 0.047 Loaded shared library C:\Users\farre\.jdks\corretto-21.0.4\bin\zip.dll
Event: 0.049 Loaded shared library C:\Users\farre\.jdks\corretto-21.0.4\bin\instrument.dll
Event: 0.052 Loaded shared library C:\Users\farre\.jdks\corretto-21.0.4\bin\net.dll
Event: 0.053 Loaded shared library C:\Users\farre\.jdks\corretto-21.0.4\bin\nio.dll
Event: 0.056 Loaded shared library C:\Users\farre\.jdks\corretto-21.0.4\bin\zip.dll
Event: 0.069 Loaded shared library C:\Program Files\JetBrains\IntelliJ IDEA Community Edition 2024.2.1\bin\breakgen64.dll
Event: 0.074 Loaded shared library C:\Users\farre\.jdks\corretto-21.0.4\bin\extnet.dll
Event: 0.083 Loaded shared library C:\Users\farre\.jdks\corretto-21.0.4\bin\jimage.dll
Event: 0.106 Loaded shared library C:\Users\farre\AppData\Local\Temp\lwjgl_farre\3.3.4+7\x64\lwjgl.dll
Event: 0.278 Loaded shared library C:\Users\farre\AppData\Local\Temp\lwjgl_farre\3.3.4+7\x64\lwjgl_opengl.dll

Deoptimization events (14 events):
Event: 0.069 Thread 0x000002e2ece154c0 Uncommon trap: trap_request=0xffffff45 fr.pc=0x000002e287c00fec relative=0x000000000000006c
Event: 0.069 Thread 0x000002e2ece154c0 Uncommon trap: reason=unstable_if action=reinterpret pc=0x000002e287c00fec method=java.lang.String.isLatin1()Z @ 10 c2
Event: 0.069 Thread 0x000002e2ece154c0 DEOPT PACKING pc=0x000002e287c00fec sp=0x000000ef936fdf20
Event: 0.069 Thread 0x000002e2ece154c0 DEOPT UNPACKING pc=0x000002e287467da2 sp=0x000000ef936fdeb0 mode 2
Event: 0.069 Thread 0x000002e2ece154c0 Uncommon trap: trap_request=0xffffff45 fr.pc=0x000002e287c00c64 relative=0x00000000000000c4
Event: 0.069 Thread 0x000002e2ece154c0 Uncommon trap: reason=unstable_if action=reinterpret pc=0x000002e287c00c64 method=java.lang.String.isLatin1()Z @ 10 c2
Event: 0.069 Thread 0x000002e2ece154c0 DEOPT PACKING pc=0x000002e287c00c64 sp=0x000000ef936fea70
Event: 0.069 Thread 0x000002e2ece154c0 DEOPT UNPACKING pc=0x000002e287467da2 sp=0x000000ef936fe9b0 mode 2
Event: 0.108 Thread 0x000002e2ece154c0 DEOPT PACKING pc=0x000002e280037bf8 sp=0x000000ef936fceb0
Event: 0.108 Thread 0x000002e2ece154c0 DEOPT UNPACKING pc=0x000002e2874688e2 sp=0x000000ef936fc2d0 mode 0
Event: 0.120 Thread 0x000002e2ece154c0 Uncommon trap: trap_request=0xffffff45 fr.pc=0x000002e287bffaf8 relative=0x0000000000000ab8
Event: 0.120 Thread 0x000002e2ece154c0 Uncommon trap: reason=unstable_if action=reinterpret pc=0x000002e287bffaf8 method=java.util.HashMap.putVal(ILjava/lang/Object;Ljava/lang/Object;ZZ)Ljava/lang/Object; @ 181 c2
Event: 0.120 Thread 0x000002e2ece154c0 DEOPT PACKING pc=0x000002e287bffaf8 sp=0x000000ef936fce40
Event: 0.120 Thread 0x000002e2ece154c0 DEOPT UNPACKING pc=0x000002e287467da2 sp=0x000000ef936fce00 mode 2

Classes loaded (20 events):
Event: 0.133 Loading class sun/misc/Unsafe
Event: 0.133 Loading class sun/misc/Unsafe done
Event: 0.133 Loading class java/lang/invoke/DirectMethodHandle$StaticAccessor
Event: 0.133 Loading class java/lang/invoke/DirectMethodHandle$StaticAccessor done
Event: 0.134 Loading class java/util/function/LongPredicate
Event: 0.134 Loading class java/util/function/LongPredicate done
Event: 0.135 Loading class java/lang/foreign/MemorySegment
Event: 0.135 Loading class java/lang/foreign/MemorySegment done
Event: 0.137 Loading class java/nio/InvalidMarkException
Event: 0.137 Loading class java/nio/InvalidMarkException done
Event: 0.137 Loading class java/nio/BufferUnderflowException
Event: 0.137 Loading class java/nio/BufferUnderflowException done
Event: 0.138 Loading class java/lang/IndexOutOfBoundsException
Event: 0.138 Loading class java/lang/IndexOutOfBoundsException done
Event: 0.141 Loading class jdk/internal/foreign/MemorySessionImpl
Event: 0.141 Loading class java/lang/foreign/MemorySegment$Scope
Event: 0.141 Loading class java/lang/foreign/MemorySegment$Scope done
Event: 0.141 Loading class jdk/internal/foreign/MemorySessionImpl done
Event: 0.282 Loading class java/util/Formatter$FixedString
Event: 0.282 Loading class java/util/Formatter$FixedString done

Classes unloaded (0 events):
No events

Classes redefined (0 events):
No events

Internal exceptions (20 events):
Event: 0.093 Thread 0x000002e2ece154c0 Exception <a 'java/lang/NoSuchMethodError'{0x000000062d1d5e98}: 'java.lang.Object java.lang.invoke.DirectMethodHandle$Holder.invokeStatic(java.lang.Object, java.lang.Object, int)'> (0x000000062d1d5e98) 
thrown [s\src\hotspot\share\interpreter\linkResolver.cpp, line 773]
Event: 0.094 Thread 0x000002e2ece154c0 Exception <a 'java/lang/NoSuchMethodError'{0x000000062d1e1618}: 'void java.lang.invoke.DelegatingMethodHandle$Holder.delegate(java.lang.Object, java.lang.Object, int, java.lang.Object)'> (0x000000062d1e1618) 
thrown [s\src\hotspot\share\interpreter\linkResolver.cpp, line 773]
Event: 0.094 Thread 0x000002e2ece154c0 Exception <a 'java/lang/NoSuchMethodError'{0x000000062d1e53a8}: 'int java.lang.invoke.DirectMethodHandle$Holder.invokeSpecial(java.lang.Object, java.lang.Object, java.lang.Object)'> (0x000000062d1e53a8) 
thrown [s\src\hotspot\share\interpreter\linkResolver.cpp, line 773]
Event: 0.096 Thread 0x000002e2ece154c0 Exception <a 'java/lang/NoSuchMethodError'{0x000000062d1fec00}: 'void java.lang.System.loadLibrary(java.lang.String, java.lang.Class)'> (0x000000062d1fec00) 
thrown [s\src\hotspot\share\interpreter\linkResolver.cpp, line 773]
Event: 0.108 Thread 0x000002e2ece154c0 Exception <a 'sun/nio/fs/WindowsException'{0x000000062d22fab8}> (0x000000062d22fab8) 
thrown [s\src\hotspot\share\prims\jni.cpp, line 520]
Event: 0.109 Thread 0x000002e2ece154c0 Exception <a 'sun/nio/fs/WindowsException'{0x000000062d22ffe8}> (0x000000062d22ffe8) 
thrown [s\src\hotspot\share\prims\jni.cpp, line 520]
Event: 0.130 Thread 0x000002e2ece154c0 Exception <a 'sun/nio/fs/WindowsException'{0x000000062d29f0f8}> (0x000000062d29f0f8) 
thrown [s\src\hotspot\share\prims\jni.cpp, line 520]
Event: 0.130 Thread 0x000002e2ece154c0 Exception <a 'sun/nio/fs/WindowsException'{0x000000062d29f458}> (0x000000062d29f458) 
thrown [s\src\hotspot\share\prims\jni.cpp, line 520]
Event: 0.135 Thread 0x000002e2ece154c0 Exception <a 'java/lang/NoSuchMethodError'{0x000000062d2ebb40}: 'int java.lang.invoke.DirectMethodHandle$Holder.invokeStaticInit(java.lang.Object, java.lang.Object, int, long)'> (0x000000062d2ebb40) 
thrown [s\src\hotspot\share\interpreter\linkResolver.cpp, line 773]
Event: 0.135 Thread 0x000002e2ece154c0 Exception <a 'java/lang/NoSuchMethodError'{0x000000062d2f0c48}: 'java.lang.Object java.lang.invoke.DirectMethodHandle$Holder.newInvokeSpecial(java.lang.Object, java.lang.Object, int)'> (0x000000062d2f0c48) 
thrown [s\src\hotspot\share\interpreter\linkResolver.cpp, line 773]
Event: 0.136 Thread 0x000002e2ece154c0 Exception <a 'java/lang/NoSuchMethodError'{0x000000062d2ff4e8}: 'int java.lang.invoke.DirectMethodHandle$Holder.invokeStaticInit(java.lang.Object, java.lang.Object, long, long)'> (0x000000062d2ff4e8) 
thrown [s\src\hotspot\share\interpreter\linkResolver.cpp, line 773]
Event: 0.136 Thread 0x000002e2ece154c0 Exception <a 'java/lang/NoSuchMethodError'{0x000000062d304f70}: 'java.lang.Object java.lang.invoke.DirectMethodHandle$Holder.newInvokeSpecial(java.lang.Object, java.lang.Object, long)'> (0x000000062d304f70) 
thrown [s\src\hotspot\share\interpreter\linkResolver.cpp, line 773]
Event: 0.136 Thread 0x000002e2ece154c0 Exception <a 'java/lang/NoSuchMethodError'{0x000000062d3090c8}: 'java.lang.Object java.lang.invoke.Invokers$Holder.linkToTargetMethod(java.lang.Object, long, java.lang.Object)'> (0x000000062d3090c8) 
thrown [s\src\hotspot\share\interpreter\linkResolver.cpp, line 773]
Event: 0.137 Thread 0x000002e2ece154c0 Exception <a 'java/lang/NoSuchMethodError'{0x000000062d3102f0}: 'int java.lang.invoke.DirectMethodHandle$Holder.invokeStaticInit(java.lang.Object, java.lang.Object, java.lang.Object, long)'> (0x000000062d3102f0) 
thrown [s\src\hotspot\share\interpreter\linkResolver.cpp, line 773]
Event: 0.275 Thread 0x000002e2ece154c0 Exception <a 'java/lang/NoSuchMethodError'{0x000000062d3e0a48}: 'void java.lang.System.load(java.lang.String, java.lang.Class)'> (0x000000062d3e0a48) 
thrown [s\src\hotspot\share\interpreter\linkResolver.cpp, line 773]
Event: 0.275 Thread 0x000002e2ece154c0 Exception <a 'java/lang/NoSuchMethodError'{0x000000062d3e3498}: 'void java.lang.System.loadLibrary(java.lang.String, java.lang.Class)'> (0x000000062d3e3498) 
thrown [s\src\hotspot\share\interpreter\linkResolver.cpp, line 773]
Event: 0.277 Thread 0x000002e2ece154c0 Exception <a 'sun/nio/fs/WindowsException'{0x000000062d3f2a20}> (0x000000062d3f2a20) 
thrown [s\src\hotspot\share\prims\jni.cpp, line 520]
Event: 0.277 Thread 0x000002e2ece154c0 Exception <a 'sun/nio/fs/WindowsException'{0x000000062d3f2dc0}> (0x000000062d3f2dc0) 
thrown [s\src\hotspot\share\prims\jni.cpp, line 520]
Event: 0.280 Thread 0x000002e2ece154c0 Exception <a 'sun/nio/fs/WindowsException'{0x000000062d3fb478}> (0x000000062d3fb478) 
thrown [s\src\hotspot\share\prims\jni.cpp, line 520]
Event: 0.280 Thread 0x000002e2ece154c0 Exception <a 'sun/nio/fs/WindowsException'{0x000000062d3fb748}> (0x000000062d3fb748) 
thrown [s\src\hotspot\share\prims\jni.cpp, line 520]

ZGC Phase Switch (0 events):
No events

VM Operations (2 events):
Event: 0.040 Executing VM operation: HandshakeAllThreads (Deoptimize)
Event: 0.040 Executing VM operation: HandshakeAllThreads (Deoptimize) done

Memory protections (0 events):
No events

Nmethod flushes (0 events):
No events

Events (18 events):
Event: 0.014 Thread 0x000002e2ece154c0 Thread added: 0x000002e2ece154c0
Event: 0.022 Thread 0x000002e2ece154c0 Thread added: 0x000002e2fad52910
Event: 0.022 Thread 0x000002e2ece154c0 Thread added: 0x000002e2fad53180
Event: 0.023 Thread 0x000002e2ece154c0 Thread added: 0x000002e2fad57ca0
Event: 0.023 Thread 0x000002e2ece154c0 Thread added: 0x000002e2fad58440
Event: 0.023 Thread 0x000002e2ece154c0 Thread added: 0x000002e2fad5ced0
Event: 0.023 Thread 0x000002e2ece154c0 Thread added: 0x000002e2d8085fb0
Event: 0.023 Thread 0x000002e2ece154c0 Thread added: 0x000002e2d8089380
Event: 0.023 Thread 0x000002e2ece154c0 Thread added: 0x000002e2d808d7d0
Event: 0.024 Thread 0x000002e2d808d7d0 Thread added: 0x000002e2d812e5f0
Event: 0.037 Thread 0x000002e2ece154c0 Thread added: 0x000002e2d81e8020
Event: 0.044 Thread 0x000002e2d812e5f0 Thread added: 0x000002e2d821d8b0
Event: 0.069 Thread 0x000002e2ece154c0 Thread added: 0x000002e2d83fe2e0
Event: 0.069 Thread 0x000002e2ece154c0 Thread added: 0x000002e2d83fe950
Event: 0.270 Thread 0x000002e2d821d8b0 Thread exited: 0x000002e2d821d8b0
Event: 0.279 Thread 0x000002e2d808d7d0 Thread added: 0x000002e2e3156720
Event: 0.279 Thread 0x000002e2d808d7d0 Thread added: 0x000002e2e3156dd0
Event: 0.279 Thread 0x000002e2d808d7d0 Thread added: 0x000002e2e31582b0


Dynamic libraries:
0x00007ff732f30000 - 0x00007ff732f3e000 	C:\Users\farre\.jdks\corretto-21.0.4\bin\java.exe
0x00007fff51300000 - 0x00007fff51563000 	C:\Windows\SYSTEM32\ntdll.dll
0x00007fff509a0000 - 0x00007fff50a67000 	C:\Windows\System32\KERNEL32.DLL
0x00007fff4e910000 - 0x00007fff4ecc0000 	C:\Windows\System32\KERNELBASE.dll
0x00007fff4e7c0000 - 0x00007fff4e90b000 	C:\Windows\System32\ucrtbase.dll
0x00007fff496c0000 - 0x00007fff496db000 	C:\Users\farre\.jdks\corretto-21.0.4\bin\VCRUNTIME140.dll
0x00007fff496e0000 - 0x00007fff496f8000 	C:\Users\farre\.jdks\corretto-21.0.4\bin\jli.dll
0x00007fff4f230000 - 0x00007fff4f3f3000 	C:\Windows\System32\USER32.dll
0x00007fff4ef20000 - 0x00007fff4ef47000 	C:\Windows\System32\win32u.dll
0x00007fff50b50000 - 0x00007fff50b7a000 	C:\Windows\System32\GDI32.dll
0x00007fff36c30000 - 0x00007fff36ec0000 	C:\Windows\WinSxS\amd64_microsoft.windows.common-controls_6595b64144ccf1df_6.0.26100.1882_none_3e0e949ae32eca40\COMCTL32.dll
0x00007fff508c0000 - 0x00007fff50969000 	C:\Windows\System32\msvcrt.dll
0x00007fff4edf0000 - 0x00007fff4ef13000 	C:\Windows\System32\gdi32full.dll
0x00007fff4ef50000 - 0x00007fff4eff3000 	C:\Windows\System32\msvcp_win.dll
0x00007fff4f1f0000 - 0x00007fff4f21f000 	C:\Windows\System32\IMM32.DLL
0x00007fff496b0000 - 0x00007fff496bc000 	C:\Users\farre\.jdks\corretto-21.0.4\bin\vcruntime140_1.dll
0x00007fff39ab0000 - 0x00007fff39b3d000 	C:\Users\farre\.jdks\corretto-21.0.4\bin\msvcp140.dll
0x00007ffe48670000 - 0x00007ffe49406000 	C:\Users\farre\.jdks\corretto-21.0.4\bin\server\jvm.dll
0x00007fff51080000 - 0x00007fff51134000 	C:\Windows\System32\ADVAPI32.dll
0x00007fff50fd0000 - 0x00007fff51076000 	C:\Windows\System32\sechost.dll
0x00007fff507a0000 - 0x00007fff508b6000 	C:\Windows\System32\RPCRT4.dll
0x00007fff50550000 - 0x00007fff505c4000 	C:\Windows\System32\WS2_32.dll
0x00007fff3e5c0000 - 0x00007fff3e5f6000 	C:\Windows\SYSTEM32\WINMM.dll
0x00007fff4dce0000 - 0x00007fff4dd2e000 	C:\Windows\SYSTEM32\POWRPROF.dll
0x00007fff452b0000 - 0x00007fff452bb000 	C:\Windows\SYSTEM32\VERSION.dll
0x00007fff4db60000 - 0x00007fff4db74000 	C:\Windows\SYSTEM32\UMPDC.dll
0x00007fff4d520000 - 0x00007fff4d53a000 	C:\Windows\SYSTEM32\kernel.appcore.dll
0x00007fff48a50000 - 0x00007fff48a5a000 	C:\Users\farre\.jdks\corretto-21.0.4\bin\jimage.dll
0x00007fff4bef0000 - 0x00007fff4c131000 	C:\Windows\SYSTEM32\DBGHELP.DLL
0x00007fff50bd0000 - 0x00007fff50f4c000 	C:\Windows\System32\combase.dll
0x00007fff50a70000 - 0x00007fff50b46000 	C:\Windows\System32\OLEAUT32.dll
0x00007fff379a0000 - 0x00007fff379d9000 	C:\Windows\SYSTEM32\dbgcore.DLL
0x00007fff4ecd0000 - 0x00007fff4ed69000 	C:\Windows\System32\bcryptPrimitives.dll
0x00007fff33130000 - 0x00007fff3313e000 	C:\Users\farre\.jdks\corretto-21.0.4\bin\instrument.dll
0x00007fff46ae0000 - 0x00007fff46aff000 	C:\Users\farre\.jdks\corretto-21.0.4\bin\java.dll
0x00007fff4f6c0000 - 0x00007fff4fdb8000 	C:\Windows\System32\SHELL32.dll
0x00007fff4c480000 - 0x00007fff4ccaa000 	C:\Windows\SYSTEM32\windows.storage.dll
0x00007fff4fdc0000 - 0x00007fff4fe93000 	C:\Windows\System32\SHCORE.dll
0x00007fff4f190000 - 0x00007fff4f1ed000 	C:\Windows\System32\shlwapi.dll
0x00007fff4e620000 - 0x00007fff4e649000 	C:\Windows\SYSTEM32\profapi.dll
0x00007fff2edb0000 - 0x00007fff2ee87000 	C:\Users\farre\.jdks\corretto-21.0.4\bin\jsvml.dll
0x00007fff39a50000 - 0x00007fff39a68000 	C:\Users\farre\.jdks\corretto-21.0.4\bin\zip.dll
0x00007fff48990000 - 0x00007fff489a0000 	C:\Users\farre\.jdks\corretto-21.0.4\bin\net.dll
0x00007fff49560000 - 0x00007fff49686000 	C:\Windows\SYSTEM32\WINHTTP.dll
0x00007fff4da70000 - 0x00007fff4dad8000 	C:\Windows\system32\mswsock.dll
0x00007fff39a90000 - 0x00007fff39aa6000 	C:\Users\farre\.jdks\corretto-21.0.4\bin\nio.dll
0x00007fff2f380000 - 0x00007fff2f39a000 	C:\Program Files\JetBrains\IntelliJ IDEA Community Edition 2024.2.1\bin\breakgen64.dll
0x00007fff39a40000 - 0x00007fff39a49000 	C:\Users\farre\.jdks\corretto-21.0.4\bin\extnet.dll
0x00007fff2c5b0000 - 0x00007fff2c62b000 	C:\Users\farre\AppData\Local\Temp\lwjgl_farre\3.3.4+7\x64\lwjgl.dll
0x00007fff06a10000 - 0x00007fff06a95000 	C:\Users\farre\AppData\Local\Temp\lwjgl_farre\3.3.4+7\x64\glfw.dll
0x00007fff0d6a0000 - 0x00007fff0d6eb000 	C:\Windows\SYSTEM32\dinput8.dll
0x00007fff2e700000 - 0x00007fff2e712000 	C:\Windows\SYSTEM32\xinput1_4.dll
0x00007fff4e3b0000 - 0x00007fff4e40f000 	C:\Windows\SYSTEM32\cfgmgr32.dll
0x00007fff4e380000 - 0x00007fff4e3ad000 	C:\Windows\SYSTEM32\DEVOBJ.dll
0x00007fff4b920000 - 0x00007fff4b94e000 	C:\Windows\SYSTEM32\dwmapi.dll
0x00007fff39ec0000 - 0x00007fff3a09c000 	C:\Windows\SYSTEM32\inputhost.dll
0x00007fff49100000 - 0x00007fff49225000 	C:\Windows\SYSTEM32\CoreMessaging.dll
0x00007fff4b520000 - 0x00007fff4b5cd000 	C:\Windows\system32\uxtheme.dll
0x00007fff4f520000 - 0x00007fff4f67b000 	C:\Windows\System32\MSCTF.dll
0x00007fff4dd40000 - 0x00007fff4dd4c000 	C:\Windows\SYSTEM32\CRYPTBASE.DLL
0x00007ffeb5980000 - 0x00007ffeb5a8c000 	C:\Windows\SYSTEM32\opengl32.dll
0x00007fff3bcd0000 - 0x00007fff3bcfd000 	C:\Windows\SYSTEM32\GLU32.dll
0x00007fff4b700000 - 0x00007fff4b740000 	C:\Windows\SYSTEM32\dxcore.dll
0x00007fff36540000 - 0x00007fff3655a000 	C:\Windows\SYSTEM32\windows.staterepositorycore.dll
0x00007ffeb3390000 - 0x00007ffeb5978000 	C:\Windows\System32\DriverStore\FileRepository\nv_dispi.inf_amd64_dcf94619172aceb0\nvoglv64.dll
0x00007fff4fea0000 - 0x00007fff50325000 	C:\Windows\System32\SETUPAPI.dll
0x00007fff503b0000 - 0x00007fff50549000 	C:\Windows\System32\ole32.dll
0x00007fff49960000 - 0x00007fff49975000 	C:\Windows\SYSTEM32\WTSAPI32.dll
0x00007fff4df20000 - 0x00007fff4df33000 	C:\Windows\SYSTEM32\msasn1.dll
0x00007fff45270000 - 0x00007fff452ab000 	C:\Windows\SYSTEM32\cryptnet.dll
0x00007fff4f000000 - 0x00007fff4f176000 	C:\Windows\System32\CRYPT32.dll
0x00007fff4dde0000 - 0x00007fff4de3d000 	C:\Windows\SYSTEM32\wldp.dll
0x00007fff450d0000 - 0x00007fff45241000 	C:\Windows\SYSTEM32\drvstore.dll
0x00007fff4ed70000 - 0x00007fff4edea000 	C:\Windows\System32\WINTRUST.dll
0x00007fff4d640000 - 0x00007fff4d675000 	C:\Windows\SYSTEM32\ntmarta.dll
0x00007fff4f690000 - 0x00007fff4f6b0000 	C:\Windows\System32\imagehlp.dll
0x00007fff4dec0000 - 0x00007fff4dedc000 	C:\Windows\SYSTEM32\CRYPTSP.dll
0x00007fff4d480000 - 0x00007fff4d4b8000 	C:\Windows\system32\rsaenh.dll
0x00007fff4e050000 - 0x00007fff4e076000 	C:\Windows\SYSTEM32\bcrypt.dll
0x00007fff42d20000 - 0x00007fff44d0e000 	C:\Windows\System32\DriverStore\FileRepository\nv_dispi.inf_amd64_dcf94619172aceb0\nvgpucomp64.dll
0x00007fff1cb80000 - 0x00007fff1ce7d000 	C:\Windows\system32\nvspcap64.dll
0x00007fff4d840000 - 0x00007fff4d89e000 	C:\Windows\SYSTEM32\WINSTA.dll
0x00007fff11690000 - 0x00007fff116f1000 	C:\Users\farre\AppData\Local\Temp\lwjgl_farre\3.3.4+7\x64\lwjgl_opengl.dll

dbghelp: loaded successfully - version: 4.0.5 - missing functions: none
symbol engine: initialized successfully - sym options: 0x614 - pdb path: .;C:\Users\farre\.jdks\corretto-21.0.4\bin;C:\Windows\SYSTEM32;C:\Windows\WinSxS\amd64_microsoft.windows.common-controls_6595b64144ccf1df_6.0.26100.1882_none_3e0e949ae32eca40;C:\Users\farre\.jdks\corretto-21.0.4\bin\server;C:\Program Files\JetBrains\IntelliJ IDEA Community Edition 2024.2.1\bin;C:\Users\farre\AppData\Local\Temp\lwjgl_farre\3.3.4+7\x64;C:\Windows\System32\DriverStore\FileRepository\nv_dispi.inf_amd64_dcf94619172aceb0

VM Arguments:
jvm_args: --add-exports=java.base/java.lang=ALL-UNNAMED --add-exports=java.desktop/sun.awt=ALL-UNNAMED --add-exports=java.desktop/sun.java2d=ALL-UNNAMED -javaagent:C:\Program Files\JetBrains\IntelliJ IDEA Community Edition 2024.2.1\lib\idea_rt.jar=56702:C:\Program Files\JetBrains\IntelliJ IDEA Community Edition 2024.2.1\bin -Dfile.encoding=UTF-8 -Dsun.stdout.encoding=UTF-8 -Dsun.stderr.encoding=UTF-8 
java_command: uk.co.jamesj999.sonic.Engine
java_class_path (initial): C:\Users\farre\IdeaProjects\sonic-engine\target\classes;C:\Users\farre\.m2\repository\org\apache\commons\commons-lang3\3.17.0\commons-lang3-3.17.0.jar;C:\Users\farre\.m2\repository\org\lwjgl\lwjgl\3.3.4\lwjgl-3.3.4.jar;C:\Users\farre\.m2\repository\org\lwjgl\lwjgl-assimp\3.3.4\lwjgl-assimp-3.3.4.jar;C:\Users\farre\.m2\repository\org\lwjgl\lwjgl-glfw\3.3.4\lwjgl-glfw-3.3.4.jar;C:\Users\farre\.m2\repository\org\lwjgl\lwjgl-openal\3.3.4\lwjgl-openal-3.3.4.jar;C:\Users\farre\.m2\repository\org\lwjgl\lwjgl-opengl\3.3.4\lwjgl-opengl-3.3.4.jar;C:\Users\farre\.m2\repository\org\lwjgl\lwjgl-stb\3.3.4\lwjgl-stb-3.3.4.jar;C:\Users\farre\.m2\repository\org\lwjgl\lwjgl\3.3.4\lwjgl-3.3.4-natives-windows.jar;C:\Users\farre\.m2\repository\org\lwjgl\lwjgl-assimp\3.3.4\lwjgl-assimp-3.3.4-natives-windows.jar;C:\Users\farre\.m2\repository\org\lwjgl\lwjgl-glfw\3.3.4\lwjgl-glfw-3.3.4-natives-windows.jar;C:\Users\farre\.m2\repository\org\lwjgl\lwjgl-openal\3.3.4\lwjgl-openal-3.3.4-natives-windows.jar;C:\Users\farre\.m2\repository\org\lwjgl\lwjgl-opengl\3.3.4\lwjgl-opengl-3.3.4-natives-windows.jar;C:\Users\farre\.m2\repository\org\lwjgl\lwjgl-stb\3.3.4\lwjgl-stb-3.3.4-natives-windows.jar
Launcher Type: SUN_STANDARD

[Global flags]
     intx CICompilerCount                          = 15                                        {product} {ergonomic}
     uint ConcGCThreads                            = 6                                         {product} {ergonomic}
     uint G1ConcRefinementThreads                  = 23                                        {product} {ergonomic}
   size_t G1HeapRegionSize                         = 4194304                                   {product} {ergonomic}
    uintx GCDrainStackTargetSize                   = 64                                        {product} {ergonomic}
   size_t InitialHeapSize                          = 524288000                                 {product} {ergonomic}
   size_t MarkStackSize                            = 4194304                                   {product} {ergonomic}
   size_t MaxHeapSize                              = 8350859264                                {product} {ergonomic}
   size_t MaxNewSize                               = 5007998976                                {product} {ergonomic}
   size_t MinHeapDeltaBytes                        = 4194304                                   {product} {ergonomic}
   size_t MinHeapSize                              = 8388608                                   {product} {ergonomic}
    uintx NonNMethodCodeHeapSize                   = 8192380                                {pd product} {ergonomic}
    uintx NonProfiledCodeHeapSize                  = 121732930                              {pd product} {ergonomic}
    uintx ProfiledCodeHeapSize                     = 121732930                              {pd product} {ergonomic}
    uintx ReservedCodeCacheSize                    = 251658240                              {pd product} {ergonomic}
     bool SegmentedCodeCache                       = true                                      {product} {ergonomic}
   size_t SoftMaxHeapSize                          = 8350859264                             {manageable} {ergonomic}
     bool UseCompressedOops                        = true                           {product lp64_product} {ergonomic}
     bool UseG1GC                                  = true                                      {product} {ergonomic}
     bool UseLargePagesIndividualAllocation        = false                                  {pd product} {ergonomic}

Logging:
Log output configuration:
 #0: stdout all=warning uptime,level,tags foldmultilines=false
 #1: stderr all=off uptime,level,tags foldmultilines=false

Environment Variables:
JAVA_HOME=C:\Program Files\Eclipse Adoptium\jre-21.0.4.7-hotspot\
PATH=C:\Program Files\Eclipse Adoptium\jdk-21.0.4.7-hotspot\bin;C:\Program Files\Eclipse Adoptium\jre-17.0.12.7-hotspot\bin;C:\Program Files\Eclipse Adoptium\jre-21.0.4.7-hotspot\bin;C:\Windows\system32;C:\Windows;C:\Windows\System32\Wbem;C:\Windows\System32\WindowsPowerShell\v1.0\;C:\Windows\System32\OpenSSH\;C:\Program Files (x86)\NVIDIA Corporation\PhysX\Common;C:\Program Files\dotnet\;C:\Program Files\NVIDIA Corporation\NVIDIA app\NvDLISR;C:\Program Files (x86)\Gpg4win\..\GnuPG\bin;C:\Program Files (x86)\Windows Kits\8.1\Windows Performance Toolkit\;C:\Program Files\Git\cmd;C:\Users\farre\AppData\Local\Programs\Python\Python312\Scripts\;C:\Users\farre\AppData\Local\Programs\Python\Python312\;C:\Users\farre\AppData\Local\Microsoft\WindowsApps;
USERNAME=farre
OS=Windows_NT
PROCESSOR_IDENTIFIER=AMD64 Family 26 Model 68 Stepping 0, AuthenticAMD
TMP=C:\Users\farre\AppData\Local\Temp
TEMP=C:\Users\farre\AppData\Local\Temp




Periodic native trim disabled

---------------  S Y S T E M  ---------------

OS:
 Windows 11 , 64 bit Build 26100 (10.0.26100.1882)
OS uptime: 0 days 11:14 hours
Hyper-V role detected

CPU: total 32 (initial active 32) (32 cores per cpu, 2 threads per core) family 26 model 68 stepping 0 microcode 0xb404022, cx8, cmov, fxsr, ht, mmx, 3dnowpref, sse, sse2, sse3, ssse3, sse4a, sse4.1, sse4.2, popcnt, lzcnt, tsc, tscinvbit, avx, avx2, aes, erms, clmul, bmi1, bmi2, adx, avx512f, avx512dq, avx512cd, avx512bw, avx512vl, sha, fma, vzeroupper, avx512_vpopcntdq, avx512_vpclmulqdq, avx512_vaes, avx512_vnni, clflush, clflushopt, avx512_vbmi2, avx512_vbmi, hv, rdtscp, rdpid, fsrm, gfni, avx512_bitalg, f16c, cet_ss, avx512_ifma
Processor Information for all 32 processors :
  Max Mhz: 4300, Current Mhz: 4300, Mhz Limit: 4300

Memory: 4k page, system-wide physical 31848M (12966M free)
TotalPageFile size 51304M (AvailPageFile size 21081M)
current process WorkingSet (physical memory assigned to process): 92M, peak: 92M
current process commit charge ("private bytes"): 698M, peak: 698M

vm_info: OpenJDK 64-Bit Server VM (21.0.4+7-LTS) for windows-amd64 JRE (21.0.4+7-LTS), built on 2024-07-10T17:34:29Z by "Administrator" with MS VC++ 16.10 / 16.11 (VS2019)

END.
